[2025-10-27T08:59:34.624+0000] {local_task_job_runner.py:120} INFO - ::group::Pre task execution logs
[2025-10-27T08:59:34.663+0000] {taskinstance.py:2076} INFO - Dependencies all met for dep_context=non-requeueable deps ti=<TaskInstance: dataco_supply_chain_pipeline.dbt_run_core manual__2025-10-27T08:57:01.081751+00:00 [queued]>
[2025-10-27T08:59:34.674+0000] {taskinstance.py:2076} INFO - Dependencies all met for dep_context=requeueable deps ti=<TaskInstance: dataco_supply_chain_pipeline.dbt_run_core manual__2025-10-27T08:57:01.081751+00:00 [queued]>
[2025-10-27T08:59:34.676+0000] {taskinstance.py:2306} INFO - Starting attempt 1 of 1
[2025-10-27T08:59:34.691+0000] {taskinstance.py:2330} INFO - Executing <Task(BashOperator): dbt_run_core> on 2025-10-27 08:57:01.081751+00:00
[2025-10-27T08:59:34.698+0000] {standard_task_runner.py:64} INFO - Started process 535 to run task
[2025-10-27T08:59:34.701+0000] {standard_task_runner.py:90} INFO - Running: ['***', 'tasks', 'run', 'dataco_supply_chain_pipeline', 'dbt_run_core', 'manual__2025-10-27T08:57:01.081751+00:00', '--job-id', '46', '--raw', '--subdir', 'DAGS_FOLDER/DataCo_pipeline_DAG.py', '--cfg-path', '/tmp/tmpxfa6yl0k']
[2025-10-27T08:59:34.704+0000] {standard_task_runner.py:91} INFO - Job 46: Subtask dbt_run_core
[2025-10-27T08:59:34.765+0000] {task_command.py:426} INFO - Running <TaskInstance: dataco_supply_chain_pipeline.dbt_run_core manual__2025-10-27T08:57:01.081751+00:00 [running]> on host 787267c1a4b2
[2025-10-27T08:59:34.881+0000] {taskinstance.py:2648} INFO - Exporting env vars: AIRFLOW_CTX_DAG_EMAIL='bi@example.com' AIRFLOW_CTX_DAG_OWNER='DE-team' AIRFLOW_CTX_DAG_ID='dataco_supply_chain_pipeline' AIRFLOW_CTX_TASK_ID='dbt_run_core' AIRFLOW_CTX_EXECUTION_DATE='2025-10-27T08:57:01.081751+00:00' AIRFLOW_CTX_TRY_NUMBER='1' AIRFLOW_CTX_DAG_RUN_ID='manual__2025-10-27T08:57:01.081751+00:00'
[2025-10-27T08:59:34.883+0000] {taskinstance.py:430} INFO - ::endgroup::
[2025-10-27T08:59:34.896+0000] {subprocess.py:63} INFO - Tmp dir root location: /tmp
[2025-10-27T08:59:34.898+0000] {subprocess.py:75} INFO - Running command: ['/usr/bin/bash', '-c', 'cd /usr/app/supply_chain_core && dbt run --select core']
[2025-10-27T08:59:34.910+0000] {subprocess.py:86} INFO - Output:
[2025-10-27T08:59:40.092+0000] {subprocess.py:93} INFO - [0m08:59:40  Running with dbt=1.9.1
[2025-10-27T08:59:40.600+0000] {subprocess.py:93} INFO - [0m08:59:40  Registered adapter: postgres=1.9.1
[2025-10-27T08:59:44.026+0000] {subprocess.py:93} INFO - [0m08:59:44  Found 10 models, 35 data tests, 1 source, 550 macros
[2025-10-27T08:59:44.038+0000] {subprocess.py:93} INFO - [0m08:59:44
[2025-10-27T08:59:44.042+0000] {subprocess.py:93} INFO - [0m08:59:44  Concurrency: 1 threads (target='dev')
[2025-10-27T08:59:44.047+0000] {subprocess.py:93} INFO - [0m08:59:44
[2025-10-27T08:59:44.318+0000] {subprocess.py:93} INFO - [0m08:59:44  1 of 10 START sql table model core_core.categories ............................. [RUN]
[2025-10-27T08:59:44.756+0000] {subprocess.py:93} INFO - [0m08:59:44  1 of 10 OK created sql table model core_core.categories ........................ [[32mSELECT 51[0m in 0.43s]
[2025-10-27T08:59:44.765+0000] {subprocess.py:93} INFO - [0m08:59:44  2 of 10 START sql table model core_core.customers .............................. [RUN]
[2025-10-27T08:59:45.135+0000] {subprocess.py:93} INFO - [0m08:59:45  2 of 10 OK created sql table model core_core.customers ......................... [[32mSELECT 20652[0m in 0.36s]
[2025-10-27T08:59:45.146+0000] {subprocess.py:93} INFO - [0m08:59:45  3 of 10 START sql table model core_core.delivery_status ........................ [RUN]
[2025-10-27T08:59:45.351+0000] {subprocess.py:93} INFO - [0m08:59:45  3 of 10 OK created sql table model core_core.delivery_status ................... [[32mSELECT 4[0m in 0.20s]
[2025-10-27T08:59:45.361+0000] {subprocess.py:93} INFO - [0m08:59:45  4 of 10 START sql table model core_core.departments ............................ [RUN]
[2025-10-27T08:59:45.563+0000] {subprocess.py:93} INFO - [0m08:59:45  4 of 10 OK created sql table model core_core.departments ....................... [[32mSELECT 11[0m in 0.20s]
[2025-10-27T08:59:45.571+0000] {subprocess.py:93} INFO - [0m08:59:45  5 of 10 START sql table model core_core.location ............................... [RUN]
[2025-10-27T08:59:46.286+0000] {subprocess.py:93} INFO - [0m08:59:46  5 of 10 OK created sql table model core_core.location .......................... [[32mSELECT 64990[0m in 0.71s]
[2025-10-27T08:59:46.297+0000] {subprocess.py:93} INFO - [0m08:59:46  6 of 10 START sql table model core_core.order_items ............................ [RUN]
[2025-10-27T08:59:46.875+0000] {subprocess.py:93} INFO - [0m08:59:46  6 of 10 OK created sql table model core_core.order_items ....................... [[32mSELECT 180519[0m in 0.57s]
[2025-10-27T08:59:46.887+0000] {subprocess.py:93} INFO - [0m08:59:46  7 of 10 START sql table model core_core.products ............................... [RUN]
[2025-10-27T08:59:47.119+0000] {subprocess.py:93} INFO - [0m08:59:47  7 of 10 OK created sql table model core_core.products .......................... [[32mSELECT 118[0m in 0.23s]
[2025-10-27T08:59:47.128+0000] {subprocess.py:93} INFO - [0m08:59:47  8 of 10 START sql table model core_core.shipping_mode .......................... [RUN]
[2025-10-27T08:59:47.325+0000] {subprocess.py:93} INFO - [0m08:59:47  8 of 10 OK created sql table model core_core.shipping_mode ..................... [[32mSELECT 4[0m in 0.19s]
[2025-10-27T08:59:47.336+0000] {subprocess.py:93} INFO - [0m08:59:47  9 of 10 START sql table model core_core.orders ................................. [RUN]
[2025-10-27T08:59:49.273+0000] {subprocess.py:93} INFO - [0m08:59:49  9 of 10 OK created sql table model core_core.orders ............................ [[32mSELECT 65752[0m in 1.93s]
[2025-10-27T08:59:49.283+0000] {subprocess.py:93} INFO - [0m08:59:49  10 of 10 START sql table model core_core.shipping .............................. [RUN]
[2025-10-27T08:59:49.851+0000] {subprocess.py:93} INFO - [0m08:59:49  10 of 10 OK created sql table model core_core.shipping ......................... [[32mSELECT 65752[0m in 0.56s]
[2025-10-27T08:59:49.918+0000] {subprocess.py:93} INFO - [0m08:59:49
[2025-10-27T08:59:49.922+0000] {subprocess.py:93} INFO - [0m08:59:49  Finished running 10 table models in 0 hours 0 minutes and 5.87 seconds (5.87s).
[2025-10-27T08:59:50.098+0000] {subprocess.py:93} INFO - [0m08:59:50
[2025-10-27T08:59:50.101+0000] {subprocess.py:93} INFO - [0m08:59:50  [32mCompleted successfully[0m
[2025-10-27T08:59:50.104+0000] {subprocess.py:93} INFO - [0m08:59:50
[2025-10-27T08:59:50.107+0000] {subprocess.py:93} INFO - [0m08:59:50  Done. PASS=10 WARN=0 ERROR=0 SKIP=0 TOTAL=10
[2025-10-27T08:59:53.140+0000] {subprocess.py:97} INFO - Command exited with return code 0
[2025-10-27T08:59:53.141+0000] {taskinstance.py:441} INFO - ::group::Post task execution logs
[2025-10-27T08:59:53.185+0000] {taskinstance.py:1206} INFO - Marking task as SUCCESS. dag_id=dataco_supply_chain_pipeline, task_id=dbt_run_core, run_id=manual__2025-10-27T08:57:01.081751+00:00, execution_date=20251027T085701, start_date=20251027T085934, end_date=20251027T085953
[2025-10-27T08:59:53.217+0000] {local_task_job_runner.py:243} INFO - Task exited with return code 0
[2025-10-27T08:59:53.264+0000] {taskinstance.py:3503} INFO - 1 downstream tasks scheduled from follow-on schedule check
[2025-10-27T08:59:53.267+0000] {local_task_job_runner.py:222} INFO - ::endgroup::
