[2025-10-25T07:16:31.971+0000] {local_task_job_runner.py:120} INFO - ::group::Pre task execution logs
[2025-10-25T07:16:32.056+0000] {taskinstance.py:2076} INFO - Dependencies all met for dep_context=non-requeueable deps ti=<TaskInstance: dataco_supplychain_pipeline.dbt_run_core manual__2025-10-25T07:16:28.960609+00:00 [queued]>
[2025-10-25T07:16:32.083+0000] {taskinstance.py:2076} INFO - Dependencies all met for dep_context=requeueable deps ti=<TaskInstance: dataco_supplychain_pipeline.dbt_run_core manual__2025-10-25T07:16:28.960609+00:00 [queued]>
[2025-10-25T07:16:32.085+0000] {taskinstance.py:2306} INFO - Starting attempt 1 of 1
[2025-10-25T07:16:32.119+0000] {taskinstance.py:2330} INFO - Executing <Task(BashOperator): dbt_run_core> on 2025-10-25 07:16:28.960609+00:00
[2025-10-25T07:16:32.134+0000] {standard_task_runner.py:64} INFO - Started process 127 to run task
[2025-10-25T07:16:32.138+0000] {standard_task_runner.py:90} INFO - Running: ['***', 'tasks', 'run', 'dataco_supplychain_pipeline', 'dbt_run_core', 'manual__2025-10-25T07:16:28.960609+00:00', '--job-id', '3', '--raw', '--subdir', 'DAGS_FOLDER/pipeline_1.py', '--cfg-path', '/tmp/tmptfzk_5w3']
[2025-10-25T07:16:32.143+0000] {standard_task_runner.py:91} INFO - Job 3: Subtask dbt_run_core
[2025-10-25T07:16:32.341+0000] {task_command.py:426} INFO - Running <TaskInstance: dataco_supplychain_pipeline.dbt_run_core manual__2025-10-25T07:16:28.960609+00:00 [running]> on host f562512c7776
[2025-10-25T07:16:32.688+0000] {taskinstance.py:2648} INFO - Exporting env vars: AIRFLOW_CTX_DAG_EMAIL='bi@example.com' AIRFLOW_CTX_DAG_OWNER='DE-team' AIRFLOW_CTX_DAG_ID='dataco_supplychain_pipeline' AIRFLOW_CTX_TASK_ID='dbt_run_core' AIRFLOW_CTX_EXECUTION_DATE='2025-10-25T07:16:28.960609+00:00' AIRFLOW_CTX_TRY_NUMBER='1' AIRFLOW_CTX_DAG_RUN_ID='manual__2025-10-25T07:16:28.960609+00:00'
[2025-10-25T07:16:32.691+0000] {taskinstance.py:430} INFO - ::endgroup::
[2025-10-25T07:16:32.765+0000] {subprocess.py:63} INFO - Tmp dir root location: /tmp
[2025-10-25T07:16:32.784+0000] {subprocess.py:75} INFO - Running command: ['/usr/bin/bash', '-c', 'cd /usr/app/supply_chain_core && dbt run --select core']
[2025-10-25T07:16:32.819+0000] {subprocess.py:86} INFO - Output:
[2025-10-25T07:16:39.828+0000] {subprocess.py:93} INFO - [0m07:16:39  Running with dbt=1.9.1
[2025-10-25T07:16:40.552+0000] {subprocess.py:93} INFO - [0m07:16:40  Registered adapter: postgres=1.9.1
[2025-10-25T07:16:43.811+0000] {subprocess.py:93} INFO - [0m07:16:43  Found 10 models, 35 data tests, 1 source, 548 macros
[2025-10-25T07:16:43.874+0000] {subprocess.py:93} INFO - [0m07:16:43
[2025-10-25T07:16:43.883+0000] {subprocess.py:93} INFO - [0m07:16:43  Concurrency: 1 threads (target='dev')
[2025-10-25T07:16:43.887+0000] {subprocess.py:93} INFO - [0m07:16:43
[2025-10-25T07:16:44.151+0000] {subprocess.py:93} INFO - [0m07:16:44  1 of 10 START sql table model core_core.categories ............................. [RUN]
[2025-10-25T07:16:44.910+0000] {subprocess.py:93} INFO - [0m07:16:44  1 of 10 OK created sql table model core_core.categories ........................ [[32mSELECT 51[0m in 0.75s]
[2025-10-25T07:16:44.924+0000] {subprocess.py:93} INFO - [0m07:16:44  2 of 10 START sql table model core_core.customers .............................. [RUN]
[2025-10-25T07:16:45.500+0000] {subprocess.py:93} INFO - [0m07:16:45  2 of 10 OK created sql table model core_core.customers ......................... [[32mSELECT 20652[0m in 0.57s]
[2025-10-25T07:16:45.513+0000] {subprocess.py:93} INFO - [0m07:16:45  3 of 10 START sql table model core_core.delivery_status ........................ [RUN]
[2025-10-25T07:16:45.927+0000] {subprocess.py:93} INFO - [0m07:16:45  3 of 10 OK created sql table model core_core.delivery_status ................... [[32mSELECT 4[0m in 0.41s]
[2025-10-25T07:16:45.938+0000] {subprocess.py:93} INFO - [0m07:16:45  4 of 10 START sql table model core_core.departments ............................ [RUN]
[2025-10-25T07:16:46.240+0000] {subprocess.py:93} INFO - [0m07:16:46  4 of 10 OK created sql table model core_core.departments ....................... [[32mSELECT 11[0m in 0.29s]
[2025-10-25T07:16:46.250+0000] {subprocess.py:93} INFO - [0m07:16:46  5 of 10 START sql table model core_core.location ............................... [RUN]
[2025-10-25T07:16:47.189+0000] {subprocess.py:93} INFO - [0m07:16:47  5 of 10 OK created sql table model core_core.location .......................... [[32mSELECT 64990[0m in 0.93s]
[2025-10-25T07:16:47.201+0000] {subprocess.py:93} INFO - [0m07:16:47  6 of 10 START sql table model core_core.order_items ............................ [RUN]
[2025-10-25T07:16:47.915+0000] {subprocess.py:93} INFO - [0m07:16:47  6 of 10 OK created sql table model core_core.order_items ....................... [[32mSELECT 180519[0m in 0.71s]
[2025-10-25T07:16:47.926+0000] {subprocess.py:93} INFO - [0m07:16:47  7 of 10 START sql table model core_core.products ............................... [RUN]
[2025-10-25T07:16:48.302+0000] {subprocess.py:93} INFO - [0m07:16:48  7 of 10 OK created sql table model core_core.products .......................... [[32mSELECT 118[0m in 0.37s]
[2025-10-25T07:16:48.312+0000] {subprocess.py:93} INFO - [0m07:16:48  8 of 10 START sql table model core_core.shipping_mode .......................... [RUN]
[2025-10-25T07:16:48.534+0000] {subprocess.py:93} INFO - [0m07:16:48  8 of 10 OK created sql table model core_core.shipping_mode ..................... [[32mSELECT 4[0m in 0.22s]
[2025-10-25T07:16:48.543+0000] {subprocess.py:93} INFO - [0m07:16:48  9 of 10 START sql table model core_core.orders ................................. [RUN]
[2025-10-25T07:16:50.613+0000] {subprocess.py:93} INFO - [0m07:16:50  9 of 10 OK created sql table model core_core.orders ............................ [[32mSELECT 65752[0m in 2.06s]
[2025-10-25T07:16:50.623+0000] {subprocess.py:93} INFO - [0m07:16:50  10 of 10 START sql table model core_core.shipping .............................. [RUN]
[2025-10-25T07:16:51.606+0000] {subprocess.py:93} INFO - [0m07:16:51  10 of 10 OK created sql table model core_core.shipping ......................... [[32mSELECT 65752[0m in 0.98s]
[2025-10-25T07:16:51.653+0000] {subprocess.py:93} INFO - [0m07:16:51
[2025-10-25T07:16:51.657+0000] {subprocess.py:93} INFO - [0m07:16:51  Finished running 10 table models in 0 hours 0 minutes and 7.76 seconds (7.76s).
[2025-10-25T07:16:51.789+0000] {subprocess.py:93} INFO - [0m07:16:51
[2025-10-25T07:16:51.792+0000] {subprocess.py:93} INFO - [0m07:16:51  [32mCompleted successfully[0m
[2025-10-25T07:16:51.795+0000] {subprocess.py:93} INFO - [0m07:16:51
[2025-10-25T07:16:51.798+0000] {subprocess.py:93} INFO - [0m07:16:51  Done. PASS=10 WARN=0 ERROR=0 SKIP=0 TOTAL=10
[2025-10-25T07:16:54.088+0000] {subprocess.py:97} INFO - Command exited with return code 0
[2025-10-25T07:16:54.089+0000] {taskinstance.py:441} INFO - ::group::Post task execution logs
[2025-10-25T07:16:54.125+0000] {taskinstance.py:1206} INFO - Marking task as SUCCESS. dag_id=dataco_supplychain_pipeline, task_id=dbt_run_core, run_id=manual__2025-10-25T07:16:28.960609+00:00, execution_date=20251025T071628, start_date=20251025T071632, end_date=20251025T071654
[2025-10-25T07:16:54.179+0000] {local_task_job_runner.py:243} INFO - Task exited with return code 0
[2025-10-25T07:16:54.204+0000] {taskinstance.py:3503} INFO - 1 downstream tasks scheduled from follow-on schedule check
[2025-10-25T07:16:54.206+0000] {local_task_job_runner.py:222} INFO - ::endgroup::
