[2025-10-27T09:19:47.643+0000] {local_task_job_runner.py:120} INFO - ::group::Pre task execution logs
[2025-10-27T09:19:47.686+0000] {taskinstance.py:2076} INFO - Dependencies all met for dep_context=non-requeueable deps ti=<TaskInstance: dataco_supply_chain_pipeline.dbt_deps_core manual__2025-10-27T09:17:38.631282+00:00 [queued]>
[2025-10-27T09:19:47.698+0000] {taskinstance.py:2076} INFO - Dependencies all met for dep_context=requeueable deps ti=<TaskInstance: dataco_supply_chain_pipeline.dbt_deps_core manual__2025-10-27T09:17:38.631282+00:00 [queued]>
[2025-10-27T09:19:47.699+0000] {taskinstance.py:2306} INFO - Starting attempt 1 of 1
[2025-10-27T09:19:47.718+0000] {taskinstance.py:2330} INFO - Executing <Task(BashOperator): dbt_deps_core> on 2025-10-27 09:17:38.631282+00:00
[2025-10-27T09:19:47.727+0000] {standard_task_runner.py:64} INFO - Started process 517 to run task
[2025-10-27T09:19:47.730+0000] {standard_task_runner.py:90} INFO - Running: ['***', 'tasks', 'run', 'dataco_supply_chain_pipeline', 'dbt_deps_core', 'manual__2025-10-27T09:17:38.631282+00:00', '--job-id', '58', '--raw', '--subdir', 'DAGS_FOLDER/DataCo_pipeline_DAG.py', '--cfg-path', '/tmp/tmpqz1z16qy']
[2025-10-27T09:19:47.732+0000] {standard_task_runner.py:91} INFO - Job 58: Subtask dbt_deps_core
[2025-10-27T09:19:47.800+0000] {task_command.py:426} INFO - Running <TaskInstance: dataco_supply_chain_pipeline.dbt_deps_core manual__2025-10-27T09:17:38.631282+00:00 [running]> on host d83e985f9bb6
[2025-10-27T09:19:47.924+0000] {taskinstance.py:2648} INFO - Exporting env vars: AIRFLOW_CTX_DAG_EMAIL='bi@example.com' AIRFLOW_CTX_DAG_OWNER='DE-team' AIRFLOW_CTX_DAG_ID='dataco_supply_chain_pipeline' AIRFLOW_CTX_TASK_ID='dbt_deps_core' AIRFLOW_CTX_EXECUTION_DATE='2025-10-27T09:17:38.631282+00:00' AIRFLOW_CTX_TRY_NUMBER='1' AIRFLOW_CTX_DAG_RUN_ID='manual__2025-10-27T09:17:38.631282+00:00'
[2025-10-27T09:19:47.926+0000] {taskinstance.py:430} INFO - ::endgroup::
[2025-10-27T09:19:47.938+0000] {subprocess.py:63} INFO - Tmp dir root location: /tmp
[2025-10-27T09:19:47.939+0000] {subprocess.py:75} INFO - Running command: ['/usr/bin/bash', '-c', 'cd /usr/app/supply_chain_core && dbt deps']
[2025-10-27T09:19:47.953+0000] {subprocess.py:86} INFO - Output:
[2025-10-27T09:19:52.430+0000] {subprocess.py:93} INFO - [0m09:19:52  Running with dbt=1.9.1
[2025-10-27T09:19:53.669+0000] {subprocess.py:93} INFO - [0m09:19:53  Installing dbt-labs/dbt_utils
[2025-10-27T09:20:03.121+0000] {subprocess.py:93} INFO - [0m09:20:03  Installed from version 1.3.1
[2025-10-27T09:20:03.123+0000] {subprocess.py:93} INFO - [0m09:20:03  Up to date!
[2025-10-27T09:20:05.316+0000] {subprocess.py:97} INFO - Command exited with return code 0
[2025-10-27T09:20:05.317+0000] {taskinstance.py:441} INFO - ::group::Post task execution logs
[2025-10-27T09:20:05.354+0000] {taskinstance.py:1206} INFO - Marking task as SUCCESS. dag_id=dataco_supply_chain_pipeline, task_id=dbt_deps_core, run_id=manual__2025-10-27T09:17:38.631282+00:00, execution_date=20251027T091738, start_date=20251027T091947, end_date=20251027T092005
[2025-10-27T09:20:05.384+0000] {local_task_job_runner.py:243} INFO - Task exited with return code 0
[2025-10-27T09:20:05.424+0000] {taskinstance.py:3503} INFO - 1 downstream tasks scheduled from follow-on schedule check
[2025-10-27T09:20:05.427+0000] {local_task_job_runner.py:222} INFO - ::endgroup::
