[2025-10-25T19:48:18.888+0000] {local_task_job_runner.py:120} INFO - ::group::Pre task execution logs
[2025-10-25T19:48:18.944+0000] {taskinstance.py:2076} INFO - Dependencies all met for dep_context=non-requeueable deps ti=<TaskInstance: dataco_supply_chain_pipeline.dbt_run_mart manual__2025-10-25T19:46:15.549389+00:00 [queued]>
[2025-10-25T19:48:18.959+0000] {taskinstance.py:2076} INFO - Dependencies all met for dep_context=requeueable deps ti=<TaskInstance: dataco_supply_chain_pipeline.dbt_run_mart manual__2025-10-25T19:46:15.549389+00:00 [queued]>
[2025-10-25T19:48:18.961+0000] {taskinstance.py:2306} INFO - Starting attempt 1 of 1
[2025-10-25T19:48:18.994+0000] {taskinstance.py:2330} INFO - Executing <Task(BashOperator): dbt_run_mart> on 2025-10-25 19:46:15.549389+00:00
[2025-10-25T19:48:19.006+0000] {standard_task_runner.py:64} INFO - Started process 335 to run task
[2025-10-25T19:48:19.010+0000] {standard_task_runner.py:90} INFO - Running: ['***', 'tasks', 'run', 'dataco_supply_chain_pipeline', 'dbt_run_mart', 'manual__2025-10-25T19:46:15.549389+00:00', '--job-id', '24', '--raw', '--subdir', 'DAGS_FOLDER/DataCo_pipeline_DAG.py', '--cfg-path', '/tmp/tmpom63vf_o']
[2025-10-25T19:48:19.015+0000] {standard_task_runner.py:91} INFO - Job 24: Subtask dbt_run_mart
[2025-10-25T19:48:19.105+0000] {task_command.py:426} INFO - Running <TaskInstance: dataco_supply_chain_pipeline.dbt_run_mart manual__2025-10-25T19:46:15.549389+00:00 [running]> on host cb6b571dc9d3
[2025-10-25T19:48:19.262+0000] {taskinstance.py:2648} INFO - Exporting env vars: AIRFLOW_CTX_DAG_EMAIL='bi@example.com' AIRFLOW_CTX_DAG_OWNER='DE-team' AIRFLOW_CTX_DAG_ID='dataco_supply_chain_pipeline' AIRFLOW_CTX_TASK_ID='dbt_run_mart' AIRFLOW_CTX_EXECUTION_DATE='2025-10-25T19:46:15.549389+00:00' AIRFLOW_CTX_TRY_NUMBER='1' AIRFLOW_CTX_DAG_RUN_ID='manual__2025-10-25T19:46:15.549389+00:00'
[2025-10-25T19:48:19.264+0000] {taskinstance.py:430} INFO - ::endgroup::
[2025-10-25T19:48:19.281+0000] {subprocess.py:63} INFO - Tmp dir root location: /tmp
[2025-10-25T19:48:19.283+0000] {subprocess.py:75} INFO - Running command: ['/usr/bin/bash', '-c', 'cd /usr/app/supply_chain_mart && dbt run --select mart']
[2025-10-25T19:48:19.299+0000] {subprocess.py:86} INFO - Output:
[2025-10-25T19:48:24.918+0000] {subprocess.py:93} INFO - [0m19:48:24  Running with dbt=1.9.1
[2025-10-25T19:48:25.453+0000] {subprocess.py:93} INFO - [0m19:48:25  Registered adapter: postgres=1.9.1
[2025-10-25T19:48:28.130+0000] {subprocess.py:93} INFO - [0m19:48:28  Found 9 models, 25 data tests, 10 sources, 550 macros
[2025-10-25T19:48:28.138+0000] {subprocess.py:93} INFO - [0m19:48:28
[2025-10-25T19:48:28.141+0000] {subprocess.py:93} INFO - [0m19:48:28  Concurrency: 1 threads (target='dev')
[2025-10-25T19:48:28.143+0000] {subprocess.py:93} INFO - [0m19:48:28
[2025-10-25T19:48:28.361+0000] {subprocess.py:93} INFO - [0m19:48:28  1 of 9 START sql table model mart_mart.dim_Customer ............................ [RUN]
[2025-10-25T19:48:28.726+0000] {subprocess.py:93} INFO - [0m19:48:28  1 of 9 OK created sql table model mart_mart.dim_Customer ....................... [[32mSELECT 20652[0m in 0.36s]
[2025-10-25T19:48:28.733+0000] {subprocess.py:93} INFO - [0m19:48:28  2 of 9 START sql table model mart_mart.dim_Date ................................ [RUN]
[2025-10-25T19:48:29.031+0000] {subprocess.py:93} INFO - [0m19:48:29  2 of 9 OK created sql table model mart_mart.dim_Date ........................... [[32mSELECT 1133[0m in 0.29s]
[2025-10-25T19:48:29.041+0000] {subprocess.py:93} INFO - [0m19:48:29  3 of 9 START sql table model mart_mart.dim_DeliveryStatus ...................... [RUN]
[2025-10-25T19:48:29.252+0000] {subprocess.py:93} INFO - [0m19:48:29  3 of 9 OK created sql table model mart_mart.dim_DeliveryStatus ................. [[32mSELECT 4[0m in 0.20s]
[2025-10-25T19:48:29.262+0000] {subprocess.py:93} INFO - [0m19:48:29  4 of 9 START sql table model mart_mart.dim_Location ............................ [RUN]
[2025-10-25T19:48:29.589+0000] {subprocess.py:93} INFO - [0m19:48:29  4 of 9 OK created sql table model mart_mart.dim_Location ....................... [[32mSELECT 64990[0m in 0.32s]
[2025-10-25T19:48:29.597+0000] {subprocess.py:93} INFO - [0m19:48:29  5 of 9 START sql table model mart_mart.dim_OrderStatus ......................... [RUN]
[2025-10-25T19:48:29.779+0000] {subprocess.py:93} INFO - [0m19:48:29  5 of 9 OK created sql table model mart_mart.dim_OrderStatus .................... [[32mSELECT 9[0m in 0.18s]
[2025-10-25T19:48:29.787+0000] {subprocess.py:93} INFO - [0m19:48:29  6 of 9 START sql table model mart_mart.dim_Product ............................. [RUN]
[2025-10-25T19:48:29.928+0000] {subprocess.py:93} INFO - [0m19:48:29  6 of 9 OK created sql table model mart_mart.dim_Product ........................ [[32mSELECT 118[0m in 0.14s]
[2025-10-25T19:48:29.937+0000] {subprocess.py:93} INFO - [0m19:48:29  7 of 9 START sql table model mart_mart.dim_ShippingMode ........................ [RUN]
[2025-10-25T19:48:30.090+0000] {subprocess.py:93} INFO - [0m19:48:30  7 of 9 OK created sql table model mart_mart.dim_ShippingMode ................... [[32mSELECT 4[0m in 0.15s]
[2025-10-25T19:48:30.097+0000] {subprocess.py:93} INFO - [0m19:48:30  8 of 9 START sql table model mart_mart.fct_sales_items ......................... [RUN]
[2025-10-25T19:48:31.049+0000] {subprocess.py:93} INFO - [0m19:48:31  8 of 9 OK created sql table model mart_mart.fct_sales_items .................... [[32mSELECT 180519[0m in 0.95s]
[2025-10-25T19:48:31.056+0000] {subprocess.py:93} INFO - [0m19:48:31  9 of 9 START sql table model mart_mart.fct_shipping_orders ..................... [RUN]
[2025-10-25T19:48:31.674+0000] {subprocess.py:93} INFO - [0m19:48:31  9 of 9 OK created sql table model mart_mart.fct_shipping_orders ................ [[32mSELECT 65752[0m in 0.61s]
[2025-10-25T19:48:31.712+0000] {subprocess.py:93} INFO - [0m19:48:31
[2025-10-25T19:48:31.715+0000] {subprocess.py:93} INFO - [0m19:48:31  Finished running 9 table models in 0 hours 0 minutes and 3.57 seconds (3.57s).
[2025-10-25T19:48:31.834+0000] {subprocess.py:93} INFO - [0m19:48:31
[2025-10-25T19:48:31.836+0000] {subprocess.py:93} INFO - [0m19:48:31  [32mCompleted successfully[0m
[2025-10-25T19:48:31.838+0000] {subprocess.py:93} INFO - [0m19:48:31
[2025-10-25T19:48:31.841+0000] {subprocess.py:93} INFO - [0m19:48:31  Done. PASS=9 WARN=0 ERROR=0 SKIP=0 TOTAL=9
[2025-10-25T19:48:34.226+0000] {subprocess.py:97} INFO - Command exited with return code 0
[2025-10-25T19:48:34.227+0000] {taskinstance.py:441} INFO - ::group::Post task execution logs
[2025-10-25T19:48:34.274+0000] {taskinstance.py:1206} INFO - Marking task as SUCCESS. dag_id=dataco_supply_chain_pipeline, task_id=dbt_run_mart, run_id=manual__2025-10-25T19:46:15.549389+00:00, execution_date=20251025T194615, start_date=20251025T194818, end_date=20251025T194834
[2025-10-25T19:48:34.303+0000] {local_task_job_runner.py:243} INFO - Task exited with return code 0
[2025-10-25T19:48:34.337+0000] {taskinstance.py:3503} INFO - 1 downstream tasks scheduled from follow-on schedule check
[2025-10-25T19:48:34.339+0000] {local_task_job_runner.py:222} INFO - ::endgroup::
