[2025-10-27T09:18:42.279+0000] {local_task_job_runner.py:120} INFO - ::group::Pre task execution logs
[2025-10-27T09:18:42.339+0000] {taskinstance.py:2076} INFO - Dependencies all met for dep_context=non-requeueable deps ti=<TaskInstance: dataco_supply_chain_pipeline.gx_add_data_source manual__2025-10-27T09:17:38.631282+00:00 [queued]>
[2025-10-27T09:18:42.361+0000] {taskinstance.py:2076} INFO - Dependencies all met for dep_context=requeueable deps ti=<TaskInstance: dataco_supply_chain_pipeline.gx_add_data_source manual__2025-10-27T09:17:38.631282+00:00 [queued]>
[2025-10-27T09:18:42.363+0000] {taskinstance.py:2306} INFO - Starting attempt 1 of 1
[2025-10-27T09:18:42.384+0000] {taskinstance.py:2330} INFO - Executing <Task(BashOperator): gx_add_data_source> on 2025-10-27 09:17:38.631282+00:00
[2025-10-27T09:18:42.393+0000] {standard_task_runner.py:64} INFO - Started process 391 to run task
[2025-10-27T09:18:42.396+0000] {standard_task_runner.py:90} INFO - Running: ['***', 'tasks', 'run', 'dataco_supply_chain_pipeline', 'gx_add_data_source', 'manual__2025-10-27T09:17:38.631282+00:00', '--job-id', '54', '--raw', '--subdir', 'DAGS_FOLDER/DataCo_pipeline_DAG.py', '--cfg-path', '/tmp/tmpnkyjwd4q']
[2025-10-27T09:18:42.399+0000] {standard_task_runner.py:91} INFO - Job 54: Subtask gx_add_data_source
[2025-10-27T09:18:42.472+0000] {task_command.py:426} INFO - Running <TaskInstance: dataco_supply_chain_pipeline.gx_add_data_source manual__2025-10-27T09:17:38.631282+00:00 [running]> on host d83e985f9bb6
[2025-10-27T09:18:42.610+0000] {taskinstance.py:2648} INFO - Exporting env vars: AIRFLOW_CTX_DAG_EMAIL='bi@example.com' AIRFLOW_CTX_DAG_OWNER='DE-team' AIRFLOW_CTX_DAG_ID='dataco_supply_chain_pipeline' AIRFLOW_CTX_TASK_ID='gx_add_data_source' AIRFLOW_CTX_EXECUTION_DATE='2025-10-27T09:17:38.631282+00:00' AIRFLOW_CTX_TRY_NUMBER='1' AIRFLOW_CTX_DAG_RUN_ID='manual__2025-10-27T09:17:38.631282+00:00'
[2025-10-27T09:18:42.612+0000] {taskinstance.py:430} INFO - ::endgroup::
[2025-10-27T09:18:42.625+0000] {subprocess.py:63} INFO - Tmp dir root location: /tmp
[2025-10-27T09:18:42.626+0000] {subprocess.py:75} INFO - Running command: ['/usr/bin/bash', '-c', 'cd /workspace && python gx_scripts/add_datasource.py']
[2025-10-27T09:18:42.642+0000] {subprocess.py:86} INFO - Output:
[2025-10-27T09:18:51.133+0000] {subprocess.py:93} INFO - ✅ Datasource and all assets are ready.
[2025-10-27T09:18:52.616+0000] {subprocess.py:97} INFO - Command exited with return code 0
[2025-10-27T09:18:52.623+0000] {taskinstance.py:441} INFO - ::group::Post task execution logs
[2025-10-27T09:18:52.727+0000] {taskinstance.py:1206} INFO - Marking task as SUCCESS. dag_id=dataco_supply_chain_pipeline, task_id=gx_add_data_source, run_id=manual__2025-10-27T09:17:38.631282+00:00, execution_date=20251027T091738, start_date=20251027T091842, end_date=20251027T091852
[2025-10-27T09:18:52.810+0000] {local_task_job_runner.py:243} INFO - Task exited with return code 0
[2025-10-27T09:18:52.937+0000] {taskinstance.py:3503} INFO - 1 downstream tasks scheduled from follow-on schedule check
[2025-10-27T09:18:52.942+0000] {local_task_job_runner.py:222} INFO - ::endgroup::
