[2025-10-27T08:52:13.891+0000] {processor.py:161} INFO - Started process (PID=74) to work on /opt/airflow/dags/DataCo_pipeline_DAG.py
[2025-10-27T08:52:13.893+0000] {processor.py:830} INFO - Processing file /opt/airflow/dags/DataCo_pipeline_DAG.py for tasks to queue
[2025-10-27T08:52:13.898+0000] {logging_mixin.py:188} INFO - [2025-10-27T08:52:13.897+0000] {dagbag.py:545} INFO - Filling up the DagBag from /opt/airflow/dags/DataCo_pipeline_DAG.py
[2025-10-27T08:52:15.336+0000] {processor.py:840} INFO - DAG(s) 'dataco_supply_chain_pipeline' retrieved from /opt/airflow/dags/DataCo_pipeline_DAG.py
[2025-10-27T08:52:15.426+0000] {logging_mixin.py:188} INFO - [2025-10-27T08:52:15.425+0000] {dag.py:3089} INFO - Sync 1 DAGs
[2025-10-27T08:52:15.467+0000] {logging_mixin.py:188} INFO - [2025-10-27T08:52:15.464+0000] {dag.py:3947} INFO - Setting next_dagrun for dataco_supply_chain_pipeline to None, run_after=None
[2025-10-27T08:52:15.537+0000] {processor.py:183} INFO - Processing /opt/airflow/dags/DataCo_pipeline_DAG.py took 1.669 seconds
[2025-10-27T08:52:45.633+0000] {processor.py:161} INFO - Started process (PID=93) to work on /opt/airflow/dags/DataCo_pipeline_DAG.py
[2025-10-27T08:52:45.634+0000] {processor.py:830} INFO - Processing file /opt/airflow/dags/DataCo_pipeline_DAG.py for tasks to queue
[2025-10-27T08:52:45.636+0000] {logging_mixin.py:188} INFO - [2025-10-27T08:52:45.636+0000] {dagbag.py:545} INFO - Filling up the DagBag from /opt/airflow/dags/DataCo_pipeline_DAG.py
[2025-10-27T08:52:46.046+0000] {processor.py:840} INFO - DAG(s) 'dataco_supply_chain_pipeline' retrieved from /opt/airflow/dags/DataCo_pipeline_DAG.py
[2025-10-27T08:52:46.177+0000] {logging_mixin.py:188} INFO - [2025-10-27T08:52:46.176+0000] {dag.py:3089} INFO - Sync 1 DAGs
[2025-10-27T08:52:46.191+0000] {logging_mixin.py:188} INFO - [2025-10-27T08:52:46.191+0000] {dag.py:3947} INFO - Setting next_dagrun for dataco_supply_chain_pipeline to None, run_after=None
[2025-10-27T08:52:46.227+0000] {processor.py:183} INFO - Processing /opt/airflow/dags/DataCo_pipeline_DAG.py took 0.601 seconds
[2025-10-27T08:53:16.510+0000] {processor.py:161} INFO - Started process (PID=105) to work on /opt/airflow/dags/DataCo_pipeline_DAG.py
[2025-10-27T08:53:16.512+0000] {processor.py:830} INFO - Processing file /opt/airflow/dags/DataCo_pipeline_DAG.py for tasks to queue
[2025-10-27T08:53:16.515+0000] {logging_mixin.py:188} INFO - [2025-10-27T08:53:16.514+0000] {dagbag.py:545} INFO - Filling up the DagBag from /opt/airflow/dags/DataCo_pipeline_DAG.py
[2025-10-27T08:53:17.134+0000] {processor.py:840} INFO - DAG(s) 'dataco_supply_chain_pipeline' retrieved from /opt/airflow/dags/DataCo_pipeline_DAG.py
[2025-10-27T08:53:17.177+0000] {logging_mixin.py:188} INFO - [2025-10-27T08:53:17.177+0000] {dag.py:3089} INFO - Sync 1 DAGs
[2025-10-27T08:53:17.197+0000] {logging_mixin.py:188} INFO - [2025-10-27T08:53:17.197+0000] {dag.py:3947} INFO - Setting next_dagrun for dataco_supply_chain_pipeline to None, run_after=None
[2025-10-27T08:53:17.237+0000] {processor.py:183} INFO - Processing /opt/airflow/dags/DataCo_pipeline_DAG.py took 0.735 seconds
[2025-10-27T08:53:47.344+0000] {processor.py:161} INFO - Started process (PID=117) to work on /opt/airflow/dags/DataCo_pipeline_DAG.py
[2025-10-27T08:53:47.346+0000] {processor.py:830} INFO - Processing file /opt/airflow/dags/DataCo_pipeline_DAG.py for tasks to queue
[2025-10-27T08:53:47.348+0000] {logging_mixin.py:188} INFO - [2025-10-27T08:53:47.347+0000] {dagbag.py:545} INFO - Filling up the DagBag from /opt/airflow/dags/DataCo_pipeline_DAG.py
[2025-10-27T08:53:47.829+0000] {processor.py:840} INFO - DAG(s) 'dataco_supply_chain_pipeline' retrieved from /opt/airflow/dags/DataCo_pipeline_DAG.py
[2025-10-27T08:53:47.869+0000] {logging_mixin.py:188} INFO - [2025-10-27T08:53:47.869+0000] {dag.py:3089} INFO - Sync 1 DAGs
[2025-10-27T08:53:47.886+0000] {logging_mixin.py:188} INFO - [2025-10-27T08:53:47.886+0000] {dag.py:3947} INFO - Setting next_dagrun for dataco_supply_chain_pipeline to None, run_after=None
[2025-10-27T08:53:47.913+0000] {processor.py:183} INFO - Processing /opt/airflow/dags/DataCo_pipeline_DAG.py took 0.577 seconds
[2025-10-27T08:54:18.200+0000] {processor.py:161} INFO - Started process (PID=129) to work on /opt/airflow/dags/DataCo_pipeline_DAG.py
[2025-10-27T08:54:18.202+0000] {processor.py:830} INFO - Processing file /opt/airflow/dags/DataCo_pipeline_DAG.py for tasks to queue
[2025-10-27T08:54:18.204+0000] {logging_mixin.py:188} INFO - [2025-10-27T08:54:18.204+0000] {dagbag.py:545} INFO - Filling up the DagBag from /opt/airflow/dags/DataCo_pipeline_DAG.py
[2025-10-27T08:54:18.609+0000] {processor.py:840} INFO - DAG(s) 'dataco_supply_chain_pipeline' retrieved from /opt/airflow/dags/DataCo_pipeline_DAG.py
[2025-10-27T08:54:18.650+0000] {logging_mixin.py:188} INFO - [2025-10-27T08:54:18.650+0000] {dag.py:3089} INFO - Sync 1 DAGs
[2025-10-27T08:54:18.669+0000] {logging_mixin.py:188} INFO - [2025-10-27T08:54:18.669+0000] {dag.py:3947} INFO - Setting next_dagrun for dataco_supply_chain_pipeline to None, run_after=None
[2025-10-27T08:54:18.703+0000] {processor.py:183} INFO - Processing /opt/airflow/dags/DataCo_pipeline_DAG.py took 0.513 seconds
[2025-10-27T08:54:48.958+0000] {processor.py:161} INFO - Started process (PID=149) to work on /opt/airflow/dags/DataCo_pipeline_DAG.py
[2025-10-27T08:54:48.959+0000] {processor.py:830} INFO - Processing file /opt/airflow/dags/DataCo_pipeline_DAG.py for tasks to queue
[2025-10-27T08:54:48.962+0000] {logging_mixin.py:188} INFO - [2025-10-27T08:54:48.962+0000] {dagbag.py:545} INFO - Filling up the DagBag from /opt/airflow/dags/DataCo_pipeline_DAG.py
[2025-10-27T08:54:49.369+0000] {processor.py:840} INFO - DAG(s) 'dataco_supply_chain_pipeline' retrieved from /opt/airflow/dags/DataCo_pipeline_DAG.py
[2025-10-27T08:54:49.411+0000] {logging_mixin.py:188} INFO - [2025-10-27T08:54:49.410+0000] {dag.py:3089} INFO - Sync 1 DAGs
[2025-10-27T08:54:49.430+0000] {logging_mixin.py:188} INFO - [2025-10-27T08:54:49.430+0000] {dag.py:3947} INFO - Setting next_dagrun for dataco_supply_chain_pipeline to None, run_after=None
[2025-10-27T08:54:49.466+0000] {processor.py:183} INFO - Processing /opt/airflow/dags/DataCo_pipeline_DAG.py took 0.518 seconds
[2025-10-27T08:55:19.728+0000] {processor.py:161} INFO - Started process (PID=163) to work on /opt/airflow/dags/DataCo_pipeline_DAG.py
[2025-10-27T08:55:19.729+0000] {processor.py:830} INFO - Processing file /opt/airflow/dags/DataCo_pipeline_DAG.py for tasks to queue
[2025-10-27T08:55:19.730+0000] {logging_mixin.py:188} INFO - [2025-10-27T08:55:19.730+0000] {dagbag.py:545} INFO - Filling up the DagBag from /opt/airflow/dags/DataCo_pipeline_DAG.py
[2025-10-27T08:55:20.180+0000] {processor.py:840} INFO - DAG(s) 'dataco_supply_chain_pipeline' retrieved from /opt/airflow/dags/DataCo_pipeline_DAG.py
[2025-10-27T08:55:20.225+0000] {logging_mixin.py:188} INFO - [2025-10-27T08:55:20.225+0000] {dag.py:3089} INFO - Sync 1 DAGs
[2025-10-27T08:55:20.243+0000] {logging_mixin.py:188} INFO - [2025-10-27T08:55:20.242+0000] {dag.py:3947} INFO - Setting next_dagrun for dataco_supply_chain_pipeline to None, run_after=None
[2025-10-27T08:55:20.274+0000] {processor.py:183} INFO - Processing /opt/airflow/dags/DataCo_pipeline_DAG.py took 0.552 seconds
[2025-10-27T08:55:25.285+0000] {processor.py:161} INFO - Started process (PID=175) to work on /opt/airflow/dags/DataCo_pipeline_DAG.py
[2025-10-27T08:55:25.286+0000] {processor.py:830} INFO - Processing file /opt/airflow/dags/DataCo_pipeline_DAG.py for tasks to queue
[2025-10-27T08:55:25.289+0000] {logging_mixin.py:188} INFO - [2025-10-27T08:55:25.288+0000] {dagbag.py:545} INFO - Filling up the DagBag from /opt/airflow/dags/DataCo_pipeline_DAG.py
[2025-10-27T08:55:25.819+0000] {logging_mixin.py:188} INFO - [2025-10-27T08:55:25.806+0000] {dagbag.py:355} ERROR - Failed to import: /opt/airflow/dags/DataCo_pipeline_DAG.py
Traceback (most recent call last):
  File "/usr/local/lib/python3.10/site-packages/airflow/models/dagbag.py", line 351, in parse
    loader.exec_module(new_module)
  File "<frozen importlib._bootstrap_external>", line 883, in exec_module
  File "<frozen importlib._bootstrap>", line 241, in _call_with_frames_removed
  File "/opt/airflow/dags/DataCo_pipeline_DAG.py", line 124, in <module>
    dbt_run_core = BashOperator(
  File "/usr/local/lib/python3.10/site-packages/airflow/models/baseoperator.py", line 485, in apply_defaults
    result = func(self, **kwargs, default_args=default_args)
  File "/usr/local/lib/python3.10/site-packages/airflow/operators/bash.py", line 152, in __init__
    super().__init__(**kwargs)
  File "/usr/local/lib/python3.10/site-packages/airflow/models/baseoperator.py", line 485, in apply_defaults
    result = func(self, **kwargs, default_args=default_args)
  File "/usr/local/lib/python3.10/site-packages/airflow/models/baseoperator.py", line 900, in __init__
    task_group.add(self)
  File "/usr/local/lib/python3.10/site-packages/airflow/utils/task_group.py", line 232, in add
    raise DuplicateTaskIdFound(f"{node_type} id '{key}' has already been added to the DAG")
airflow.exceptions.DuplicateTaskIdFound: Task id 'dbt_run_core' has already been added to the DAG
[2025-10-27T08:55:25.820+0000] {processor.py:842} WARNING - No viable dags retrieved from /opt/airflow/dags/DataCo_pipeline_DAG.py
[2025-10-27T08:55:25.849+0000] {processor.py:183} INFO - Processing /opt/airflow/dags/DataCo_pipeline_DAG.py took 0.572 seconds
[2025-10-27T08:55:28.963+0000] {processor.py:161} INFO - Started process (PID=187) to work on /opt/airflow/dags/DataCo_pipeline_DAG.py
[2025-10-27T08:55:28.964+0000] {processor.py:830} INFO - Processing file /opt/airflow/dags/DataCo_pipeline_DAG.py for tasks to queue
[2025-10-27T08:55:28.967+0000] {logging_mixin.py:188} INFO - [2025-10-27T08:55:28.966+0000] {dagbag.py:545} INFO - Filling up the DagBag from /opt/airflow/dags/DataCo_pipeline_DAG.py
[2025-10-27T08:55:29.658+0000] {logging_mixin.py:188} INFO - [2025-10-27T08:55:29.649+0000] {dagbag.py:355} ERROR - Failed to import: /opt/airflow/dags/DataCo_pipeline_DAG.py
Traceback (most recent call last):
  File "/usr/local/lib/python3.10/site-packages/airflow/models/dagbag.py", line 351, in parse
    loader.exec_module(new_module)
  File "<frozen importlib._bootstrap_external>", line 883, in exec_module
  File "<frozen importlib._bootstrap>", line 241, in _call_with_frames_removed
  File "/opt/airflow/dags/DataCo_pipeline_DAG.py", line 124, in <module>
    dbt_run_core = BashOperator(
  File "/usr/local/lib/python3.10/site-packages/airflow/models/baseoperator.py", line 485, in apply_defaults
    result = func(self, **kwargs, default_args=default_args)
  File "/usr/local/lib/python3.10/site-packages/airflow/operators/bash.py", line 152, in __init__
    super().__init__(**kwargs)
  File "/usr/local/lib/python3.10/site-packages/airflow/models/baseoperator.py", line 485, in apply_defaults
    result = func(self, **kwargs, default_args=default_args)
  File "/usr/local/lib/python3.10/site-packages/airflow/models/baseoperator.py", line 900, in __init__
    task_group.add(self)
  File "/usr/local/lib/python3.10/site-packages/airflow/utils/task_group.py", line 232, in add
    raise DuplicateTaskIdFound(f"{node_type} id '{key}' has already been added to the DAG")
airflow.exceptions.DuplicateTaskIdFound: Task id 'dbt_run_core' has already been added to the DAG
[2025-10-27T08:55:29.659+0000] {processor.py:842} WARNING - No viable dags retrieved from /opt/airflow/dags/DataCo_pipeline_DAG.py
[2025-10-27T08:55:29.687+0000] {processor.py:183} INFO - Processing /opt/airflow/dags/DataCo_pipeline_DAG.py took 0.735 seconds
[2025-10-27T08:55:30.780+0000] {processor.py:161} INFO - Started process (PID=199) to work on /opt/airflow/dags/DataCo_pipeline_DAG.py
[2025-10-27T08:55:30.782+0000] {processor.py:830} INFO - Processing file /opt/airflow/dags/DataCo_pipeline_DAG.py for tasks to queue
[2025-10-27T08:55:30.784+0000] {logging_mixin.py:188} INFO - [2025-10-27T08:55:30.784+0000] {dagbag.py:545} INFO - Filling up the DagBag from /opt/airflow/dags/DataCo_pipeline_DAG.py
[2025-10-27T08:55:31.409+0000] {logging_mixin.py:188} INFO - [2025-10-27T08:55:31.400+0000] {dagbag.py:355} ERROR - Failed to import: /opt/airflow/dags/DataCo_pipeline_DAG.py
Traceback (most recent call last):
  File "/usr/local/lib/python3.10/site-packages/airflow/models/dagbag.py", line 351, in parse
    loader.exec_module(new_module)
  File "<frozen importlib._bootstrap_external>", line 883, in exec_module
  File "<frozen importlib._bootstrap>", line 241, in _call_with_frames_removed
  File "/opt/airflow/dags/DataCo_pipeline_DAG.py", line 124, in <module>
    dbt_run_core = BashOperator(
  File "/usr/local/lib/python3.10/site-packages/airflow/models/baseoperator.py", line 485, in apply_defaults
    result = func(self, **kwargs, default_args=default_args)
  File "/usr/local/lib/python3.10/site-packages/airflow/operators/bash.py", line 152, in __init__
    super().__init__(**kwargs)
  File "/usr/local/lib/python3.10/site-packages/airflow/models/baseoperator.py", line 485, in apply_defaults
    result = func(self, **kwargs, default_args=default_args)
  File "/usr/local/lib/python3.10/site-packages/airflow/models/baseoperator.py", line 900, in __init__
    task_group.add(self)
  File "/usr/local/lib/python3.10/site-packages/airflow/utils/task_group.py", line 232, in add
    raise DuplicateTaskIdFound(f"{node_type} id '{key}' has already been added to the DAG")
airflow.exceptions.DuplicateTaskIdFound: Task id 'dbt_run_core' has already been added to the DAG
[2025-10-27T08:55:31.410+0000] {processor.py:842} WARNING - No viable dags retrieved from /opt/airflow/dags/DataCo_pipeline_DAG.py
[2025-10-27T08:55:31.442+0000] {processor.py:183} INFO - Processing /opt/airflow/dags/DataCo_pipeline_DAG.py took 0.672 seconds
[2025-10-27T08:55:36.492+0000] {processor.py:161} INFO - Started process (PID=211) to work on /opt/airflow/dags/DataCo_pipeline_DAG.py
[2025-10-27T08:55:36.494+0000] {processor.py:830} INFO - Processing file /opt/airflow/dags/DataCo_pipeline_DAG.py for tasks to queue
[2025-10-27T08:55:36.496+0000] {logging_mixin.py:188} INFO - [2025-10-27T08:55:36.496+0000] {dagbag.py:545} INFO - Filling up the DagBag from /opt/airflow/dags/DataCo_pipeline_DAG.py
[2025-10-27T08:55:37.053+0000] {logging_mixin.py:188} INFO - [2025-10-27T08:55:37.047+0000] {dagbag.py:355} ERROR - Failed to import: /opt/airflow/dags/DataCo_pipeline_DAG.py
Traceback (most recent call last):
  File "/usr/local/lib/python3.10/site-packages/airflow/models/dagbag.py", line 351, in parse
    loader.exec_module(new_module)
  File "<frozen importlib._bootstrap_external>", line 883, in exec_module
  File "<frozen importlib._bootstrap>", line 241, in _call_with_frames_removed
  File "/opt/airflow/dags/DataCo_pipeline_DAG.py", line 124, in <module>
    dbt_run_core = BashOperator(
  File "/usr/local/lib/python3.10/site-packages/airflow/models/baseoperator.py", line 485, in apply_defaults
    result = func(self, **kwargs, default_args=default_args)
  File "/usr/local/lib/python3.10/site-packages/airflow/operators/bash.py", line 152, in __init__
    super().__init__(**kwargs)
  File "/usr/local/lib/python3.10/site-packages/airflow/models/baseoperator.py", line 485, in apply_defaults
    result = func(self, **kwargs, default_args=default_args)
  File "/usr/local/lib/python3.10/site-packages/airflow/models/baseoperator.py", line 900, in __init__
    task_group.add(self)
  File "/usr/local/lib/python3.10/site-packages/airflow/utils/task_group.py", line 232, in add
    raise DuplicateTaskIdFound(f"{node_type} id '{key}' has already been added to the DAG")
airflow.exceptions.DuplicateTaskIdFound: Task id 'dbt_run_core' has already been added to the DAG
[2025-10-27T08:55:37.054+0000] {processor.py:842} WARNING - No viable dags retrieved from /opt/airflow/dags/DataCo_pipeline_DAG.py
[2025-10-27T08:55:37.084+0000] {processor.py:183} INFO - Processing /opt/airflow/dags/DataCo_pipeline_DAG.py took 0.600 seconds
[2025-10-27T08:55:45.214+0000] {processor.py:161} INFO - Started process (PID=223) to work on /opt/airflow/dags/DataCo_pipeline_DAG.py
[2025-10-27T08:55:45.215+0000] {processor.py:830} INFO - Processing file /opt/airflow/dags/DataCo_pipeline_DAG.py for tasks to queue
[2025-10-27T08:55:45.218+0000] {logging_mixin.py:188} INFO - [2025-10-27T08:55:45.217+0000] {dagbag.py:545} INFO - Filling up the DagBag from /opt/airflow/dags/DataCo_pipeline_DAG.py
[2025-10-27T08:55:45.756+0000] {processor.py:840} INFO - DAG(s) 'dataco_supply_chain_pipeline' retrieved from /opt/airflow/dags/DataCo_pipeline_DAG.py
[2025-10-27T08:55:45.875+0000] {logging_mixin.py:188} INFO - [2025-10-27T08:55:45.875+0000] {dag.py:3089} INFO - Sync 1 DAGs
[2025-10-27T08:55:45.888+0000] {logging_mixin.py:188} INFO - [2025-10-27T08:55:45.887+0000] {dag.py:3947} INFO - Setting next_dagrun for dataco_supply_chain_pipeline to None, run_after=None
[2025-10-27T08:55:45.922+0000] {processor.py:183} INFO - Processing /opt/airflow/dags/DataCo_pipeline_DAG.py took 0.720 seconds
[2025-10-27T08:55:51.034+0000] {processor.py:161} INFO - Started process (PID=235) to work on /opt/airflow/dags/DataCo_pipeline_DAG.py
[2025-10-27T08:55:51.035+0000] {processor.py:830} INFO - Processing file /opt/airflow/dags/DataCo_pipeline_DAG.py for tasks to queue
[2025-10-27T08:55:51.038+0000] {logging_mixin.py:188} INFO - [2025-10-27T08:55:51.037+0000] {dagbag.py:545} INFO - Filling up the DagBag from /opt/airflow/dags/DataCo_pipeline_DAG.py
[2025-10-27T08:55:51.475+0000] {logging_mixin.py:188} INFO - [2025-10-27T08:55:51.469+0000] {dagbag.py:355} ERROR - Failed to import: /opt/airflow/dags/DataCo_pipeline_DAG.py
Traceback (most recent call last):
  File "/usr/local/lib/python3.10/site-packages/airflow/models/dagbag.py", line 351, in parse
    loader.exec_module(new_module)
  File "<frozen importlib._bootstrap_external>", line 883, in exec_module
  File "<frozen importlib._bootstrap>", line 241, in _call_with_frames_removed
  File "/opt/airflow/dags/DataCo_pipeline_DAG.py", line 132, in <module>
    dbt_deps_core = BashOperator(
  File "/usr/local/lib/python3.10/site-packages/airflow/models/baseoperator.py", line 485, in apply_defaults
    result = func(self, **kwargs, default_args=default_args)
  File "/usr/local/lib/python3.10/site-packages/airflow/operators/bash.py", line 152, in __init__
    super().__init__(**kwargs)
  File "/usr/local/lib/python3.10/site-packages/airflow/models/baseoperator.py", line 485, in apply_defaults
    result = func(self, **kwargs, default_args=default_args)
  File "/usr/local/lib/python3.10/site-packages/airflow/models/baseoperator.py", line 900, in __init__
    task_group.add(self)
  File "/usr/local/lib/python3.10/site-packages/airflow/utils/task_group.py", line 232, in add
    raise DuplicateTaskIdFound(f"{node_type} id '{key}' has already been added to the DAG")
airflow.exceptions.DuplicateTaskIdFound: Task id 'dbt_deps_core' has already been added to the DAG
[2025-10-27T08:55:51.476+0000] {processor.py:842} WARNING - No viable dags retrieved from /opt/airflow/dags/DataCo_pipeline_DAG.py
[2025-10-27T08:55:51.501+0000] {processor.py:183} INFO - Processing /opt/airflow/dags/DataCo_pipeline_DAG.py took 0.474 seconds
[2025-10-27T08:55:56.625+0000] {processor.py:161} INFO - Started process (PID=247) to work on /opt/airflow/dags/DataCo_pipeline_DAG.py
[2025-10-27T08:55:56.626+0000] {processor.py:830} INFO - Processing file /opt/airflow/dags/DataCo_pipeline_DAG.py for tasks to queue
[2025-10-27T08:55:56.629+0000] {logging_mixin.py:188} INFO - [2025-10-27T08:55:56.629+0000] {dagbag.py:545} INFO - Filling up the DagBag from /opt/airflow/dags/DataCo_pipeline_DAG.py
[2025-10-27T08:55:57.111+0000] {processor.py:840} INFO - DAG(s) 'dataco_supply_chain_pipeline' retrieved from /opt/airflow/dags/DataCo_pipeline_DAG.py
[2025-10-27T08:55:57.132+0000] {logging_mixin.py:188} INFO - [2025-10-27T08:55:57.131+0000] {dag.py:3089} INFO - Sync 1 DAGs
[2025-10-27T08:55:57.163+0000] {logging_mixin.py:188} INFO - [2025-10-27T08:55:57.163+0000] {dag.py:3947} INFO - Setting next_dagrun for dataco_supply_chain_pipeline to None, run_after=None
[2025-10-27T08:55:57.207+0000] {processor.py:183} INFO - Processing /opt/airflow/dags/DataCo_pipeline_DAG.py took 0.593 seconds
[2025-10-27T08:56:13.215+0000] {processor.py:161} INFO - Started process (PID=259) to work on /opt/airflow/dags/DataCo_pipeline_DAG.py
[2025-10-27T08:56:13.217+0000] {processor.py:830} INFO - Processing file /opt/airflow/dags/DataCo_pipeline_DAG.py for tasks to queue
[2025-10-27T08:56:13.220+0000] {logging_mixin.py:188} INFO - [2025-10-27T08:56:13.219+0000] {dagbag.py:545} INFO - Filling up the DagBag from /opt/airflow/dags/DataCo_pipeline_DAG.py
[2025-10-27T08:56:13.675+0000] {processor.py:840} INFO - DAG(s) 'dataco_supply_chain_pipeline' retrieved from /opt/airflow/dags/DataCo_pipeline_DAG.py
[2025-10-27T08:56:13.692+0000] {logging_mixin.py:188} INFO - [2025-10-27T08:56:13.692+0000] {dag.py:3089} INFO - Sync 1 DAGs
[2025-10-27T08:56:13.707+0000] {logging_mixin.py:188} INFO - [2025-10-27T08:56:13.706+0000] {dag.py:3947} INFO - Setting next_dagrun for dataco_supply_chain_pipeline to None, run_after=None
[2025-10-27T08:56:13.740+0000] {processor.py:183} INFO - Processing /opt/airflow/dags/DataCo_pipeline_DAG.py took 0.533 seconds
[2025-10-27T08:56:16.440+0000] {processor.py:161} INFO - Started process (PID=271) to work on /opt/airflow/dags/DataCo_pipeline_DAG.py
[2025-10-27T08:56:16.441+0000] {processor.py:830} INFO - Processing file /opt/airflow/dags/DataCo_pipeline_DAG.py for tasks to queue
[2025-10-27T08:56:16.443+0000] {logging_mixin.py:188} INFO - [2025-10-27T08:56:16.443+0000] {dagbag.py:545} INFO - Filling up the DagBag from /opt/airflow/dags/DataCo_pipeline_DAG.py
[2025-10-27T08:56:16.837+0000] {processor.py:840} INFO - DAG(s) 'dataco_supply_chain_pipeline' retrieved from /opt/airflow/dags/DataCo_pipeline_DAG.py
[2025-10-27T08:56:16.981+0000] {logging_mixin.py:188} INFO - [2025-10-27T08:56:16.981+0000] {dag.py:3089} INFO - Sync 1 DAGs
[2025-10-27T08:56:16.996+0000] {logging_mixin.py:188} INFO - [2025-10-27T08:56:16.995+0000] {dag.py:3947} INFO - Setting next_dagrun for dataco_supply_chain_pipeline to None, run_after=None
[2025-10-27T08:56:17.030+0000] {processor.py:183} INFO - Processing /opt/airflow/dags/DataCo_pipeline_DAG.py took 0.597 seconds
[2025-10-27T08:56:21.872+0000] {processor.py:161} INFO - Started process (PID=283) to work on /opt/airflow/dags/DataCo_pipeline_DAG.py
[2025-10-27T08:56:21.873+0000] {processor.py:830} INFO - Processing file /opt/airflow/dags/DataCo_pipeline_DAG.py for tasks to queue
[2025-10-27T08:56:21.875+0000] {logging_mixin.py:188} INFO - [2025-10-27T08:56:21.875+0000] {dagbag.py:545} INFO - Filling up the DagBag from /opt/airflow/dags/DataCo_pipeline_DAG.py
[2025-10-27T08:56:22.254+0000] {processor.py:840} INFO - DAG(s) 'dataco_supply_chain_pipeline' retrieved from /opt/airflow/dags/DataCo_pipeline_DAG.py
[2025-10-27T08:56:22.270+0000] {logging_mixin.py:188} INFO - [2025-10-27T08:56:22.270+0000] {dag.py:3089} INFO - Sync 1 DAGs
[2025-10-27T08:56:22.287+0000] {logging_mixin.py:188} INFO - [2025-10-27T08:56:22.287+0000] {dag.py:3947} INFO - Setting next_dagrun for dataco_supply_chain_pipeline to None, run_after=None
[2025-10-27T08:56:22.315+0000] {processor.py:183} INFO - Processing /opt/airflow/dags/DataCo_pipeline_DAG.py took 0.451 seconds
[2025-10-27T08:56:23.133+0000] {processor.py:161} INFO - Started process (PID=295) to work on /opt/airflow/dags/DataCo_pipeline_DAG.py
[2025-10-27T08:56:23.134+0000] {processor.py:830} INFO - Processing file /opt/airflow/dags/DataCo_pipeline_DAG.py for tasks to queue
[2025-10-27T08:56:23.136+0000] {logging_mixin.py:188} INFO - [2025-10-27T08:56:23.136+0000] {dagbag.py:545} INFO - Filling up the DagBag from /opt/airflow/dags/DataCo_pipeline_DAG.py
[2025-10-27T08:56:23.650+0000] {processor.py:840} INFO - DAG(s) 'dataco_supply_chain_pipeline' retrieved from /opt/airflow/dags/DataCo_pipeline_DAG.py
[2025-10-27T08:56:23.677+0000] {logging_mixin.py:188} INFO - [2025-10-27T08:56:23.677+0000] {dag.py:3089} INFO - Sync 1 DAGs
[2025-10-27T08:56:23.703+0000] {logging_mixin.py:188} INFO - [2025-10-27T08:56:23.703+0000] {dag.py:3947} INFO - Setting next_dagrun for dataco_supply_chain_pipeline to None, run_after=None
[2025-10-27T08:56:23.749+0000] {processor.py:183} INFO - Processing /opt/airflow/dags/DataCo_pipeline_DAG.py took 0.622 seconds
[2025-10-27T08:56:54.094+0000] {processor.py:161} INFO - Started process (PID=324) to work on /opt/airflow/dags/DataCo_pipeline_DAG.py
[2025-10-27T08:56:54.097+0000] {processor.py:830} INFO - Processing file /opt/airflow/dags/DataCo_pipeline_DAG.py for tasks to queue
[2025-10-27T08:56:54.101+0000] {logging_mixin.py:188} INFO - [2025-10-27T08:56:54.100+0000] {dagbag.py:545} INFO - Filling up the DagBag from /opt/airflow/dags/DataCo_pipeline_DAG.py
[2025-10-27T08:56:55.133+0000] {processor.py:840} INFO - DAG(s) 'dataco_supply_chain_pipeline' retrieved from /opt/airflow/dags/DataCo_pipeline_DAG.py
[2025-10-27T08:56:55.317+0000] {logging_mixin.py:188} INFO - [2025-10-27T08:56:55.317+0000] {dag.py:3089} INFO - Sync 1 DAGs
[2025-10-27T08:56:55.337+0000] {logging_mixin.py:188} INFO - [2025-10-27T08:56:55.337+0000] {dag.py:3947} INFO - Setting next_dagrun for dataco_supply_chain_pipeline to None, run_after=None
[2025-10-27T08:56:55.374+0000] {processor.py:183} INFO - Processing /opt/airflow/dags/DataCo_pipeline_DAG.py took 1.296 seconds
[2025-10-27T08:57:25.829+0000] {processor.py:161} INFO - Started process (PID=345) to work on /opt/airflow/dags/DataCo_pipeline_DAG.py
[2025-10-27T08:57:25.831+0000] {processor.py:830} INFO - Processing file /opt/airflow/dags/DataCo_pipeline_DAG.py for tasks to queue
[2025-10-27T08:57:25.834+0000] {logging_mixin.py:188} INFO - [2025-10-27T08:57:25.833+0000] {dagbag.py:545} INFO - Filling up the DagBag from /opt/airflow/dags/DataCo_pipeline_DAG.py
[2025-10-27T08:57:26.359+0000] {processor.py:840} INFO - DAG(s) 'dataco_supply_chain_pipeline' retrieved from /opt/airflow/dags/DataCo_pipeline_DAG.py
[2025-10-27T08:57:26.425+0000] {logging_mixin.py:188} INFO - [2025-10-27T08:57:26.425+0000] {dag.py:3089} INFO - Sync 1 DAGs
[2025-10-27T08:57:26.453+0000] {logging_mixin.py:188} INFO - [2025-10-27T08:57:26.452+0000] {dag.py:3947} INFO - Setting next_dagrun for dataco_supply_chain_pipeline to None, run_after=None
[2025-10-27T08:57:26.492+0000] {processor.py:183} INFO - Processing /opt/airflow/dags/DataCo_pipeline_DAG.py took 0.675 seconds
[2025-10-27T08:57:56.596+0000] {processor.py:161} INFO - Started process (PID=357) to work on /opt/airflow/dags/DataCo_pipeline_DAG.py
[2025-10-27T08:57:56.598+0000] {processor.py:830} INFO - Processing file /opt/airflow/dags/DataCo_pipeline_DAG.py for tasks to queue
[2025-10-27T08:57:56.603+0000] {logging_mixin.py:188} INFO - [2025-10-27T08:57:56.601+0000] {dagbag.py:545} INFO - Filling up the DagBag from /opt/airflow/dags/DataCo_pipeline_DAG.py
[2025-10-27T08:57:57.180+0000] {processor.py:840} INFO - DAG(s) 'dataco_supply_chain_pipeline' retrieved from /opt/airflow/dags/DataCo_pipeline_DAG.py
[2025-10-27T08:57:57.223+0000] {logging_mixin.py:188} INFO - [2025-10-27T08:57:57.223+0000] {dag.py:3089} INFO - Sync 1 DAGs
[2025-10-27T08:57:57.247+0000] {logging_mixin.py:188} INFO - [2025-10-27T08:57:57.247+0000] {dag.py:3947} INFO - Setting next_dagrun for dataco_supply_chain_pipeline to None, run_after=None
[2025-10-27T08:57:57.285+0000] {processor.py:183} INFO - Processing /opt/airflow/dags/DataCo_pipeline_DAG.py took 0.707 seconds
[2025-10-27T08:58:27.578+0000] {processor.py:161} INFO - Started process (PID=427) to work on /opt/airflow/dags/DataCo_pipeline_DAG.py
[2025-10-27T08:58:27.580+0000] {processor.py:830} INFO - Processing file /opt/airflow/dags/DataCo_pipeline_DAG.py for tasks to queue
[2025-10-27T08:58:27.584+0000] {logging_mixin.py:188} INFO - [2025-10-27T08:58:27.583+0000] {dagbag.py:545} INFO - Filling up the DagBag from /opt/airflow/dags/DataCo_pipeline_DAG.py
[2025-10-27T08:58:28.178+0000] {processor.py:840} INFO - DAG(s) 'dataco_supply_chain_pipeline' retrieved from /opt/airflow/dags/DataCo_pipeline_DAG.py
[2025-10-27T08:58:28.246+0000] {logging_mixin.py:188} INFO - [2025-10-27T08:58:28.246+0000] {dag.py:3089} INFO - Sync 1 DAGs
[2025-10-27T08:58:28.287+0000] {logging_mixin.py:188} INFO - [2025-10-27T08:58:28.287+0000] {dag.py:3947} INFO - Setting next_dagrun for dataco_supply_chain_pipeline to None, run_after=None
[2025-10-27T08:58:28.330+0000] {processor.py:183} INFO - Processing /opt/airflow/dags/DataCo_pipeline_DAG.py took 0.763 seconds
[2025-10-27T08:58:58.629+0000] {processor.py:161} INFO - Started process (PID=490) to work on /opt/airflow/dags/DataCo_pipeline_DAG.py
[2025-10-27T08:58:58.630+0000] {processor.py:830} INFO - Processing file /opt/airflow/dags/DataCo_pipeline_DAG.py for tasks to queue
[2025-10-27T08:58:58.632+0000] {logging_mixin.py:188} INFO - [2025-10-27T08:58:58.632+0000] {dagbag.py:545} INFO - Filling up the DagBag from /opt/airflow/dags/DataCo_pipeline_DAG.py
[2025-10-27T08:58:59.208+0000] {processor.py:840} INFO - DAG(s) 'dataco_supply_chain_pipeline' retrieved from /opt/airflow/dags/DataCo_pipeline_DAG.py
[2025-10-27T08:58:59.269+0000] {logging_mixin.py:188} INFO - [2025-10-27T08:58:59.269+0000] {dag.py:3089} INFO - Sync 1 DAGs
[2025-10-27T08:58:59.297+0000] {logging_mixin.py:188} INFO - [2025-10-27T08:58:59.297+0000] {dag.py:3947} INFO - Setting next_dagrun for dataco_supply_chain_pipeline to None, run_after=None
[2025-10-27T08:58:59.346+0000] {processor.py:183} INFO - Processing /opt/airflow/dags/DataCo_pipeline_DAG.py took 0.725 seconds
[2025-10-27T08:59:29.491+0000] {processor.py:161} INFO - Started process (PID=515) to work on /opt/airflow/dags/DataCo_pipeline_DAG.py
[2025-10-27T08:59:29.492+0000] {processor.py:830} INFO - Processing file /opt/airflow/dags/DataCo_pipeline_DAG.py for tasks to queue
[2025-10-27T08:59:29.494+0000] {logging_mixin.py:188} INFO - [2025-10-27T08:59:29.494+0000] {dagbag.py:545} INFO - Filling up the DagBag from /opt/airflow/dags/DataCo_pipeline_DAG.py
[2025-10-27T08:59:29.958+0000] {processor.py:840} INFO - DAG(s) 'dataco_supply_chain_pipeline' retrieved from /opt/airflow/dags/DataCo_pipeline_DAG.py
[2025-10-27T08:59:29.996+0000] {logging_mixin.py:188} INFO - [2025-10-27T08:59:29.996+0000] {dag.py:3089} INFO - Sync 1 DAGs
[2025-10-27T08:59:30.030+0000] {logging_mixin.py:188} INFO - [2025-10-27T08:59:30.030+0000] {dag.py:3947} INFO - Setting next_dagrun for dataco_supply_chain_pipeline to None, run_after=None
[2025-10-27T08:59:30.061+0000] {processor.py:183} INFO - Processing /opt/airflow/dags/DataCo_pipeline_DAG.py took 0.576 seconds
[2025-10-27T09:00:00.353+0000] {processor.py:161} INFO - Started process (PID=555) to work on /opt/airflow/dags/DataCo_pipeline_DAG.py
[2025-10-27T09:00:00.354+0000] {processor.py:830} INFO - Processing file /opt/airflow/dags/DataCo_pipeline_DAG.py for tasks to queue
[2025-10-27T09:00:00.356+0000] {logging_mixin.py:188} INFO - [2025-10-27T09:00:00.356+0000] {dagbag.py:545} INFO - Filling up the DagBag from /opt/airflow/dags/DataCo_pipeline_DAG.py
[2025-10-27T09:00:00.951+0000] {processor.py:840} INFO - DAG(s) 'dataco_supply_chain_pipeline' retrieved from /opt/airflow/dags/DataCo_pipeline_DAG.py
[2025-10-27T09:00:01.026+0000] {logging_mixin.py:188} INFO - [2025-10-27T09:00:01.025+0000] {dag.py:3089} INFO - Sync 1 DAGs
[2025-10-27T09:00:01.056+0000] {logging_mixin.py:188} INFO - [2025-10-27T09:00:01.055+0000] {dag.py:3947} INFO - Setting next_dagrun for dataco_supply_chain_pipeline to None, run_after=None
[2025-10-27T09:00:01.101+0000] {processor.py:183} INFO - Processing /opt/airflow/dags/DataCo_pipeline_DAG.py took 0.760 seconds
[2025-10-27T09:00:31.368+0000] {processor.py:161} INFO - Started process (PID=593) to work on /opt/airflow/dags/DataCo_pipeline_DAG.py
[2025-10-27T09:00:31.369+0000] {processor.py:830} INFO - Processing file /opt/airflow/dags/DataCo_pipeline_DAG.py for tasks to queue
[2025-10-27T09:00:31.371+0000] {logging_mixin.py:188} INFO - [2025-10-27T09:00:31.371+0000] {dagbag.py:545} INFO - Filling up the DagBag from /opt/airflow/dags/DataCo_pipeline_DAG.py
[2025-10-27T09:00:31.831+0000] {processor.py:840} INFO - DAG(s) 'dataco_supply_chain_pipeline' retrieved from /opt/airflow/dags/DataCo_pipeline_DAG.py
[2025-10-27T09:00:31.909+0000] {logging_mixin.py:188} INFO - [2025-10-27T09:00:31.909+0000] {dag.py:3089} INFO - Sync 1 DAGs
[2025-10-27T09:00:31.936+0000] {logging_mixin.py:188} INFO - [2025-10-27T09:00:31.935+0000] {dag.py:3947} INFO - Setting next_dagrun for dataco_supply_chain_pipeline to None, run_after=None
[2025-10-27T09:00:31.984+0000] {processor.py:183} INFO - Processing /opt/airflow/dags/DataCo_pipeline_DAG.py took 0.622 seconds
[2025-10-27T09:01:02.279+0000] {processor.py:161} INFO - Started process (PID=632) to work on /opt/airflow/dags/DataCo_pipeline_DAG.py
[2025-10-27T09:01:02.280+0000] {processor.py:830} INFO - Processing file /opt/airflow/dags/DataCo_pipeline_DAG.py for tasks to queue
[2025-10-27T09:01:02.282+0000] {logging_mixin.py:188} INFO - [2025-10-27T09:01:02.281+0000] {dagbag.py:545} INFO - Filling up the DagBag from /opt/airflow/dags/DataCo_pipeline_DAG.py
[2025-10-27T09:01:02.751+0000] {processor.py:840} INFO - DAG(s) 'dataco_supply_chain_pipeline' retrieved from /opt/airflow/dags/DataCo_pipeline_DAG.py
[2025-10-27T09:01:02.800+0000] {logging_mixin.py:188} INFO - [2025-10-27T09:01:02.800+0000] {dag.py:3089} INFO - Sync 1 DAGs
[2025-10-27T09:01:02.820+0000] {logging_mixin.py:188} INFO - [2025-10-27T09:01:02.820+0000] {dag.py:3947} INFO - Setting next_dagrun for dataco_supply_chain_pipeline to None, run_after=None
[2025-10-27T09:01:02.853+0000] {processor.py:183} INFO - Processing /opt/airflow/dags/DataCo_pipeline_DAG.py took 0.581 seconds
[2025-10-27T09:01:33.156+0000] {processor.py:161} INFO - Started process (PID=644) to work on /opt/airflow/dags/DataCo_pipeline_DAG.py
[2025-10-27T09:01:33.158+0000] {processor.py:830} INFO - Processing file /opt/airflow/dags/DataCo_pipeline_DAG.py for tasks to queue
[2025-10-27T09:01:33.161+0000] {logging_mixin.py:188} INFO - [2025-10-27T09:01:33.160+0000] {dagbag.py:545} INFO - Filling up the DagBag from /opt/airflow/dags/DataCo_pipeline_DAG.py
[2025-10-27T09:01:33.680+0000] {processor.py:840} INFO - DAG(s) 'dataco_supply_chain_pipeline' retrieved from /opt/airflow/dags/DataCo_pipeline_DAG.py
[2025-10-27T09:01:33.724+0000] {logging_mixin.py:188} INFO - [2025-10-27T09:01:33.724+0000] {dag.py:3089} INFO - Sync 1 DAGs
[2025-10-27T09:01:33.739+0000] {logging_mixin.py:188} INFO - [2025-10-27T09:01:33.738+0000] {dag.py:3947} INFO - Setting next_dagrun for dataco_supply_chain_pipeline to None, run_after=None
[2025-10-27T09:01:33.768+0000] {processor.py:183} INFO - Processing /opt/airflow/dags/DataCo_pipeline_DAG.py took 0.622 seconds
[2025-10-27T09:02:02.028+0000] {processor.py:161} INFO - Started process (PID=656) to work on /opt/airflow/dags/DataCo_pipeline_DAG.py
[2025-10-27T09:02:02.030+0000] {processor.py:830} INFO - Processing file /opt/airflow/dags/DataCo_pipeline_DAG.py for tasks to queue
[2025-10-27T09:02:02.032+0000] {logging_mixin.py:188} INFO - [2025-10-27T09:02:02.032+0000] {dagbag.py:545} INFO - Filling up the DagBag from /opt/airflow/dags/DataCo_pipeline_DAG.py
[2025-10-27T09:02:02.451+0000] {processor.py:840} INFO - DAG(s) 'dataco_supply_chain_pipeline' retrieved from /opt/airflow/dags/DataCo_pipeline_DAG.py
[2025-10-27T09:02:02.495+0000] {logging_mixin.py:188} INFO - [2025-10-27T09:02:02.495+0000] {dag.py:3089} INFO - Sync 1 DAGs
[2025-10-27T09:02:02.513+0000] {logging_mixin.py:188} INFO - [2025-10-27T09:02:02.513+0000] {dag.py:3947} INFO - Setting next_dagrun for dataco_supply_chain_pipeline to None, run_after=None
[2025-10-27T09:02:02.545+0000] {processor.py:183} INFO - Processing /opt/airflow/dags/DataCo_pipeline_DAG.py took 0.523 seconds
[2025-10-27T09:02:32.907+0000] {processor.py:161} INFO - Started process (PID=668) to work on /opt/airflow/dags/DataCo_pipeline_DAG.py
[2025-10-27T09:02:32.909+0000] {processor.py:830} INFO - Processing file /opt/airflow/dags/DataCo_pipeline_DAG.py for tasks to queue
[2025-10-27T09:02:32.911+0000] {logging_mixin.py:188} INFO - [2025-10-27T09:02:32.910+0000] {dagbag.py:545} INFO - Filling up the DagBag from /opt/airflow/dags/DataCo_pipeline_DAG.py
[2025-10-27T09:02:33.329+0000] {processor.py:840} INFO - DAG(s) 'dataco_supply_chain_pipeline' retrieved from /opt/airflow/dags/DataCo_pipeline_DAG.py
[2025-10-27T09:02:33.378+0000] {logging_mixin.py:188} INFO - [2025-10-27T09:02:33.378+0000] {dag.py:3089} INFO - Sync 1 DAGs
[2025-10-27T09:02:33.396+0000] {logging_mixin.py:188} INFO - [2025-10-27T09:02:33.396+0000] {dag.py:3947} INFO - Setting next_dagrun for dataco_supply_chain_pipeline to None, run_after=None
[2025-10-27T09:02:33.427+0000] {processor.py:183} INFO - Processing /opt/airflow/dags/DataCo_pipeline_DAG.py took 0.527 seconds
[2025-10-27T09:09:00.577+0000] {processor.py:161} INFO - Started process (PID=85) to work on /opt/airflow/dags/DataCo_pipeline_DAG.py
[2025-10-27T09:09:00.579+0000] {processor.py:830} INFO - Processing file /opt/airflow/dags/DataCo_pipeline_DAG.py for tasks to queue
[2025-10-27T09:09:00.587+0000] {logging_mixin.py:188} INFO - [2025-10-27T09:09:00.584+0000] {dagbag.py:545} INFO - Filling up the DagBag from /opt/airflow/dags/DataCo_pipeline_DAG.py
[2025-10-27T09:09:01.696+0000] {processor.py:840} INFO - DAG(s) 'dataco_supply_chain_pipeline' retrieved from /opt/airflow/dags/DataCo_pipeline_DAG.py
[2025-10-27T09:09:01.775+0000] {logging_mixin.py:188} INFO - [2025-10-27T09:09:01.775+0000] {dag.py:3089} INFO - Sync 1 DAGs
[2025-10-27T09:09:01.804+0000] {logging_mixin.py:188} INFO - [2025-10-27T09:09:01.804+0000] {dag.py:3947} INFO - Setting next_dagrun for dataco_supply_chain_pipeline to None, run_after=None
[2025-10-27T09:09:01.853+0000] {processor.py:183} INFO - Processing /opt/airflow/dags/DataCo_pipeline_DAG.py took 1.292 seconds
[2025-10-27T09:09:32.082+0000] {processor.py:161} INFO - Started process (PID=112) to work on /opt/airflow/dags/DataCo_pipeline_DAG.py
[2025-10-27T09:09:32.083+0000] {processor.py:830} INFO - Processing file /opt/airflow/dags/DataCo_pipeline_DAG.py for tasks to queue
[2025-10-27T09:09:32.086+0000] {logging_mixin.py:188} INFO - [2025-10-27T09:09:32.086+0000] {dagbag.py:545} INFO - Filling up the DagBag from /opt/airflow/dags/DataCo_pipeline_DAG.py
[2025-10-27T09:09:32.612+0000] {processor.py:840} INFO - DAG(s) 'dataco_supply_chain_pipeline' retrieved from /opt/airflow/dags/DataCo_pipeline_DAG.py
[2025-10-27T09:09:32.744+0000] {logging_mixin.py:188} INFO - [2025-10-27T09:09:32.744+0000] {dag.py:3089} INFO - Sync 1 DAGs
[2025-10-27T09:09:32.761+0000] {logging_mixin.py:188} INFO - [2025-10-27T09:09:32.761+0000] {dag.py:3947} INFO - Setting next_dagrun for dataco_supply_chain_pipeline to None, run_after=None
[2025-10-27T09:09:32.789+0000] {processor.py:183} INFO - Processing /opt/airflow/dags/DataCo_pipeline_DAG.py took 0.716 seconds
[2025-10-27T09:10:03.067+0000] {processor.py:161} INFO - Started process (PID=124) to work on /opt/airflow/dags/DataCo_pipeline_DAG.py
[2025-10-27T09:10:03.069+0000] {processor.py:830} INFO - Processing file /opt/airflow/dags/DataCo_pipeline_DAG.py for tasks to queue
[2025-10-27T09:10:03.073+0000] {logging_mixin.py:188} INFO - [2025-10-27T09:10:03.072+0000] {dagbag.py:545} INFO - Filling up the DagBag from /opt/airflow/dags/DataCo_pipeline_DAG.py
[2025-10-27T09:10:03.490+0000] {processor.py:840} INFO - DAG(s) 'dataco_supply_chain_pipeline' retrieved from /opt/airflow/dags/DataCo_pipeline_DAG.py
[2025-10-27T09:10:03.534+0000] {logging_mixin.py:188} INFO - [2025-10-27T09:10:03.533+0000] {dag.py:3089} INFO - Sync 1 DAGs
[2025-10-27T09:10:03.551+0000] {logging_mixin.py:188} INFO - [2025-10-27T09:10:03.550+0000] {dag.py:3947} INFO - Setting next_dagrun for dataco_supply_chain_pipeline to None, run_after=None
[2025-10-27T09:10:03.578+0000] {processor.py:183} INFO - Processing /opt/airflow/dags/DataCo_pipeline_DAG.py took 0.520 seconds
[2025-10-27T09:10:33.842+0000] {processor.py:161} INFO - Started process (PID=136) to work on /opt/airflow/dags/DataCo_pipeline_DAG.py
[2025-10-27T09:10:33.843+0000] {processor.py:830} INFO - Processing file /opt/airflow/dags/DataCo_pipeline_DAG.py for tasks to queue
[2025-10-27T09:10:33.846+0000] {logging_mixin.py:188} INFO - [2025-10-27T09:10:33.845+0000] {dagbag.py:545} INFO - Filling up the DagBag from /opt/airflow/dags/DataCo_pipeline_DAG.py
[2025-10-27T09:10:34.296+0000] {processor.py:840} INFO - DAG(s) 'dataco_supply_chain_pipeline' retrieved from /opt/airflow/dags/DataCo_pipeline_DAG.py
[2025-10-27T09:10:34.341+0000] {logging_mixin.py:188} INFO - [2025-10-27T09:10:34.341+0000] {dag.py:3089} INFO - Sync 1 DAGs
[2025-10-27T09:10:34.359+0000] {logging_mixin.py:188} INFO - [2025-10-27T09:10:34.359+0000] {dag.py:3947} INFO - Setting next_dagrun for dataco_supply_chain_pipeline to None, run_after=None
[2025-10-27T09:10:34.392+0000] {processor.py:183} INFO - Processing /opt/airflow/dags/DataCo_pipeline_DAG.py took 0.557 seconds
[2025-10-27T09:10:34.872+0000] {processor.py:161} INFO - Started process (PID=148) to work on /opt/airflow/dags/DataCo_pipeline_DAG.py
[2025-10-27T09:10:34.873+0000] {processor.py:830} INFO - Processing file /opt/airflow/dags/DataCo_pipeline_DAG.py for tasks to queue
[2025-10-27T09:10:34.875+0000] {logging_mixin.py:188} INFO - [2025-10-27T09:10:34.875+0000] {dagbag.py:545} INFO - Filling up the DagBag from /opt/airflow/dags/DataCo_pipeline_DAG.py
[2025-10-27T09:10:34.909+0000] {logging_mixin.py:188} INFO - [2025-10-27T09:10:34.908+0000] {dagbag.py:355} ERROR - Failed to import: /opt/airflow/dags/DataCo_pipeline_DAG.py
Traceback (most recent call last):
  File "/usr/local/lib/python3.10/site-packages/airflow/models/dagbag.py", line 351, in parse
    loader.exec_module(new_module)
  File "<frozen importlib._bootstrap_external>", line 879, in exec_module
  File "<frozen importlib._bootstrap_external>", line 1017, in get_code
  File "<frozen importlib._bootstrap_external>", line 947, in source_to_code
  File "<frozen importlib._bootstrap>", line 241, in _call_with_frames_removed
  File "/opt/airflow/dags/DataCo_pipeline_DAG.py", line 159
    ingest_csv >> fix_staging_types >> gx_add_data_source >> gx_create_expectation_staging >> gx_create_checkpoint_staging >> gx_validate_staging >> dbt_deps_core >> dbt_run_core >> dbt_test_core >>  >> dbt_run_mart >> dbt_test_mart
                                                                                                                                                                                                        ^^
SyntaxError: invalid syntax
[2025-10-27T09:10:34.911+0000] {processor.py:842} WARNING - No viable dags retrieved from /opt/airflow/dags/DataCo_pipeline_DAG.py
[2025-10-27T09:10:34.942+0000] {processor.py:183} INFO - Processing /opt/airflow/dags/DataCo_pipeline_DAG.py took 0.076 seconds
[2025-10-27T09:10:39.936+0000] {processor.py:161} INFO - Started process (PID=153) to work on /opt/airflow/dags/DataCo_pipeline_DAG.py
[2025-10-27T09:10:39.938+0000] {processor.py:830} INFO - Processing file /opt/airflow/dags/DataCo_pipeline_DAG.py for tasks to queue
[2025-10-27T09:10:39.941+0000] {logging_mixin.py:188} INFO - [2025-10-27T09:10:39.941+0000] {dagbag.py:545} INFO - Filling up the DagBag from /opt/airflow/dags/DataCo_pipeline_DAG.py
[2025-10-27T09:10:40.529+0000] {processor.py:840} INFO - DAG(s) 'dataco_supply_chain_pipeline' retrieved from /opt/airflow/dags/DataCo_pipeline_DAG.py
[2025-10-27T09:10:40.575+0000] {logging_mixin.py:188} INFO - [2025-10-27T09:10:40.575+0000] {dag.py:3089} INFO - Sync 1 DAGs
[2025-10-27T09:10:40.592+0000] {logging_mixin.py:188} INFO - [2025-10-27T09:10:40.591+0000] {dag.py:3947} INFO - Setting next_dagrun for dataco_supply_chain_pipeline to None, run_after=None
[2025-10-27T09:10:40.628+0000] {processor.py:183} INFO - Processing /opt/airflow/dags/DataCo_pipeline_DAG.py took 0.706 seconds
[2025-10-27T09:10:43.720+0000] {processor.py:161} INFO - Started process (PID=165) to work on /opt/airflow/dags/DataCo_pipeline_DAG.py
[2025-10-27T09:10:43.722+0000] {processor.py:830} INFO - Processing file /opt/airflow/dags/DataCo_pipeline_DAG.py for tasks to queue
[2025-10-27T09:10:43.724+0000] {logging_mixin.py:188} INFO - [2025-10-27T09:10:43.724+0000] {dagbag.py:545} INFO - Filling up the DagBag from /opt/airflow/dags/DataCo_pipeline_DAG.py
[2025-10-27T09:10:43.752+0000] {logging_mixin.py:188} INFO - [2025-10-27T09:10:43.751+0000] {dagbag.py:355} ERROR - Failed to import: /opt/airflow/dags/DataCo_pipeline_DAG.py
Traceback (most recent call last):
  File "/usr/local/lib/python3.10/site-packages/airflow/models/dagbag.py", line 351, in parse
    loader.exec_module(new_module)
  File "<frozen importlib._bootstrap_external>", line 879, in exec_module
  File "<frozen importlib._bootstrap_external>", line 1017, in get_code
  File "<frozen importlib._bootstrap_external>", line 947, in source_to_code
  File "<frozen importlib._bootstrap>", line 241, in _call_with_frames_removed
  File "/opt/airflow/dags/DataCo_pipeline_DAG.py", line 159
    ingest_csv >> fix_staging_types >> gx_add_data_source >> gx_create_expectation_staging >> gx_create_checkpoint_staging >> gx_validate_staging >> dbt_deps_core >> dbt_run_core >> dbt_test_core >> >> dbt_run_mart >> dbt_test_mart
                                                                                                                                                                                                       ^^
SyntaxError: invalid syntax
[2025-10-27T09:10:43.753+0000] {processor.py:842} WARNING - No viable dags retrieved from /opt/airflow/dags/DataCo_pipeline_DAG.py
[2025-10-27T09:10:43.784+0000] {processor.py:183} INFO - Processing /opt/airflow/dags/DataCo_pipeline_DAG.py took 0.070 seconds
[2025-10-27T09:10:47.775+0000] {processor.py:161} INFO - Started process (PID=170) to work on /opt/airflow/dags/DataCo_pipeline_DAG.py
[2025-10-27T09:10:47.777+0000] {processor.py:830} INFO - Processing file /opt/airflow/dags/DataCo_pipeline_DAG.py for tasks to queue
[2025-10-27T09:10:47.780+0000] {logging_mixin.py:188} INFO - [2025-10-27T09:10:47.779+0000] {dagbag.py:545} INFO - Filling up the DagBag from /opt/airflow/dags/DataCo_pipeline_DAG.py
[2025-10-27T09:10:48.411+0000] {processor.py:840} INFO - DAG(s) 'dataco_supply_chain_pipeline' retrieved from /opt/airflow/dags/DataCo_pipeline_DAG.py
[2025-10-27T09:10:48.463+0000] {logging_mixin.py:188} INFO - [2025-10-27T09:10:48.463+0000] {dag.py:3089} INFO - Sync 1 DAGs
[2025-10-27T09:10:48.488+0000] {logging_mixin.py:188} INFO - [2025-10-27T09:10:48.488+0000] {dag.py:3947} INFO - Setting next_dagrun for dataco_supply_chain_pipeline to None, run_after=None
[2025-10-27T09:10:48.531+0000] {processor.py:183} INFO - Processing /opt/airflow/dags/DataCo_pipeline_DAG.py took 0.766 seconds
[2025-10-27T09:11:18.823+0000] {processor.py:161} INFO - Started process (PID=182) to work on /opt/airflow/dags/DataCo_pipeline_DAG.py
[2025-10-27T09:11:18.825+0000] {processor.py:830} INFO - Processing file /opt/airflow/dags/DataCo_pipeline_DAG.py for tasks to queue
[2025-10-27T09:11:18.827+0000] {logging_mixin.py:188} INFO - [2025-10-27T09:11:18.827+0000] {dagbag.py:545} INFO - Filling up the DagBag from /opt/airflow/dags/DataCo_pipeline_DAG.py
[2025-10-27T09:11:19.323+0000] {processor.py:840} INFO - DAG(s) 'dataco_supply_chain_pipeline' retrieved from /opt/airflow/dags/DataCo_pipeline_DAG.py
[2025-10-27T09:11:19.365+0000] {logging_mixin.py:188} INFO - [2025-10-27T09:11:19.365+0000] {dag.py:3089} INFO - Sync 1 DAGs
[2025-10-27T09:11:19.382+0000] {logging_mixin.py:188} INFO - [2025-10-27T09:11:19.382+0000] {dag.py:3947} INFO - Setting next_dagrun for dataco_supply_chain_pipeline to None, run_after=None
[2025-10-27T09:11:19.410+0000] {processor.py:183} INFO - Processing /opt/airflow/dags/DataCo_pipeline_DAG.py took 0.593 seconds
[2025-10-27T09:11:49.683+0000] {processor.py:161} INFO - Started process (PID=194) to work on /opt/airflow/dags/DataCo_pipeline_DAG.py
[2025-10-27T09:11:49.684+0000] {processor.py:830} INFO - Processing file /opt/airflow/dags/DataCo_pipeline_DAG.py for tasks to queue
[2025-10-27T09:11:49.687+0000] {logging_mixin.py:188} INFO - [2025-10-27T09:11:49.686+0000] {dagbag.py:545} INFO - Filling up the DagBag from /opt/airflow/dags/DataCo_pipeline_DAG.py
[2025-10-27T09:11:50.098+0000] {processor.py:840} INFO - DAG(s) 'dataco_supply_chain_pipeline' retrieved from /opt/airflow/dags/DataCo_pipeline_DAG.py
[2025-10-27T09:11:50.144+0000] {logging_mixin.py:188} INFO - [2025-10-27T09:11:50.143+0000] {dag.py:3089} INFO - Sync 1 DAGs
[2025-10-27T09:11:50.161+0000] {logging_mixin.py:188} INFO - [2025-10-27T09:11:50.161+0000] {dag.py:3947} INFO - Setting next_dagrun for dataco_supply_chain_pipeline to None, run_after=None
[2025-10-27T09:11:50.191+0000] {processor.py:183} INFO - Processing /opt/airflow/dags/DataCo_pipeline_DAG.py took 0.518 seconds
[2025-10-27T09:12:20.462+0000] {processor.py:161} INFO - Started process (PID=207) to work on /opt/airflow/dags/DataCo_pipeline_DAG.py
[2025-10-27T09:12:20.463+0000] {processor.py:830} INFO - Processing file /opt/airflow/dags/DataCo_pipeline_DAG.py for tasks to queue
[2025-10-27T09:12:20.465+0000] {logging_mixin.py:188} INFO - [2025-10-27T09:12:20.465+0000] {dagbag.py:545} INFO - Filling up the DagBag from /opt/airflow/dags/DataCo_pipeline_DAG.py
[2025-10-27T09:12:20.828+0000] {processor.py:840} INFO - DAG(s) 'dataco_supply_chain_pipeline' retrieved from /opt/airflow/dags/DataCo_pipeline_DAG.py
[2025-10-27T09:12:20.868+0000] {logging_mixin.py:188} INFO - [2025-10-27T09:12:20.868+0000] {dag.py:3089} INFO - Sync 1 DAGs
[2025-10-27T09:12:20.884+0000] {logging_mixin.py:188} INFO - [2025-10-27T09:12:20.884+0000] {dag.py:3947} INFO - Setting next_dagrun for dataco_supply_chain_pipeline to None, run_after=None
[2025-10-27T09:12:20.913+0000] {processor.py:183} INFO - Processing /opt/airflow/dags/DataCo_pipeline_DAG.py took 0.457 seconds
[2025-10-27T09:12:51.151+0000] {processor.py:161} INFO - Started process (PID=219) to work on /opt/airflow/dags/DataCo_pipeline_DAG.py
[2025-10-27T09:12:51.153+0000] {processor.py:830} INFO - Processing file /opt/airflow/dags/DataCo_pipeline_DAG.py for tasks to queue
[2025-10-27T09:12:51.156+0000] {logging_mixin.py:188} INFO - [2025-10-27T09:12:51.155+0000] {dagbag.py:545} INFO - Filling up the DagBag from /opt/airflow/dags/DataCo_pipeline_DAG.py
[2025-10-27T09:12:51.571+0000] {processor.py:840} INFO - DAG(s) 'dataco_supply_chain_pipeline' retrieved from /opt/airflow/dags/DataCo_pipeline_DAG.py
[2025-10-27T09:12:51.608+0000] {logging_mixin.py:188} INFO - [2025-10-27T09:12:51.607+0000] {dag.py:3089} INFO - Sync 1 DAGs
[2025-10-27T09:12:51.622+0000] {logging_mixin.py:188} INFO - [2025-10-27T09:12:51.622+0000] {dag.py:3947} INFO - Setting next_dagrun for dataco_supply_chain_pipeline to None, run_after=None
[2025-10-27T09:12:51.648+0000] {processor.py:183} INFO - Processing /opt/airflow/dags/DataCo_pipeline_DAG.py took 0.506 seconds
[2025-10-27T09:13:21.925+0000] {processor.py:161} INFO - Started process (PID=231) to work on /opt/airflow/dags/DataCo_pipeline_DAG.py
[2025-10-27T09:13:21.927+0000] {processor.py:830} INFO - Processing file /opt/airflow/dags/DataCo_pipeline_DAG.py for tasks to queue
[2025-10-27T09:13:21.929+0000] {logging_mixin.py:188} INFO - [2025-10-27T09:13:21.929+0000] {dagbag.py:545} INFO - Filling up the DagBag from /opt/airflow/dags/DataCo_pipeline_DAG.py
[2025-10-27T09:13:22.472+0000] {processor.py:840} INFO - DAG(s) 'dataco_supply_chain_pipeline' retrieved from /opt/airflow/dags/DataCo_pipeline_DAG.py
[2025-10-27T09:13:22.544+0000] {logging_mixin.py:188} INFO - [2025-10-27T09:13:22.543+0000] {dag.py:3089} INFO - Sync 1 DAGs
[2025-10-27T09:13:22.599+0000] {logging_mixin.py:188} INFO - [2025-10-27T09:13:22.598+0000] {dag.py:3947} INFO - Setting next_dagrun for dataco_supply_chain_pipeline to None, run_after=None
[2025-10-27T09:13:22.668+0000] {processor.py:183} INFO - Processing /opt/airflow/dags/DataCo_pipeline_DAG.py took 0.751 seconds
[2025-10-27T09:13:52.968+0000] {processor.py:161} INFO - Started process (PID=243) to work on /opt/airflow/dags/DataCo_pipeline_DAG.py
[2025-10-27T09:13:52.970+0000] {processor.py:830} INFO - Processing file /opt/airflow/dags/DataCo_pipeline_DAG.py for tasks to queue
[2025-10-27T09:13:52.972+0000] {logging_mixin.py:188} INFO - [2025-10-27T09:13:52.971+0000] {dagbag.py:545} INFO - Filling up the DagBag from /opt/airflow/dags/DataCo_pipeline_DAG.py
[2025-10-27T09:13:53.430+0000] {processor.py:840} INFO - DAG(s) 'dataco_supply_chain_pipeline' retrieved from /opt/airflow/dags/DataCo_pipeline_DAG.py
[2025-10-27T09:13:53.467+0000] {logging_mixin.py:188} INFO - [2025-10-27T09:13:53.466+0000] {dag.py:3089} INFO - Sync 1 DAGs
[2025-10-27T09:13:53.484+0000] {logging_mixin.py:188} INFO - [2025-10-27T09:13:53.484+0000] {dag.py:3947} INFO - Setting next_dagrun for dataco_supply_chain_pipeline to None, run_after=None
[2025-10-27T09:13:53.510+0000] {processor.py:183} INFO - Processing /opt/airflow/dags/DataCo_pipeline_DAG.py took 0.551 seconds
[2025-10-27T09:14:23.887+0000] {processor.py:161} INFO - Started process (PID=255) to work on /opt/airflow/dags/DataCo_pipeline_DAG.py
[2025-10-27T09:14:23.888+0000] {processor.py:830} INFO - Processing file /opt/airflow/dags/DataCo_pipeline_DAG.py for tasks to queue
[2025-10-27T09:14:23.890+0000] {logging_mixin.py:188} INFO - [2025-10-27T09:14:23.890+0000] {dagbag.py:545} INFO - Filling up the DagBag from /opt/airflow/dags/DataCo_pipeline_DAG.py
[2025-10-27T09:14:24.383+0000] {processor.py:840} INFO - DAG(s) 'dataco_supply_chain_pipeline' retrieved from /opt/airflow/dags/DataCo_pipeline_DAG.py
[2025-10-27T09:14:24.423+0000] {logging_mixin.py:188} INFO - [2025-10-27T09:14:24.423+0000] {dag.py:3089} INFO - Sync 1 DAGs
[2025-10-27T09:14:24.438+0000] {logging_mixin.py:188} INFO - [2025-10-27T09:14:24.438+0000] {dag.py:3947} INFO - Setting next_dagrun for dataco_supply_chain_pipeline to None, run_after=None
[2025-10-27T09:14:24.467+0000] {processor.py:183} INFO - Processing /opt/airflow/dags/DataCo_pipeline_DAG.py took 0.588 seconds
[2025-10-27T09:14:54.782+0000] {processor.py:161} INFO - Started process (PID=269) to work on /opt/airflow/dags/DataCo_pipeline_DAG.py
[2025-10-27T09:14:54.784+0000] {processor.py:830} INFO - Processing file /opt/airflow/dags/DataCo_pipeline_DAG.py for tasks to queue
[2025-10-27T09:14:54.788+0000] {logging_mixin.py:188} INFO - [2025-10-27T09:14:54.787+0000] {dagbag.py:545} INFO - Filling up the DagBag from /opt/airflow/dags/DataCo_pipeline_DAG.py
[2025-10-27T09:14:55.397+0000] {processor.py:840} INFO - DAG(s) 'dataco_supply_chain_pipeline' retrieved from /opt/airflow/dags/DataCo_pipeline_DAG.py
[2025-10-27T09:14:55.466+0000] {logging_mixin.py:188} INFO - [2025-10-27T09:14:55.465+0000] {dag.py:3089} INFO - Sync 1 DAGs
[2025-10-27T09:14:55.493+0000] {logging_mixin.py:188} INFO - [2025-10-27T09:14:55.493+0000] {dag.py:3947} INFO - Setting next_dagrun for dataco_supply_chain_pipeline to None, run_after=None
[2025-10-27T09:14:55.536+0000] {processor.py:183} INFO - Processing /opt/airflow/dags/DataCo_pipeline_DAG.py took 0.767 seconds
[2025-10-27T09:15:25.743+0000] {processor.py:161} INFO - Started process (PID=281) to work on /opt/airflow/dags/DataCo_pipeline_DAG.py
[2025-10-27T09:15:25.746+0000] {processor.py:830} INFO - Processing file /opt/airflow/dags/DataCo_pipeline_DAG.py for tasks to queue
[2025-10-27T09:15:25.748+0000] {logging_mixin.py:188} INFO - [2025-10-27T09:15:25.748+0000] {dagbag.py:545} INFO - Filling up the DagBag from /opt/airflow/dags/DataCo_pipeline_DAG.py
[2025-10-27T09:15:26.281+0000] {processor.py:840} INFO - DAG(s) 'dataco_supply_chain_pipeline' retrieved from /opt/airflow/dags/DataCo_pipeline_DAG.py
[2025-10-27T09:15:26.321+0000] {logging_mixin.py:188} INFO - [2025-10-27T09:15:26.320+0000] {dag.py:3089} INFO - Sync 1 DAGs
[2025-10-27T09:15:26.336+0000] {logging_mixin.py:188} INFO - [2025-10-27T09:15:26.336+0000] {dag.py:3947} INFO - Setting next_dagrun for dataco_supply_chain_pipeline to None, run_after=None
[2025-10-27T09:15:26.362+0000] {processor.py:183} INFO - Processing /opt/airflow/dags/DataCo_pipeline_DAG.py took 0.627 seconds
[2025-10-27T09:15:56.649+0000] {processor.py:161} INFO - Started process (PID=293) to work on /opt/airflow/dags/DataCo_pipeline_DAG.py
[2025-10-27T09:15:56.650+0000] {processor.py:830} INFO - Processing file /opt/airflow/dags/DataCo_pipeline_DAG.py for tasks to queue
[2025-10-27T09:15:56.653+0000] {logging_mixin.py:188} INFO - [2025-10-27T09:15:56.653+0000] {dagbag.py:545} INFO - Filling up the DagBag from /opt/airflow/dags/DataCo_pipeline_DAG.py
[2025-10-27T09:15:57.107+0000] {processor.py:840} INFO - DAG(s) 'dataco_supply_chain_pipeline' retrieved from /opt/airflow/dags/DataCo_pipeline_DAG.py
[2025-10-27T09:15:57.148+0000] {logging_mixin.py:188} INFO - [2025-10-27T09:15:57.147+0000] {dag.py:3089} INFO - Sync 1 DAGs
[2025-10-27T09:15:57.169+0000] {logging_mixin.py:188} INFO - [2025-10-27T09:15:57.169+0000] {dag.py:3947} INFO - Setting next_dagrun for dataco_supply_chain_pipeline to None, run_after=None
[2025-10-27T09:15:57.210+0000] {processor.py:183} INFO - Processing /opt/airflow/dags/DataCo_pipeline_DAG.py took 0.570 seconds
[2025-10-27T09:16:27.470+0000] {processor.py:161} INFO - Started process (PID=305) to work on /opt/airflow/dags/DataCo_pipeline_DAG.py
[2025-10-27T09:16:27.471+0000] {processor.py:830} INFO - Processing file /opt/airflow/dags/DataCo_pipeline_DAG.py for tasks to queue
[2025-10-27T09:16:27.473+0000] {logging_mixin.py:188} INFO - [2025-10-27T09:16:27.473+0000] {dagbag.py:545} INFO - Filling up the DagBag from /opt/airflow/dags/DataCo_pipeline_DAG.py
[2025-10-27T09:16:27.886+0000] {processor.py:840} INFO - DAG(s) 'dataco_supply_chain_pipeline' retrieved from /opt/airflow/dags/DataCo_pipeline_DAG.py
[2025-10-27T09:16:27.944+0000] {logging_mixin.py:188} INFO - [2025-10-27T09:16:27.944+0000] {dag.py:3089} INFO - Sync 1 DAGs
[2025-10-27T09:16:27.964+0000] {logging_mixin.py:188} INFO - [2025-10-27T09:16:27.964+0000] {dag.py:3947} INFO - Setting next_dagrun for dataco_supply_chain_pipeline to None, run_after=None
[2025-10-27T09:16:27.999+0000] {processor.py:183} INFO - Processing /opt/airflow/dags/DataCo_pipeline_DAG.py took 0.535 seconds
[2025-10-27T09:16:58.269+0000] {processor.py:161} INFO - Started process (PID=317) to work on /opt/airflow/dags/DataCo_pipeline_DAG.py
[2025-10-27T09:16:58.270+0000] {processor.py:830} INFO - Processing file /opt/airflow/dags/DataCo_pipeline_DAG.py for tasks to queue
[2025-10-27T09:16:58.273+0000] {logging_mixin.py:188} INFO - [2025-10-27T09:16:58.272+0000] {dagbag.py:545} INFO - Filling up the DagBag from /opt/airflow/dags/DataCo_pipeline_DAG.py
[2025-10-27T09:16:58.672+0000] {processor.py:840} INFO - DAG(s) 'dataco_supply_chain_pipeline' retrieved from /opt/airflow/dags/DataCo_pipeline_DAG.py
[2025-10-27T09:16:58.710+0000] {logging_mixin.py:188} INFO - [2025-10-27T09:16:58.710+0000] {dag.py:3089} INFO - Sync 1 DAGs
[2025-10-27T09:16:58.727+0000] {logging_mixin.py:188} INFO - [2025-10-27T09:16:58.727+0000] {dag.py:3947} INFO - Setting next_dagrun for dataco_supply_chain_pipeline to None, run_after=None
[2025-10-27T09:16:58.754+0000] {processor.py:183} INFO - Processing /opt/airflow/dags/DataCo_pipeline_DAG.py took 0.491 seconds
[2025-10-27T09:17:28.973+0000] {processor.py:161} INFO - Started process (PID=329) to work on /opt/airflow/dags/DataCo_pipeline_DAG.py
[2025-10-27T09:17:28.976+0000] {processor.py:830} INFO - Processing file /opt/airflow/dags/DataCo_pipeline_DAG.py for tasks to queue
[2025-10-27T09:17:28.980+0000] {logging_mixin.py:188} INFO - [2025-10-27T09:17:28.980+0000] {dagbag.py:545} INFO - Filling up the DagBag from /opt/airflow/dags/DataCo_pipeline_DAG.py
[2025-10-27T09:17:29.529+0000] {processor.py:840} INFO - DAG(s) 'dataco_supply_chain_pipeline' retrieved from /opt/airflow/dags/DataCo_pipeline_DAG.py
[2025-10-27T09:17:29.595+0000] {logging_mixin.py:188} INFO - [2025-10-27T09:17:29.594+0000] {dag.py:3089} INFO - Sync 1 DAGs
[2025-10-27T09:17:29.617+0000] {logging_mixin.py:188} INFO - [2025-10-27T09:17:29.616+0000] {dag.py:3947} INFO - Setting next_dagrun for dataco_supply_chain_pipeline to None, run_after=None
[2025-10-27T09:17:29.653+0000] {processor.py:183} INFO - Processing /opt/airflow/dags/DataCo_pipeline_DAG.py took 0.696 seconds
[2025-10-27T09:18:00.004+0000] {processor.py:161} INFO - Started process (PID=350) to work on /opt/airflow/dags/DataCo_pipeline_DAG.py
[2025-10-27T09:18:00.007+0000] {processor.py:830} INFO - Processing file /opt/airflow/dags/DataCo_pipeline_DAG.py for tasks to queue
[2025-10-27T09:18:00.015+0000] {logging_mixin.py:188} INFO - [2025-10-27T09:18:00.014+0000] {dagbag.py:545} INFO - Filling up the DagBag from /opt/airflow/dags/DataCo_pipeline_DAG.py
[2025-10-27T09:18:00.591+0000] {processor.py:840} INFO - DAG(s) 'dataco_supply_chain_pipeline' retrieved from /opt/airflow/dags/DataCo_pipeline_DAG.py
[2025-10-27T09:18:00.676+0000] {logging_mixin.py:188} INFO - [2025-10-27T09:18:00.676+0000] {dag.py:3089} INFO - Sync 1 DAGs
[2025-10-27T09:18:00.699+0000] {logging_mixin.py:188} INFO - [2025-10-27T09:18:00.699+0000] {dag.py:3947} INFO - Setting next_dagrun for dataco_supply_chain_pipeline to None, run_after=None
[2025-10-27T09:18:00.736+0000] {processor.py:183} INFO - Processing /opt/airflow/dags/DataCo_pipeline_DAG.py took 0.757 seconds
[2025-10-27T09:18:31.021+0000] {processor.py:161} INFO - Started process (PID=362) to work on /opt/airflow/dags/DataCo_pipeline_DAG.py
[2025-10-27T09:18:31.022+0000] {processor.py:830} INFO - Processing file /opt/airflow/dags/DataCo_pipeline_DAG.py for tasks to queue
[2025-10-27T09:18:31.025+0000] {logging_mixin.py:188} INFO - [2025-10-27T09:18:31.025+0000] {dagbag.py:545} INFO - Filling up the DagBag from /opt/airflow/dags/DataCo_pipeline_DAG.py
[2025-10-27T09:18:31.588+0000] {processor.py:840} INFO - DAG(s) 'dataco_supply_chain_pipeline' retrieved from /opt/airflow/dags/DataCo_pipeline_DAG.py
[2025-10-27T09:18:31.650+0000] {logging_mixin.py:188} INFO - [2025-10-27T09:18:31.649+0000] {dag.py:3089} INFO - Sync 1 DAGs
[2025-10-27T09:18:31.674+0000] {logging_mixin.py:188} INFO - [2025-10-27T09:18:31.673+0000] {dag.py:3947} INFO - Setting next_dagrun for dataco_supply_chain_pipeline to None, run_after=None
[2025-10-27T09:18:31.716+0000] {processor.py:183} INFO - Processing /opt/airflow/dags/DataCo_pipeline_DAG.py took 0.703 seconds
[2025-10-27T09:19:01.851+0000] {processor.py:161} INFO - Started process (PID=433) to work on /opt/airflow/dags/DataCo_pipeline_DAG.py
[2025-10-27T09:19:01.853+0000] {processor.py:830} INFO - Processing file /opt/airflow/dags/DataCo_pipeline_DAG.py for tasks to queue
[2025-10-27T09:19:01.858+0000] {logging_mixin.py:188} INFO - [2025-10-27T09:19:01.857+0000] {dagbag.py:545} INFO - Filling up the DagBag from /opt/airflow/dags/DataCo_pipeline_DAG.py
[2025-10-27T09:19:02.420+0000] {processor.py:840} INFO - DAG(s) 'dataco_supply_chain_pipeline' retrieved from /opt/airflow/dags/DataCo_pipeline_DAG.py
[2025-10-27T09:19:02.474+0000] {logging_mixin.py:188} INFO - [2025-10-27T09:19:02.473+0000] {dag.py:3089} INFO - Sync 1 DAGs
[2025-10-27T09:19:02.499+0000] {logging_mixin.py:188} INFO - [2025-10-27T09:19:02.498+0000] {dag.py:3947} INFO - Setting next_dagrun for dataco_supply_chain_pipeline to None, run_after=None
[2025-10-27T09:19:02.536+0000] {processor.py:183} INFO - Processing /opt/airflow/dags/DataCo_pipeline_DAG.py took 0.698 seconds
[2025-10-27T09:19:32.832+0000] {processor.py:161} INFO - Started process (PID=495) to work on /opt/airflow/dags/DataCo_pipeline_DAG.py
[2025-10-27T09:19:32.834+0000] {processor.py:830} INFO - Processing file /opt/airflow/dags/DataCo_pipeline_DAG.py for tasks to queue
[2025-10-27T09:19:32.837+0000] {logging_mixin.py:188} INFO - [2025-10-27T09:19:32.836+0000] {dagbag.py:545} INFO - Filling up the DagBag from /opt/airflow/dags/DataCo_pipeline_DAG.py
[2025-10-27T09:19:33.537+0000] {processor.py:840} INFO - DAG(s) 'dataco_supply_chain_pipeline' retrieved from /opt/airflow/dags/DataCo_pipeline_DAG.py
[2025-10-27T09:19:33.589+0000] {logging_mixin.py:188} INFO - [2025-10-27T09:19:33.588+0000] {dag.py:3089} INFO - Sync 1 DAGs
[2025-10-27T09:19:33.609+0000] {logging_mixin.py:188} INFO - [2025-10-27T09:19:33.609+0000] {dag.py:3947} INFO - Setting next_dagrun for dataco_supply_chain_pipeline to None, run_after=None
[2025-10-27T09:19:33.642+0000] {processor.py:183} INFO - Processing /opt/airflow/dags/DataCo_pipeline_DAG.py took 0.818 seconds
[2025-10-27T09:20:03.923+0000] {processor.py:161} INFO - Started process (PID=520) to work on /opt/airflow/dags/DataCo_pipeline_DAG.py
[2025-10-27T09:20:03.925+0000] {processor.py:830} INFO - Processing file /opt/airflow/dags/DataCo_pipeline_DAG.py for tasks to queue
[2025-10-27T09:20:03.927+0000] {logging_mixin.py:188} INFO - [2025-10-27T09:20:03.927+0000] {dagbag.py:545} INFO - Filling up the DagBag from /opt/airflow/dags/DataCo_pipeline_DAG.py
[2025-10-27T09:20:04.367+0000] {processor.py:840} INFO - DAG(s) 'dataco_supply_chain_pipeline' retrieved from /opt/airflow/dags/DataCo_pipeline_DAG.py
[2025-10-27T09:20:04.406+0000] {logging_mixin.py:188} INFO - [2025-10-27T09:20:04.406+0000] {dag.py:3089} INFO - Sync 1 DAGs
[2025-10-27T09:20:04.423+0000] {logging_mixin.py:188} INFO - [2025-10-27T09:20:04.423+0000] {dag.py:3947} INFO - Setting next_dagrun for dataco_supply_chain_pipeline to None, run_after=None
[2025-10-27T09:20:04.452+0000] {processor.py:183} INFO - Processing /opt/airflow/dags/DataCo_pipeline_DAG.py took 0.535 seconds
[2025-10-27T09:20:34.674+0000] {processor.py:161} INFO - Started process (PID=569) to work on /opt/airflow/dags/DataCo_pipeline_DAG.py
[2025-10-27T09:20:34.675+0000] {processor.py:830} INFO - Processing file /opt/airflow/dags/DataCo_pipeline_DAG.py for tasks to queue
[2025-10-27T09:20:34.677+0000] {logging_mixin.py:188} INFO - [2025-10-27T09:20:34.677+0000] {dagbag.py:545} INFO - Filling up the DagBag from /opt/airflow/dags/DataCo_pipeline_DAG.py
[2025-10-27T09:20:35.220+0000] {processor.py:840} INFO - DAG(s) 'dataco_supply_chain_pipeline' retrieved from /opt/airflow/dags/DataCo_pipeline_DAG.py
[2025-10-27T09:20:35.269+0000] {logging_mixin.py:188} INFO - [2025-10-27T09:20:35.269+0000] {dag.py:3089} INFO - Sync 1 DAGs
[2025-10-27T09:20:35.290+0000] {logging_mixin.py:188} INFO - [2025-10-27T09:20:35.290+0000] {dag.py:3947} INFO - Setting next_dagrun for dataco_supply_chain_pipeline to None, run_after=None
[2025-10-27T09:20:35.325+0000] {processor.py:183} INFO - Processing /opt/airflow/dags/DataCo_pipeline_DAG.py took 0.660 seconds
[2025-10-27T09:21:05.581+0000] {processor.py:161} INFO - Started process (PID=598) to work on /opt/airflow/dags/DataCo_pipeline_DAG.py
[2025-10-27T09:21:05.582+0000] {processor.py:830} INFO - Processing file /opt/airflow/dags/DataCo_pipeline_DAG.py for tasks to queue
[2025-10-27T09:21:05.585+0000] {logging_mixin.py:188} INFO - [2025-10-27T09:21:05.585+0000] {dagbag.py:545} INFO - Filling up the DagBag from /opt/airflow/dags/DataCo_pipeline_DAG.py
[2025-10-27T09:21:06.069+0000] {processor.py:840} INFO - DAG(s) 'dataco_supply_chain_pipeline' retrieved from /opt/airflow/dags/DataCo_pipeline_DAG.py
[2025-10-27T09:21:06.107+0000] {logging_mixin.py:188} INFO - [2025-10-27T09:21:06.106+0000] {dag.py:3089} INFO - Sync 1 DAGs
[2025-10-27T09:21:06.123+0000] {logging_mixin.py:188} INFO - [2025-10-27T09:21:06.123+0000] {dag.py:3947} INFO - Setting next_dagrun for dataco_supply_chain_pipeline to None, run_after=None
[2025-10-27T09:21:06.155+0000] {processor.py:183} INFO - Processing /opt/airflow/dags/DataCo_pipeline_DAG.py took 0.581 seconds
[2025-10-27T09:21:36.409+0000] {processor.py:161} INFO - Started process (PID=645) to work on /opt/airflow/dags/DataCo_pipeline_DAG.py
[2025-10-27T09:21:36.411+0000] {processor.py:830} INFO - Processing file /opt/airflow/dags/DataCo_pipeline_DAG.py for tasks to queue
[2025-10-27T09:21:36.413+0000] {logging_mixin.py:188} INFO - [2025-10-27T09:21:36.412+0000] {dagbag.py:545} INFO - Filling up the DagBag from /opt/airflow/dags/DataCo_pipeline_DAG.py
[2025-10-27T09:21:36.970+0000] {processor.py:840} INFO - DAG(s) 'dataco_supply_chain_pipeline' retrieved from /opt/airflow/dags/DataCo_pipeline_DAG.py
[2025-10-27T09:21:37.028+0000] {logging_mixin.py:188} INFO - [2025-10-27T09:21:37.028+0000] {dag.py:3089} INFO - Sync 1 DAGs
[2025-10-27T09:21:37.051+0000] {logging_mixin.py:188} INFO - [2025-10-27T09:21:37.050+0000] {dag.py:3947} INFO - Setting next_dagrun for dataco_supply_chain_pipeline to None, run_after=None
[2025-10-27T09:21:37.088+0000] {processor.py:183} INFO - Processing /opt/airflow/dags/DataCo_pipeline_DAG.py took 0.686 seconds
[2025-10-27T09:22:07.353+0000] {processor.py:161} INFO - Started process (PID=657) to work on /opt/airflow/dags/DataCo_pipeline_DAG.py
[2025-10-27T09:22:07.355+0000] {processor.py:830} INFO - Processing file /opt/airflow/dags/DataCo_pipeline_DAG.py for tasks to queue
[2025-10-27T09:22:07.358+0000] {logging_mixin.py:188} INFO - [2025-10-27T09:22:07.357+0000] {dagbag.py:545} INFO - Filling up the DagBag from /opt/airflow/dags/DataCo_pipeline_DAG.py
[2025-10-27T09:22:07.826+0000] {processor.py:840} INFO - DAG(s) 'dataco_supply_chain_pipeline' retrieved from /opt/airflow/dags/DataCo_pipeline_DAG.py
[2025-10-27T09:22:07.861+0000] {logging_mixin.py:188} INFO - [2025-10-27T09:22:07.860+0000] {dag.py:3089} INFO - Sync 1 DAGs
[2025-10-27T09:22:07.875+0000] {logging_mixin.py:188} INFO - [2025-10-27T09:22:07.874+0000] {dag.py:3947} INFO - Setting next_dagrun for dataco_supply_chain_pipeline to None, run_after=None
[2025-10-27T09:22:07.907+0000] {processor.py:183} INFO - Processing /opt/airflow/dags/DataCo_pipeline_DAG.py took 0.561 seconds
[2025-10-27T09:22:38.194+0000] {processor.py:161} INFO - Started process (PID=669) to work on /opt/airflow/dags/DataCo_pipeline_DAG.py
[2025-10-27T09:22:38.195+0000] {processor.py:830} INFO - Processing file /opt/airflow/dags/DataCo_pipeline_DAG.py for tasks to queue
[2025-10-27T09:22:38.196+0000] {logging_mixin.py:188} INFO - [2025-10-27T09:22:38.196+0000] {dagbag.py:545} INFO - Filling up the DagBag from /opt/airflow/dags/DataCo_pipeline_DAG.py
[2025-10-27T09:22:38.563+0000] {processor.py:840} INFO - DAG(s) 'dataco_supply_chain_pipeline' retrieved from /opt/airflow/dags/DataCo_pipeline_DAG.py
[2025-10-27T09:22:38.598+0000] {logging_mixin.py:188} INFO - [2025-10-27T09:22:38.598+0000] {dag.py:3089} INFO - Sync 1 DAGs
[2025-10-27T09:22:38.620+0000] {logging_mixin.py:188} INFO - [2025-10-27T09:22:38.619+0000] {dag.py:3947} INFO - Setting next_dagrun for dataco_supply_chain_pipeline to None, run_after=None
[2025-10-27T09:22:38.657+0000] {processor.py:183} INFO - Processing /opt/airflow/dags/DataCo_pipeline_DAG.py took 0.470 seconds
[2025-10-27T09:23:09.563+0000] {processor.py:161} INFO - Started process (PID=681) to work on /opt/airflow/dags/DataCo_pipeline_DAG.py
[2025-10-27T09:23:09.565+0000] {processor.py:830} INFO - Processing file /opt/airflow/dags/DataCo_pipeline_DAG.py for tasks to queue
[2025-10-27T09:23:09.571+0000] {logging_mixin.py:188} INFO - [2025-10-27T09:23:09.570+0000] {dagbag.py:545} INFO - Filling up the DagBag from /opt/airflow/dags/DataCo_pipeline_DAG.py
[2025-10-27T09:23:10.365+0000] {processor.py:840} INFO - DAG(s) 'dataco_supply_chain_pipeline' retrieved from /opt/airflow/dags/DataCo_pipeline_DAG.py
[2025-10-27T09:23:10.435+0000] {logging_mixin.py:188} INFO - [2025-10-27T09:23:10.434+0000] {dag.py:3089} INFO - Sync 1 DAGs
[2025-10-27T09:23:10.463+0000] {logging_mixin.py:188} INFO - [2025-10-27T09:23:10.463+0000] {dag.py:3947} INFO - Setting next_dagrun for dataco_supply_chain_pipeline to None, run_after=None
[2025-10-27T09:23:10.512+0000] {processor.py:183} INFO - Processing /opt/airflow/dags/DataCo_pipeline_DAG.py took 0.970 seconds
[2025-10-27T09:23:40.783+0000] {processor.py:161} INFO - Started process (PID=693) to work on /opt/airflow/dags/DataCo_pipeline_DAG.py
[2025-10-27T09:23:40.784+0000] {processor.py:830} INFO - Processing file /opt/airflow/dags/DataCo_pipeline_DAG.py for tasks to queue
[2025-10-27T09:23:40.787+0000] {logging_mixin.py:188} INFO - [2025-10-27T09:23:40.786+0000] {dagbag.py:545} INFO - Filling up the DagBag from /opt/airflow/dags/DataCo_pipeline_DAG.py
[2025-10-27T09:23:41.248+0000] {processor.py:840} INFO - DAG(s) 'dataco_supply_chain_pipeline' retrieved from /opt/airflow/dags/DataCo_pipeline_DAG.py
[2025-10-27T09:23:41.315+0000] {logging_mixin.py:188} INFO - [2025-10-27T09:23:41.314+0000] {dag.py:3089} INFO - Sync 1 DAGs
[2025-10-27T09:23:41.347+0000] {logging_mixin.py:188} INFO - [2025-10-27T09:23:41.346+0000] {dag.py:3947} INFO - Setting next_dagrun for dataco_supply_chain_pipeline to None, run_after=None
[2025-10-27T09:23:41.387+0000] {processor.py:183} INFO - Processing /opt/airflow/dags/DataCo_pipeline_DAG.py took 0.612 seconds
