[2025-10-27T09:20:47.319+0000] {local_task_job_runner.py:120} INFO - ::group::Pre task execution logs
[2025-10-27T09:20:47.366+0000] {taskinstance.py:2076} INFO - Dependencies all met for dep_context=non-requeueable deps ti=<TaskInstance: dataco_supply_chain_pipeline.dbt_deps_mart manual__2025-10-27T09:17:38.631282+00:00 [queued]>
[2025-10-27T09:20:47.383+0000] {taskinstance.py:2076} INFO - Dependencies all met for dep_context=requeueable deps ti=<TaskInstance: dataco_supply_chain_pipeline.dbt_deps_mart manual__2025-10-27T09:17:38.631282+00:00 [queued]>
[2025-10-27T09:20:47.384+0000] {taskinstance.py:2306} INFO - Starting attempt 1 of 1
[2025-10-27T09:20:47.405+0000] {taskinstance.py:2330} INFO - Executing <Task(BashOperator): dbt_deps_mart> on 2025-10-27 09:17:38.631282+00:00
[2025-10-27T09:20:47.413+0000] {standard_task_runner.py:64} INFO - Started process 595 to run task
[2025-10-27T09:20:47.416+0000] {standard_task_runner.py:90} INFO - Running: ['***', 'tasks', 'run', 'dataco_supply_chain_pipeline', 'dbt_deps_mart', 'manual__2025-10-27T09:17:38.631282+00:00', '--job-id', '61', '--raw', '--subdir', 'DAGS_FOLDER/DataCo_pipeline_DAG.py', '--cfg-path', '/tmp/tmpyuvb_m0k']
[2025-10-27T09:20:47.420+0000] {standard_task_runner.py:91} INFO - Job 61: Subtask dbt_deps_mart
[2025-10-27T09:20:47.500+0000] {task_command.py:426} INFO - Running <TaskInstance: dataco_supply_chain_pipeline.dbt_deps_mart manual__2025-10-27T09:17:38.631282+00:00 [running]> on host d83e985f9bb6
[2025-10-27T09:20:47.644+0000] {taskinstance.py:2648} INFO - Exporting env vars: AIRFLOW_CTX_DAG_EMAIL='bi@example.com' AIRFLOW_CTX_DAG_OWNER='DE-team' AIRFLOW_CTX_DAG_ID='dataco_supply_chain_pipeline' AIRFLOW_CTX_TASK_ID='dbt_deps_mart' AIRFLOW_CTX_EXECUTION_DATE='2025-10-27T09:17:38.631282+00:00' AIRFLOW_CTX_TRY_NUMBER='1' AIRFLOW_CTX_DAG_RUN_ID='manual__2025-10-27T09:17:38.631282+00:00'
[2025-10-27T09:20:47.645+0000] {taskinstance.py:430} INFO - ::endgroup::
[2025-10-27T09:20:47.659+0000] {subprocess.py:63} INFO - Tmp dir root location: /tmp
[2025-10-27T09:20:47.660+0000] {subprocess.py:75} INFO - Running command: ['/usr/bin/bash', '-c', 'cd /usr/app/supply_chain_mart && dbt deps']
[2025-10-27T09:20:47.677+0000] {subprocess.py:86} INFO - Output:
[2025-10-27T09:20:53.024+0000] {subprocess.py:93} INFO - [0m09:20:53  Running with dbt=1.9.1
[2025-10-27T09:20:54.375+0000] {subprocess.py:93} INFO - [0m09:20:54  Installing dbt-labs/dbt_utils
[2025-10-27T09:21:03.522+0000] {subprocess.py:93} INFO - [0m09:21:03  Installed from version 1.3.1
[2025-10-27T09:21:03.525+0000] {subprocess.py:93} INFO - [0m09:21:03  Up to date!
[2025-10-27T09:21:05.667+0000] {subprocess.py:97} INFO - Command exited with return code 0
[2025-10-27T09:21:05.674+0000] {taskinstance.py:441} INFO - ::group::Post task execution logs
[2025-10-27T09:21:05.751+0000] {taskinstance.py:1206} INFO - Marking task as SUCCESS. dag_id=dataco_supply_chain_pipeline, task_id=dbt_deps_mart, run_id=manual__2025-10-27T09:17:38.631282+00:00, execution_date=20251027T091738, start_date=20251027T092047, end_date=20251027T092105
[2025-10-27T09:21:05.814+0000] {local_task_job_runner.py:243} INFO - Task exited with return code 0
[2025-10-27T09:21:05.859+0000] {taskinstance.py:3503} INFO - 1 downstream tasks scheduled from follow-on schedule check
[2025-10-27T09:21:05.863+0000] {local_task_job_runner.py:222} INFO - ::endgroup::
