[2025-10-27T08:58:42.196+0000] {local_task_job_runner.py:120} INFO - ::group::Pre task execution logs
[2025-10-27T08:58:42.237+0000] {taskinstance.py:2076} INFO - Dependencies all met for dep_context=non-requeueable deps ti=<TaskInstance: dataco_supply_chain_pipeline.gx_create_checkpoint_staging manual__2025-10-27T08:57:01.081751+00:00 [queued]>
[2025-10-27T08:58:42.249+0000] {taskinstance.py:2076} INFO - Dependencies all met for dep_context=requeueable deps ti=<TaskInstance: dataco_supply_chain_pipeline.gx_create_checkpoint_staging manual__2025-10-27T08:57:01.081751+00:00 [queued]>
[2025-10-27T08:58:42.268+0000] {taskinstance.py:2306} INFO - Starting attempt 1 of 1
[2025-10-27T08:58:42.333+0000] {taskinstance.py:2330} INFO - Executing <Task(BashOperator): gx_create_checkpoint_staging> on 2025-10-27 08:57:01.081751+00:00
[2025-10-27T08:58:42.340+0000] {standard_task_runner.py:64} INFO - Started process 449 to run task
[2025-10-27T08:58:42.344+0000] {standard_task_runner.py:90} INFO - Running: ['***', 'tasks', 'run', 'dataco_supply_chain_pipeline', 'gx_create_checkpoint_staging', 'manual__2025-10-27T08:57:01.081751+00:00', '--job-id', '43', '--raw', '--subdir', 'DAGS_FOLDER/DataCo_pipeline_DAG.py', '--cfg-path', '/tmp/tmpugog_az5']
[2025-10-27T08:58:42.346+0000] {standard_task_runner.py:91} INFO - Job 43: Subtask gx_create_checkpoint_staging
[2025-10-27T08:58:42.427+0000] {task_command.py:426} INFO - Running <TaskInstance: dataco_supply_chain_pipeline.gx_create_checkpoint_staging manual__2025-10-27T08:57:01.081751+00:00 [running]> on host 787267c1a4b2
[2025-10-27T08:58:42.552+0000] {taskinstance.py:2648} INFO - Exporting env vars: AIRFLOW_CTX_DAG_EMAIL='bi@example.com' AIRFLOW_CTX_DAG_OWNER='DE-team' AIRFLOW_CTX_DAG_ID='dataco_supply_chain_pipeline' AIRFLOW_CTX_TASK_ID='gx_create_checkpoint_staging' AIRFLOW_CTX_EXECUTION_DATE='2025-10-27T08:57:01.081751+00:00' AIRFLOW_CTX_TRY_NUMBER='1' AIRFLOW_CTX_DAG_RUN_ID='manual__2025-10-27T08:57:01.081751+00:00'
[2025-10-27T08:58:42.554+0000] {taskinstance.py:430} INFO - ::endgroup::
[2025-10-27T08:58:42.566+0000] {subprocess.py:63} INFO - Tmp dir root location: /tmp
[2025-10-27T08:58:42.568+0000] {subprocess.py:75} INFO - Running command: ['/usr/bin/bash', '-c', 'cd /workspace && python gx_scripts/create_supply_chain_checkpoint.py']
[2025-10-27T08:58:42.580+0000] {subprocess.py:86} INFO - Output:
[2025-10-27T08:58:49.141+0000] {subprocess.py:93} INFO - ✅ Checkpoint 'stg_supply_chain_checkpoint' is created.
[2025-10-27T08:58:50.274+0000] {subprocess.py:97} INFO - Command exited with return code 0
[2025-10-27T08:58:50.275+0000] {taskinstance.py:441} INFO - ::group::Post task execution logs
[2025-10-27T08:58:50.336+0000] {taskinstance.py:1206} INFO - Marking task as SUCCESS. dag_id=dataco_supply_chain_pipeline, task_id=gx_create_checkpoint_staging, run_id=manual__2025-10-27T08:57:01.081751+00:00, execution_date=20251027T085701, start_date=20251027T085842, end_date=20251027T085850
[2025-10-27T08:58:50.402+0000] {local_task_job_runner.py:243} INFO - Task exited with return code 0
[2025-10-27T08:58:50.491+0000] {taskinstance.py:3503} INFO - 1 downstream tasks scheduled from follow-on schedule check
[2025-10-27T08:58:50.495+0000] {local_task_job_runner.py:222} INFO - ::endgroup::
