[2025-10-24T14:15:43.780+0000] {processor.py:161} INFO - Started process (PID=233) to work on /opt/airflow/dags/pipeline_1.py
[2025-10-24T14:15:43.788+0000] {processor.py:830} INFO - Processing file /opt/airflow/dags/pipeline_1.py for tasks to queue
[2025-10-24T14:15:43.857+0000] {logging_mixin.py:188} INFO - [2025-10-24T14:15:43.849+0000] {dagbag.py:545} INFO - Filling up the DagBag from /opt/airflow/dags/pipeline_1.py
[2025-10-24T14:15:46.135+0000] {processor.py:840} INFO - DAG(s) 'dataco_supplychain_pipeline' retrieved from /opt/airflow/dags/pipeline_1.py
[2025-10-24T14:15:46.893+0000] {logging_mixin.py:188} INFO - [2025-10-24T14:15:46.891+0000] {override.py:1930} INFO - Created Permission View: can read on DAG:dataco_supplychain_pipeline
[2025-10-24T14:15:46.918+0000] {logging_mixin.py:188} INFO - [2025-10-24T14:15:46.917+0000] {override.py:1930} INFO - Created Permission View: can delete on DAG:dataco_supplychain_pipeline
[2025-10-24T14:15:46.930+0000] {logging_mixin.py:188} INFO - [2025-10-24T14:15:46.930+0000] {override.py:1930} INFO - Created Permission View: can edit on DAG:dataco_supplychain_pipeline
[2025-10-24T14:15:46.932+0000] {logging_mixin.py:188} INFO - [2025-10-24T14:15:46.932+0000] {dag.py:3089} INFO - Sync 1 DAGs
[2025-10-24T14:15:46.979+0000] {logging_mixin.py:188} INFO - [2025-10-24T14:15:46.978+0000] {dag.py:3111} INFO - Creating ORM DAG for dataco_supplychain_pipeline
[2025-10-24T14:15:46.983+0000] {logging_mixin.py:188} INFO - [2025-10-24T14:15:46.983+0000] {dag.py:3947} INFO - Setting next_dagrun for dataco_supplychain_pipeline to None, run_after=None
[2025-10-24T14:15:47.039+0000] {processor.py:183} INFO - Processing /opt/airflow/dags/pipeline_1.py took 3.408 seconds
[2025-10-24T14:16:17.366+0000] {processor.py:161} INFO - Started process (PID=245) to work on /opt/airflow/dags/pipeline_1.py
[2025-10-24T14:16:17.367+0000] {processor.py:830} INFO - Processing file /opt/airflow/dags/pipeline_1.py for tasks to queue
[2025-10-24T14:16:17.371+0000] {logging_mixin.py:188} INFO - [2025-10-24T14:16:17.370+0000] {dagbag.py:545} INFO - Filling up the DagBag from /opt/airflow/dags/pipeline_1.py
[2025-10-24T14:16:17.905+0000] {processor.py:840} INFO - DAG(s) 'dataco_supplychain_pipeline' retrieved from /opt/airflow/dags/pipeline_1.py
[2025-10-24T14:16:17.944+0000] {logging_mixin.py:188} INFO - [2025-10-24T14:16:17.943+0000] {dag.py:3089} INFO - Sync 1 DAGs
[2025-10-24T14:16:17.964+0000] {logging_mixin.py:188} INFO - [2025-10-24T14:16:17.964+0000] {dag.py:3947} INFO - Setting next_dagrun for dataco_supplychain_pipeline to None, run_after=None
[2025-10-24T14:16:18.001+0000] {processor.py:183} INFO - Processing /opt/airflow/dags/pipeline_1.py took 0.651 seconds
[2025-10-24T14:16:48.216+0000] {processor.py:161} INFO - Started process (PID=259) to work on /opt/airflow/dags/pipeline_1.py
[2025-10-24T14:16:48.218+0000] {processor.py:830} INFO - Processing file /opt/airflow/dags/pipeline_1.py for tasks to queue
[2025-10-24T14:16:48.221+0000] {logging_mixin.py:188} INFO - [2025-10-24T14:16:48.220+0000] {dagbag.py:545} INFO - Filling up the DagBag from /opt/airflow/dags/pipeline_1.py
[2025-10-24T14:16:48.873+0000] {processor.py:840} INFO - DAG(s) 'dataco_supplychain_pipeline' retrieved from /opt/airflow/dags/pipeline_1.py
[2025-10-24T14:16:48.925+0000] {logging_mixin.py:188} INFO - [2025-10-24T14:16:48.925+0000] {dag.py:3089} INFO - Sync 1 DAGs
[2025-10-24T14:16:48.951+0000] {logging_mixin.py:188} INFO - [2025-10-24T14:16:48.951+0000] {dag.py:3947} INFO - Setting next_dagrun for dataco_supplychain_pipeline to None, run_after=None
[2025-10-24T14:16:48.989+0000] {processor.py:183} INFO - Processing /opt/airflow/dags/pipeline_1.py took 0.791 seconds
[2025-10-24T14:16:58.149+0000] {processor.py:161} INFO - Started process (PID=273) to work on /opt/airflow/dags/pipeline_1.py
[2025-10-24T14:16:58.151+0000] {processor.py:830} INFO - Processing file /opt/airflow/dags/pipeline_1.py for tasks to queue
[2025-10-24T14:16:58.154+0000] {logging_mixin.py:188} INFO - [2025-10-24T14:16:58.154+0000] {dagbag.py:545} INFO - Filling up the DagBag from /opt/airflow/dags/pipeline_1.py
[2025-10-24T14:16:58.962+0000] {processor.py:840} INFO - DAG(s) 'dataco_supplychain_pipeline' retrieved from /opt/airflow/dags/pipeline_1.py
[2025-10-24T14:16:59.154+0000] {logging_mixin.py:188} INFO - [2025-10-24T14:16:59.153+0000] {dag.py:3089} INFO - Sync 1 DAGs
[2025-10-24T14:16:59.174+0000] {logging_mixin.py:188} INFO - [2025-10-24T14:16:59.173+0000] {dag.py:3947} INFO - Setting next_dagrun for dataco_supplychain_pipeline to None, run_after=None
[2025-10-24T14:16:59.227+0000] {processor.py:183} INFO - Processing /opt/airflow/dags/pipeline_1.py took 1.092 seconds
[2025-10-24T14:17:03.338+0000] {processor.py:161} INFO - Started process (PID=285) to work on /opt/airflow/dags/pipeline_1.py
[2025-10-24T14:17:03.339+0000] {processor.py:830} INFO - Processing file /opt/airflow/dags/pipeline_1.py for tasks to queue
[2025-10-24T14:17:03.342+0000] {logging_mixin.py:188} INFO - [2025-10-24T14:17:03.341+0000] {dagbag.py:545} INFO - Filling up the DagBag from /opt/airflow/dags/pipeline_1.py
[2025-10-24T14:17:04.210+0000] {processor.py:840} INFO - DAG(s) 'dataco_supplychain_pipeline' retrieved from /opt/airflow/dags/pipeline_1.py
[2025-10-24T14:17:04.239+0000] {logging_mixin.py:188} INFO - [2025-10-24T14:17:04.238+0000] {dag.py:3089} INFO - Sync 1 DAGs
[2025-10-24T14:17:04.263+0000] {logging_mixin.py:188} INFO - [2025-10-24T14:17:04.263+0000] {dag.py:3947} INFO - Setting next_dagrun for dataco_supplychain_pipeline to None, run_after=None
[2025-10-24T14:17:04.320+0000] {processor.py:183} INFO - Processing /opt/airflow/dags/pipeline_1.py took 0.993 seconds
[2025-10-24T14:17:34.617+0000] {processor.py:161} INFO - Started process (PID=297) to work on /opt/airflow/dags/pipeline_1.py
[2025-10-24T14:17:34.618+0000] {processor.py:830} INFO - Processing file /opt/airflow/dags/pipeline_1.py for tasks to queue
[2025-10-24T14:17:34.623+0000] {logging_mixin.py:188} INFO - [2025-10-24T14:17:34.622+0000] {dagbag.py:545} INFO - Filling up the DagBag from /opt/airflow/dags/pipeline_1.py
[2025-10-24T14:17:35.189+0000] {processor.py:840} INFO - DAG(s) 'dataco_supplychain_pipeline' retrieved from /opt/airflow/dags/pipeline_1.py
[2025-10-24T14:17:35.398+0000] {logging_mixin.py:188} INFO - [2025-10-24T14:17:35.397+0000] {dag.py:3089} INFO - Sync 1 DAGs
[2025-10-24T14:17:35.420+0000] {logging_mixin.py:188} INFO - [2025-10-24T14:17:35.420+0000] {dag.py:3947} INFO - Setting next_dagrun for dataco_supplychain_pipeline to None, run_after=None
[2025-10-24T14:17:35.454+0000] {processor.py:183} INFO - Processing /opt/airflow/dags/pipeline_1.py took 0.847 seconds
[2025-10-24T14:18:05.816+0000] {processor.py:161} INFO - Started process (PID=326) to work on /opt/airflow/dags/pipeline_1.py
[2025-10-24T14:18:05.822+0000] {processor.py:830} INFO - Processing file /opt/airflow/dags/pipeline_1.py for tasks to queue
[2025-10-24T14:18:05.827+0000] {logging_mixin.py:188} INFO - [2025-10-24T14:18:05.827+0000] {dagbag.py:545} INFO - Filling up the DagBag from /opt/airflow/dags/pipeline_1.py
[2025-10-24T14:18:07.907+0000] {processor.py:840} INFO - DAG(s) 'dataco_supplychain_pipeline' retrieved from /opt/airflow/dags/pipeline_1.py
[2025-10-24T14:18:08.376+0000] {logging_mixin.py:188} INFO - [2025-10-24T14:18:08.375+0000] {dag.py:3089} INFO - Sync 1 DAGs
[2025-10-24T14:18:08.590+0000] {logging_mixin.py:188} INFO - [2025-10-24T14:18:08.589+0000] {dag.py:3947} INFO - Setting next_dagrun for dataco_supplychain_pipeline to None, run_after=None
[2025-10-24T14:18:08.820+0000] {processor.py:183} INFO - Processing /opt/airflow/dags/pipeline_1.py took 3.014 seconds
[2025-10-24T14:18:39.230+0000] {processor.py:161} INFO - Started process (PID=346) to work on /opt/airflow/dags/pipeline_1.py
[2025-10-24T14:18:39.232+0000] {processor.py:830} INFO - Processing file /opt/airflow/dags/pipeline_1.py for tasks to queue
[2025-10-24T14:18:39.235+0000] {logging_mixin.py:188} INFO - [2025-10-24T14:18:39.235+0000] {dagbag.py:545} INFO - Filling up the DagBag from /opt/airflow/dags/pipeline_1.py
[2025-10-24T14:18:40.210+0000] {processor.py:840} INFO - DAG(s) 'dataco_supplychain_pipeline' retrieved from /opt/airflow/dags/pipeline_1.py
[2025-10-24T14:18:40.281+0000] {logging_mixin.py:188} INFO - [2025-10-24T14:18:40.281+0000] {dag.py:3089} INFO - Sync 1 DAGs
[2025-10-24T14:18:40.311+0000] {logging_mixin.py:188} INFO - [2025-10-24T14:18:40.310+0000] {dag.py:3947} INFO - Setting next_dagrun for dataco_supplychain_pipeline to None, run_after=None
[2025-10-24T14:18:40.390+0000] {processor.py:183} INFO - Processing /opt/airflow/dags/pipeline_1.py took 1.173 seconds
[2025-10-24T14:19:10.716+0000] {processor.py:161} INFO - Started process (PID=358) to work on /opt/airflow/dags/pipeline_1.py
[2025-10-24T14:19:10.717+0000] {processor.py:830} INFO - Processing file /opt/airflow/dags/pipeline_1.py for tasks to queue
[2025-10-24T14:19:10.721+0000] {logging_mixin.py:188} INFO - [2025-10-24T14:19:10.720+0000] {dagbag.py:545} INFO - Filling up the DagBag from /opt/airflow/dags/pipeline_1.py
[2025-10-24T14:19:11.449+0000] {processor.py:840} INFO - DAG(s) 'dataco_supplychain_pipeline' retrieved from /opt/airflow/dags/pipeline_1.py
[2025-10-24T14:19:11.513+0000] {logging_mixin.py:188} INFO - [2025-10-24T14:19:11.512+0000] {dag.py:3089} INFO - Sync 1 DAGs
[2025-10-24T14:19:11.556+0000] {logging_mixin.py:188} INFO - [2025-10-24T14:19:11.555+0000] {dag.py:3947} INFO - Setting next_dagrun for dataco_supplychain_pipeline to None, run_after=None
[2025-10-24T14:19:11.631+0000] {processor.py:183} INFO - Processing /opt/airflow/dags/pipeline_1.py took 0.929 seconds
[2025-10-24T14:19:42.203+0000] {processor.py:161} INFO - Started process (PID=370) to work on /opt/airflow/dags/pipeline_1.py
[2025-10-24T14:19:42.205+0000] {processor.py:830} INFO - Processing file /opt/airflow/dags/pipeline_1.py for tasks to queue
[2025-10-24T14:19:42.207+0000] {logging_mixin.py:188} INFO - [2025-10-24T14:19:42.207+0000] {dagbag.py:545} INFO - Filling up the DagBag from /opt/airflow/dags/pipeline_1.py
[2025-10-24T14:19:42.699+0000] {processor.py:840} INFO - DAG(s) 'dataco_supplychain_pipeline' retrieved from /opt/airflow/dags/pipeline_1.py
[2025-10-24T14:19:42.734+0000] {logging_mixin.py:188} INFO - [2025-10-24T14:19:42.734+0000] {dag.py:3089} INFO - Sync 1 DAGs
[2025-10-24T14:19:42.754+0000] {logging_mixin.py:188} INFO - [2025-10-24T14:19:42.753+0000] {dag.py:3947} INFO - Setting next_dagrun for dataco_supplychain_pipeline to None, run_after=None
[2025-10-24T14:19:42.787+0000] {processor.py:183} INFO - Processing /opt/airflow/dags/pipeline_1.py took 0.591 seconds
[2025-10-24T14:20:13.315+0000] {processor.py:161} INFO - Started process (PID=382) to work on /opt/airflow/dags/pipeline_1.py
[2025-10-24T14:20:13.317+0000] {processor.py:830} INFO - Processing file /opt/airflow/dags/pipeline_1.py for tasks to queue
[2025-10-24T14:20:13.319+0000] {logging_mixin.py:188} INFO - [2025-10-24T14:20:13.319+0000] {dagbag.py:545} INFO - Filling up the DagBag from /opt/airflow/dags/pipeline_1.py
[2025-10-24T14:20:14.005+0000] {processor.py:840} INFO - DAG(s) 'dataco_supplychain_pipeline' retrieved from /opt/airflow/dags/pipeline_1.py
[2025-10-24T14:20:14.048+0000] {logging_mixin.py:188} INFO - [2025-10-24T14:20:14.048+0000] {dag.py:3089} INFO - Sync 1 DAGs
[2025-10-24T14:20:14.068+0000] {logging_mixin.py:188} INFO - [2025-10-24T14:20:14.068+0000] {dag.py:3947} INFO - Setting next_dagrun for dataco_supplychain_pipeline to None, run_after=None
[2025-10-24T14:20:14.103+0000] {processor.py:183} INFO - Processing /opt/airflow/dags/pipeline_1.py took 0.804 seconds
[2025-10-24T14:20:44.462+0000] {processor.py:161} INFO - Started process (PID=394) to work on /opt/airflow/dags/pipeline_1.py
[2025-10-24T14:20:44.463+0000] {processor.py:830} INFO - Processing file /opt/airflow/dags/pipeline_1.py for tasks to queue
[2025-10-24T14:20:44.465+0000] {logging_mixin.py:188} INFO - [2025-10-24T14:20:44.465+0000] {dagbag.py:545} INFO - Filling up the DagBag from /opt/airflow/dags/pipeline_1.py
[2025-10-24T14:20:45.147+0000] {processor.py:840} INFO - DAG(s) 'dataco_supplychain_pipeline' retrieved from /opt/airflow/dags/pipeline_1.py
[2025-10-24T14:20:45.183+0000] {logging_mixin.py:188} INFO - [2025-10-24T14:20:45.182+0000] {dag.py:3089} INFO - Sync 1 DAGs
[2025-10-24T14:20:45.201+0000] {logging_mixin.py:188} INFO - [2025-10-24T14:20:45.201+0000] {dag.py:3947} INFO - Setting next_dagrun for dataco_supplychain_pipeline to None, run_after=None
[2025-10-24T14:20:45.238+0000] {processor.py:183} INFO - Processing /opt/airflow/dags/pipeline_1.py took 0.786 seconds
[2025-10-24T14:21:15.705+0000] {processor.py:161} INFO - Started process (PID=406) to work on /opt/airflow/dags/pipeline_1.py
[2025-10-24T14:21:15.707+0000] {processor.py:830} INFO - Processing file /opt/airflow/dags/pipeline_1.py for tasks to queue
[2025-10-24T14:21:15.720+0000] {logging_mixin.py:188} INFO - [2025-10-24T14:21:15.720+0000] {dagbag.py:545} INFO - Filling up the DagBag from /opt/airflow/dags/pipeline_1.py
[2025-10-24T14:21:16.478+0000] {processor.py:840} INFO - DAG(s) 'dataco_supplychain_pipeline' retrieved from /opt/airflow/dags/pipeline_1.py
[2025-10-24T14:21:16.544+0000] {logging_mixin.py:188} INFO - [2025-10-24T14:21:16.543+0000] {dag.py:3089} INFO - Sync 1 DAGs
[2025-10-24T14:21:16.576+0000] {logging_mixin.py:188} INFO - [2025-10-24T14:21:16.575+0000] {dag.py:3947} INFO - Setting next_dagrun for dataco_supplychain_pipeline to None, run_after=None
[2025-10-24T14:21:16.626+0000] {processor.py:183} INFO - Processing /opt/airflow/dags/pipeline_1.py took 0.936 seconds
[2025-10-24T14:21:47.221+0000] {processor.py:161} INFO - Started process (PID=418) to work on /opt/airflow/dags/pipeline_1.py
[2025-10-24T14:21:47.225+0000] {processor.py:830} INFO - Processing file /opt/airflow/dags/pipeline_1.py for tasks to queue
[2025-10-24T14:21:47.237+0000] {logging_mixin.py:188} INFO - [2025-10-24T14:21:47.234+0000] {dagbag.py:545} INFO - Filling up the DagBag from /opt/airflow/dags/pipeline_1.py
[2025-10-24T14:21:48.544+0000] {processor.py:840} INFO - DAG(s) 'dataco_supplychain_pipeline' retrieved from /opt/airflow/dags/pipeline_1.py
[2025-10-24T14:21:48.617+0000] {logging_mixin.py:188} INFO - [2025-10-24T14:21:48.617+0000] {dag.py:3089} INFO - Sync 1 DAGs
[2025-10-24T14:21:48.700+0000] {logging_mixin.py:188} INFO - [2025-10-24T14:21:48.699+0000] {dag.py:3947} INFO - Setting next_dagrun for dataco_supplychain_pipeline to None, run_after=None
[2025-10-24T14:21:48.807+0000] {processor.py:183} INFO - Processing /opt/airflow/dags/pipeline_1.py took 1.604 seconds
[2025-10-24T14:22:19.181+0000] {processor.py:161} INFO - Started process (PID=434) to work on /opt/airflow/dags/pipeline_1.py
[2025-10-24T14:22:19.183+0000] {processor.py:830} INFO - Processing file /opt/airflow/dags/pipeline_1.py for tasks to queue
[2025-10-24T14:22:19.186+0000] {logging_mixin.py:188} INFO - [2025-10-24T14:22:19.186+0000] {dagbag.py:545} INFO - Filling up the DagBag from /opt/airflow/dags/pipeline_1.py
[2025-10-24T14:22:19.923+0000] {processor.py:840} INFO - DAG(s) 'dataco_supplychain_pipeline' retrieved from /opt/airflow/dags/pipeline_1.py
[2025-10-24T14:22:19.988+0000] {logging_mixin.py:188} INFO - [2025-10-24T14:22:19.988+0000] {dag.py:3089} INFO - Sync 1 DAGs
[2025-10-24T14:22:20.025+0000] {logging_mixin.py:188} INFO - [2025-10-24T14:22:20.024+0000] {dag.py:3947} INFO - Setting next_dagrun for dataco_supplychain_pipeline to None, run_after=None
[2025-10-24T14:22:20.079+0000] {processor.py:183} INFO - Processing /opt/airflow/dags/pipeline_1.py took 0.915 seconds
[2025-10-24T14:22:50.613+0000] {processor.py:161} INFO - Started process (PID=446) to work on /opt/airflow/dags/pipeline_1.py
[2025-10-24T14:22:50.615+0000] {processor.py:830} INFO - Processing file /opt/airflow/dags/pipeline_1.py for tasks to queue
[2025-10-24T14:22:50.619+0000] {logging_mixin.py:188} INFO - [2025-10-24T14:22:50.619+0000] {dagbag.py:545} INFO - Filling up the DagBag from /opt/airflow/dags/pipeline_1.py
[2025-10-24T14:22:51.083+0000] {processor.py:840} INFO - DAG(s) 'dataco_supplychain_pipeline' retrieved from /opt/airflow/dags/pipeline_1.py
[2025-10-24T14:22:51.119+0000] {logging_mixin.py:188} INFO - [2025-10-24T14:22:51.118+0000] {dag.py:3089} INFO - Sync 1 DAGs
[2025-10-24T14:22:51.136+0000] {logging_mixin.py:188} INFO - [2025-10-24T14:22:51.136+0000] {dag.py:3947} INFO - Setting next_dagrun for dataco_supplychain_pipeline to None, run_after=None
[2025-10-24T14:22:51.166+0000] {processor.py:183} INFO - Processing /opt/airflow/dags/pipeline_1.py took 0.561 seconds
[2025-10-24T14:23:21.806+0000] {processor.py:161} INFO - Started process (PID=459) to work on /opt/airflow/dags/pipeline_1.py
[2025-10-24T14:23:21.839+0000] {processor.py:830} INFO - Processing file /opt/airflow/dags/pipeline_1.py for tasks to queue
[2025-10-24T14:23:21.942+0000] {logging_mixin.py:188} INFO - [2025-10-24T14:23:21.933+0000] {dagbag.py:545} INFO - Filling up the DagBag from /opt/airflow/dags/pipeline_1.py
[2025-10-24T14:23:24.224+0000] {processor.py:840} INFO - DAG(s) 'dataco_supplychain_pipeline' retrieved from /opt/airflow/dags/pipeline_1.py
[2025-10-24T14:23:24.464+0000] {logging_mixin.py:188} INFO - [2025-10-24T14:23:24.463+0000] {dag.py:3089} INFO - Sync 1 DAGs
[2025-10-24T14:23:24.582+0000] {logging_mixin.py:188} INFO - [2025-10-24T14:23:24.582+0000] {dag.py:3947} INFO - Setting next_dagrun for dataco_supplychain_pipeline to None, run_after=None
[2025-10-24T14:23:24.694+0000] {processor.py:183} INFO - Processing /opt/airflow/dags/pipeline_1.py took 2.991 seconds
[2025-10-24T14:23:54.922+0000] {processor.py:161} INFO - Started process (PID=473) to work on /opt/airflow/dags/pipeline_1.py
[2025-10-24T14:23:54.929+0000] {processor.py:830} INFO - Processing file /opt/airflow/dags/pipeline_1.py for tasks to queue
[2025-10-24T14:23:54.932+0000] {logging_mixin.py:188} INFO - [2025-10-24T14:23:54.931+0000] {dagbag.py:545} INFO - Filling up the DagBag from /opt/airflow/dags/pipeline_1.py
[2025-10-24T14:23:55.662+0000] {processor.py:840} INFO - DAG(s) 'dataco_supplychain_pipeline' retrieved from /opt/airflow/dags/pipeline_1.py
[2025-10-24T14:23:55.709+0000] {logging_mixin.py:188} INFO - [2025-10-24T14:23:55.709+0000] {dag.py:3089} INFO - Sync 1 DAGs
[2025-10-24T14:23:55.729+0000] {logging_mixin.py:188} INFO - [2025-10-24T14:23:55.728+0000] {dag.py:3947} INFO - Setting next_dagrun for dataco_supplychain_pipeline to None, run_after=None
[2025-10-24T14:23:55.769+0000] {processor.py:183} INFO - Processing /opt/airflow/dags/pipeline_1.py took 0.883 seconds
[2025-10-24T14:24:27.233+0000] {processor.py:161} INFO - Started process (PID=500) to work on /opt/airflow/dags/pipeline_1.py
[2025-10-24T14:24:27.241+0000] {processor.py:830} INFO - Processing file /opt/airflow/dags/pipeline_1.py for tasks to queue
[2025-10-24T14:24:27.281+0000] {logging_mixin.py:188} INFO - [2025-10-24T14:24:27.279+0000] {dagbag.py:545} INFO - Filling up the DagBag from /opt/airflow/dags/pipeline_1.py
[2025-10-24T14:24:29.143+0000] {processor.py:840} INFO - DAG(s) 'dataco_supplychain_pipeline' retrieved from /opt/airflow/dags/pipeline_1.py
[2025-10-24T14:24:29.437+0000] {logging_mixin.py:188} INFO - [2025-10-24T14:24:29.437+0000] {dag.py:3089} INFO - Sync 1 DAGs
[2025-10-24T14:24:29.525+0000] {logging_mixin.py:188} INFO - [2025-10-24T14:24:29.525+0000] {dag.py:3947} INFO - Setting next_dagrun for dataco_supplychain_pipeline to None, run_after=None
[2025-10-24T14:24:29.610+0000] {processor.py:183} INFO - Processing /opt/airflow/dags/pipeline_1.py took 2.522 seconds
[2025-10-24T14:25:00.111+0000] {processor.py:161} INFO - Started process (PID=514) to work on /opt/airflow/dags/pipeline_1.py
[2025-10-24T14:25:00.113+0000] {processor.py:830} INFO - Processing file /opt/airflow/dags/pipeline_1.py for tasks to queue
[2025-10-24T14:25:00.125+0000] {logging_mixin.py:188} INFO - [2025-10-24T14:25:00.125+0000] {dagbag.py:545} INFO - Filling up the DagBag from /opt/airflow/dags/pipeline_1.py
[2025-10-24T14:25:00.872+0000] {processor.py:840} INFO - DAG(s) 'dataco_supplychain_pipeline' retrieved from /opt/airflow/dags/pipeline_1.py
[2025-10-24T14:25:00.927+0000] {logging_mixin.py:188} INFO - [2025-10-24T14:25:00.926+0000] {dag.py:3089} INFO - Sync 1 DAGs
[2025-10-24T14:25:00.952+0000] {logging_mixin.py:188} INFO - [2025-10-24T14:25:00.952+0000] {dag.py:3947} INFO - Setting next_dagrun for dataco_supplychain_pipeline to None, run_after=None
[2025-10-24T14:25:00.990+0000] {processor.py:183} INFO - Processing /opt/airflow/dags/pipeline_1.py took 0.903 seconds
[2025-10-24T14:25:31.418+0000] {processor.py:161} INFO - Started process (PID=529) to work on /opt/airflow/dags/pipeline_1.py
[2025-10-24T14:25:31.421+0000] {processor.py:830} INFO - Processing file /opt/airflow/dags/pipeline_1.py for tasks to queue
[2025-10-24T14:25:31.427+0000] {logging_mixin.py:188} INFO - [2025-10-24T14:25:31.427+0000] {dagbag.py:545} INFO - Filling up the DagBag from /opt/airflow/dags/pipeline_1.py
[2025-10-24T14:25:32.252+0000] {processor.py:840} INFO - DAG(s) 'dataco_supplychain_pipeline' retrieved from /opt/airflow/dags/pipeline_1.py
[2025-10-24T14:25:32.348+0000] {logging_mixin.py:188} INFO - [2025-10-24T14:25:32.348+0000] {dag.py:3089} INFO - Sync 1 DAGs
[2025-10-24T14:25:32.401+0000] {logging_mixin.py:188} INFO - [2025-10-24T14:25:32.401+0000] {dag.py:3947} INFO - Setting next_dagrun for dataco_supplychain_pipeline to None, run_after=None
[2025-10-24T14:25:32.461+0000] {processor.py:183} INFO - Processing /opt/airflow/dags/pipeline_1.py took 1.061 seconds
[2025-10-24T14:26:02.895+0000] {processor.py:161} INFO - Started process (PID=542) to work on /opt/airflow/dags/pipeline_1.py
[2025-10-24T14:26:02.897+0000] {processor.py:830} INFO - Processing file /opt/airflow/dags/pipeline_1.py for tasks to queue
[2025-10-24T14:26:02.901+0000] {logging_mixin.py:188} INFO - [2025-10-24T14:26:02.900+0000] {dagbag.py:545} INFO - Filling up the DagBag from /opt/airflow/dags/pipeline_1.py
[2025-10-24T14:26:03.623+0000] {processor.py:840} INFO - DAG(s) 'dataco_supplychain_pipeline' retrieved from /opt/airflow/dags/pipeline_1.py
[2025-10-24T14:26:03.671+0000] {logging_mixin.py:188} INFO - [2025-10-24T14:26:03.671+0000] {dag.py:3089} INFO - Sync 1 DAGs
[2025-10-24T14:26:03.695+0000] {logging_mixin.py:188} INFO - [2025-10-24T14:26:03.694+0000] {dag.py:3947} INFO - Setting next_dagrun for dataco_supplychain_pipeline to None, run_after=None
[2025-10-24T14:26:03.733+0000] {processor.py:183} INFO - Processing /opt/airflow/dags/pipeline_1.py took 0.852 seconds
[2025-10-24T14:26:34.040+0000] {processor.py:161} INFO - Started process (PID=554) to work on /opt/airflow/dags/pipeline_1.py
[2025-10-24T14:26:34.042+0000] {processor.py:830} INFO - Processing file /opt/airflow/dags/pipeline_1.py for tasks to queue
[2025-10-24T14:26:34.044+0000] {logging_mixin.py:188} INFO - [2025-10-24T14:26:34.044+0000] {dagbag.py:545} INFO - Filling up the DagBag from /opt/airflow/dags/pipeline_1.py
[2025-10-24T14:26:34.581+0000] {processor.py:840} INFO - DAG(s) 'dataco_supplychain_pipeline' retrieved from /opt/airflow/dags/pipeline_1.py
[2025-10-24T14:26:34.620+0000] {logging_mixin.py:188} INFO - [2025-10-24T14:26:34.620+0000] {dag.py:3089} INFO - Sync 1 DAGs
[2025-10-24T14:26:34.640+0000] {logging_mixin.py:188} INFO - [2025-10-24T14:26:34.640+0000] {dag.py:3947} INFO - Setting next_dagrun for dataco_supplychain_pipeline to None, run_after=None
[2025-10-24T14:26:34.674+0000] {processor.py:183} INFO - Processing /opt/airflow/dags/pipeline_1.py took 0.643 seconds
[2025-10-24T14:27:04.966+0000] {processor.py:161} INFO - Started process (PID=581) to work on /opt/airflow/dags/pipeline_1.py
[2025-10-24T14:27:04.969+0000] {processor.py:830} INFO - Processing file /opt/airflow/dags/pipeline_1.py for tasks to queue
[2025-10-24T14:27:04.972+0000] {logging_mixin.py:188} INFO - [2025-10-24T14:27:04.972+0000] {dagbag.py:545} INFO - Filling up the DagBag from /opt/airflow/dags/pipeline_1.py
[2025-10-24T14:27:05.594+0000] {processor.py:840} INFO - DAG(s) 'dataco_supplychain_pipeline' retrieved from /opt/airflow/dags/pipeline_1.py
[2025-10-24T14:27:05.733+0000] {logging_mixin.py:188} INFO - [2025-10-24T14:27:05.733+0000] {dag.py:3089} INFO - Sync 1 DAGs
[2025-10-24T14:27:05.773+0000] {logging_mixin.py:188} INFO - [2025-10-24T14:27:05.773+0000] {dag.py:3947} INFO - Setting next_dagrun for dataco_supplychain_pipeline to None, run_after=None
[2025-10-24T14:27:05.877+0000] {processor.py:183} INFO - Processing /opt/airflow/dags/pipeline_1.py took 0.925 seconds
[2025-10-24T14:27:36.361+0000] {processor.py:161} INFO - Started process (PID=596) to work on /opt/airflow/dags/pipeline_1.py
[2025-10-24T14:27:36.363+0000] {processor.py:830} INFO - Processing file /opt/airflow/dags/pipeline_1.py for tasks to queue
[2025-10-24T14:27:36.366+0000] {logging_mixin.py:188} INFO - [2025-10-24T14:27:36.365+0000] {dagbag.py:545} INFO - Filling up the DagBag from /opt/airflow/dags/pipeline_1.py
[2025-10-24T14:27:37.218+0000] {processor.py:840} INFO - DAG(s) 'dataco_supplychain_pipeline' retrieved from /opt/airflow/dags/pipeline_1.py
[2025-10-24T14:27:37.279+0000] {logging_mixin.py:188} INFO - [2025-10-24T14:27:37.278+0000] {dag.py:3089} INFO - Sync 1 DAGs
[2025-10-24T14:27:37.327+0000] {logging_mixin.py:188} INFO - [2025-10-24T14:27:37.326+0000] {dag.py:3947} INFO - Setting next_dagrun for dataco_supplychain_pipeline to None, run_after=None
[2025-10-24T14:27:37.405+0000] {processor.py:183} INFO - Processing /opt/airflow/dags/pipeline_1.py took 1.059 seconds
[2025-10-24T14:28:07.800+0000] {processor.py:161} INFO - Started process (PID=609) to work on /opt/airflow/dags/pipeline_1.py
[2025-10-24T14:28:07.803+0000] {processor.py:830} INFO - Processing file /opt/airflow/dags/pipeline_1.py for tasks to queue
[2025-10-24T14:28:07.807+0000] {logging_mixin.py:188} INFO - [2025-10-24T14:28:07.807+0000] {dagbag.py:545} INFO - Filling up the DagBag from /opt/airflow/dags/pipeline_1.py
[2025-10-24T14:28:08.950+0000] {processor.py:840} INFO - DAG(s) 'dataco_supplychain_pipeline' retrieved from /opt/airflow/dags/pipeline_1.py
[2025-10-24T14:28:09.021+0000] {logging_mixin.py:188} INFO - [2025-10-24T14:28:09.020+0000] {dag.py:3089} INFO - Sync 1 DAGs
[2025-10-24T14:28:09.055+0000] {logging_mixin.py:188} INFO - [2025-10-24T14:28:09.055+0000] {dag.py:3947} INFO - Setting next_dagrun for dataco_supplychain_pipeline to None, run_after=None
[2025-10-24T14:28:09.108+0000] {processor.py:183} INFO - Processing /opt/airflow/dags/pipeline_1.py took 1.327 seconds
[2025-10-24T14:28:39.246+0000] {processor.py:161} INFO - Started process (PID=622) to work on /opt/airflow/dags/pipeline_1.py
[2025-10-24T14:28:39.247+0000] {processor.py:830} INFO - Processing file /opt/airflow/dags/pipeline_1.py for tasks to queue
[2025-10-24T14:28:39.250+0000] {logging_mixin.py:188} INFO - [2025-10-24T14:28:39.249+0000] {dagbag.py:545} INFO - Filling up the DagBag from /opt/airflow/dags/pipeline_1.py
[2025-10-24T14:28:39.871+0000] {processor.py:840} INFO - DAG(s) 'dataco_supplychain_pipeline' retrieved from /opt/airflow/dags/pipeline_1.py
[2025-10-24T14:28:39.914+0000] {logging_mixin.py:188} INFO - [2025-10-24T14:28:39.913+0000] {dag.py:3089} INFO - Sync 1 DAGs
[2025-10-24T14:28:39.935+0000] {logging_mixin.py:188} INFO - [2025-10-24T14:28:39.934+0000] {dag.py:3947} INFO - Setting next_dagrun for dataco_supplychain_pipeline to None, run_after=None
[2025-10-24T14:28:39.969+0000] {processor.py:183} INFO - Processing /opt/airflow/dags/pipeline_1.py took 0.731 seconds
[2025-10-24T14:29:10.125+0000] {processor.py:161} INFO - Started process (PID=634) to work on /opt/airflow/dags/pipeline_1.py
[2025-10-24T14:29:10.127+0000] {processor.py:830} INFO - Processing file /opt/airflow/dags/pipeline_1.py for tasks to queue
[2025-10-24T14:29:10.131+0000] {logging_mixin.py:188} INFO - [2025-10-24T14:29:10.131+0000] {dagbag.py:545} INFO - Filling up the DagBag from /opt/airflow/dags/pipeline_1.py
[2025-10-24T14:29:10.844+0000] {processor.py:840} INFO - DAG(s) 'dataco_supplychain_pipeline' retrieved from /opt/airflow/dags/pipeline_1.py
[2025-10-24T14:29:10.885+0000] {logging_mixin.py:188} INFO - [2025-10-24T14:29:10.885+0000] {dag.py:3089} INFO - Sync 1 DAGs
[2025-10-24T14:29:10.903+0000] {logging_mixin.py:188} INFO - [2025-10-24T14:29:10.903+0000] {dag.py:3947} INFO - Setting next_dagrun for dataco_supplychain_pipeline to None, run_after=None
[2025-10-24T14:29:10.937+0000] {processor.py:183} INFO - Processing /opt/airflow/dags/pipeline_1.py took 0.826 seconds
[2025-10-24T14:29:41.292+0000] {processor.py:161} INFO - Started process (PID=646) to work on /opt/airflow/dags/pipeline_1.py
[2025-10-24T14:29:41.293+0000] {processor.py:830} INFO - Processing file /opt/airflow/dags/pipeline_1.py for tasks to queue
[2025-10-24T14:29:41.298+0000] {logging_mixin.py:188} INFO - [2025-10-24T14:29:41.297+0000] {dagbag.py:545} INFO - Filling up the DagBag from /opt/airflow/dags/pipeline_1.py
[2025-10-24T14:29:42.124+0000] {processor.py:840} INFO - DAG(s) 'dataco_supplychain_pipeline' retrieved from /opt/airflow/dags/pipeline_1.py
[2025-10-24T14:29:42.163+0000] {logging_mixin.py:188} INFO - [2025-10-24T14:29:42.163+0000] {dag.py:3089} INFO - Sync 1 DAGs
[2025-10-24T14:29:42.185+0000] {logging_mixin.py:188} INFO - [2025-10-24T14:29:42.185+0000] {dag.py:3947} INFO - Setting next_dagrun for dataco_supplychain_pipeline to None, run_after=None
[2025-10-24T14:29:42.217+0000] {processor.py:183} INFO - Processing /opt/airflow/dags/pipeline_1.py took 0.935 seconds
[2025-10-24T14:30:13.124+0000] {processor.py:161} INFO - Started process (PID=658) to work on /opt/airflow/dags/pipeline_1.py
[2025-10-24T14:30:13.126+0000] {processor.py:830} INFO - Processing file /opt/airflow/dags/pipeline_1.py for tasks to queue
[2025-10-24T14:30:13.134+0000] {logging_mixin.py:188} INFO - [2025-10-24T14:30:13.134+0000] {dagbag.py:545} INFO - Filling up the DagBag from /opt/airflow/dags/pipeline_1.py
[2025-10-24T14:30:14.076+0000] {processor.py:840} INFO - DAG(s) 'dataco_supplychain_pipeline' retrieved from /opt/airflow/dags/pipeline_1.py
[2025-10-24T14:30:14.142+0000] {logging_mixin.py:188} INFO - [2025-10-24T14:30:14.141+0000] {dag.py:3089} INFO - Sync 1 DAGs
[2025-10-24T14:30:14.173+0000] {logging_mixin.py:188} INFO - [2025-10-24T14:30:14.173+0000] {dag.py:3947} INFO - Setting next_dagrun for dataco_supplychain_pipeline to None, run_after=None
[2025-10-24T14:30:14.242+0000] {processor.py:183} INFO - Processing /opt/airflow/dags/pipeline_1.py took 1.142 seconds
[2025-10-24T14:30:44.692+0000] {processor.py:161} INFO - Started process (PID=685) to work on /opt/airflow/dags/pipeline_1.py
[2025-10-24T14:30:44.694+0000] {processor.py:830} INFO - Processing file /opt/airflow/dags/pipeline_1.py for tasks to queue
[2025-10-24T14:30:44.697+0000] {logging_mixin.py:188} INFO - [2025-10-24T14:30:44.696+0000] {dagbag.py:545} INFO - Filling up the DagBag from /opt/airflow/dags/pipeline_1.py
[2025-10-24T14:30:45.512+0000] {processor.py:840} INFO - DAG(s) 'dataco_supplychain_pipeline' retrieved from /opt/airflow/dags/pipeline_1.py
[2025-10-24T14:30:45.583+0000] {logging_mixin.py:188} INFO - [2025-10-24T14:30:45.583+0000] {dag.py:3089} INFO - Sync 1 DAGs
[2025-10-24T14:30:45.610+0000] {logging_mixin.py:188} INFO - [2025-10-24T14:30:45.609+0000] {dag.py:3947} INFO - Setting next_dagrun for dataco_supplychain_pipeline to None, run_after=None
[2025-10-24T14:30:45.658+0000] {processor.py:183} INFO - Processing /opt/airflow/dags/pipeline_1.py took 0.977 seconds
[2025-10-24T14:31:15.955+0000] {processor.py:161} INFO - Started process (PID=698) to work on /opt/airflow/dags/pipeline_1.py
[2025-10-24T14:31:15.957+0000] {processor.py:830} INFO - Processing file /opt/airflow/dags/pipeline_1.py for tasks to queue
[2025-10-24T14:31:15.960+0000] {logging_mixin.py:188} INFO - [2025-10-24T14:31:15.959+0000] {dagbag.py:545} INFO - Filling up the DagBag from /opt/airflow/dags/pipeline_1.py
[2025-10-24T14:31:16.530+0000] {processor.py:840} INFO - DAG(s) 'dataco_supplychain_pipeline' retrieved from /opt/airflow/dags/pipeline_1.py
[2025-10-24T14:31:16.566+0000] {logging_mixin.py:188} INFO - [2025-10-24T14:31:16.566+0000] {dag.py:3089} INFO - Sync 1 DAGs
[2025-10-24T14:31:16.585+0000] {logging_mixin.py:188} INFO - [2025-10-24T14:31:16.585+0000] {dag.py:3947} INFO - Setting next_dagrun for dataco_supplychain_pipeline to None, run_after=None
[2025-10-24T14:31:16.616+0000] {processor.py:183} INFO - Processing /opt/airflow/dags/pipeline_1.py took 0.669 seconds
[2025-10-24T14:31:46.933+0000] {processor.py:161} INFO - Started process (PID=727) to work on /opt/airflow/dags/pipeline_1.py
[2025-10-24T14:31:46.934+0000] {processor.py:830} INFO - Processing file /opt/airflow/dags/pipeline_1.py for tasks to queue
[2025-10-24T14:31:46.937+0000] {logging_mixin.py:188} INFO - [2025-10-24T14:31:46.936+0000] {dagbag.py:545} INFO - Filling up the DagBag from /opt/airflow/dags/pipeline_1.py
[2025-10-24T14:31:47.798+0000] {processor.py:840} INFO - DAG(s) 'dataco_supplychain_pipeline' retrieved from /opt/airflow/dags/pipeline_1.py
[2025-10-24T14:31:47.850+0000] {logging_mixin.py:188} INFO - [2025-10-24T14:31:47.850+0000] {dag.py:3089} INFO - Sync 1 DAGs
[2025-10-24T14:31:47.871+0000] {logging_mixin.py:188} INFO - [2025-10-24T14:31:47.871+0000] {dag.py:3947} INFO - Setting next_dagrun for dataco_supplychain_pipeline to None, run_after=None
[2025-10-24T14:31:47.907+0000] {processor.py:183} INFO - Processing /opt/airflow/dags/pipeline_1.py took 0.982 seconds
[2025-10-24T14:32:18.214+0000] {processor.py:161} INFO - Started process (PID=739) to work on /opt/airflow/dags/pipeline_1.py
[2025-10-24T14:32:18.215+0000] {processor.py:830} INFO - Processing file /opt/airflow/dags/pipeline_1.py for tasks to queue
[2025-10-24T14:32:18.220+0000] {logging_mixin.py:188} INFO - [2025-10-24T14:32:18.218+0000] {dagbag.py:545} INFO - Filling up the DagBag from /opt/airflow/dags/pipeline_1.py
[2025-10-24T14:32:18.931+0000] {processor.py:840} INFO - DAG(s) 'dataco_supplychain_pipeline' retrieved from /opt/airflow/dags/pipeline_1.py
[2025-10-24T14:32:19.005+0000] {logging_mixin.py:188} INFO - [2025-10-24T14:32:19.004+0000] {dag.py:3089} INFO - Sync 1 DAGs
[2025-10-24T14:32:19.031+0000] {logging_mixin.py:188} INFO - [2025-10-24T14:32:19.030+0000] {dag.py:3947} INFO - Setting next_dagrun for dataco_supplychain_pipeline to None, run_after=None
[2025-10-24T14:32:19.081+0000] {processor.py:183} INFO - Processing /opt/airflow/dags/pipeline_1.py took 0.880 seconds
[2025-10-24T14:32:49.419+0000] {processor.py:161} INFO - Started process (PID=751) to work on /opt/airflow/dags/pipeline_1.py
[2025-10-24T14:32:49.421+0000] {processor.py:830} INFO - Processing file /opt/airflow/dags/pipeline_1.py for tasks to queue
[2025-10-24T14:32:49.424+0000] {logging_mixin.py:188} INFO - [2025-10-24T14:32:49.424+0000] {dagbag.py:545} INFO - Filling up the DagBag from /opt/airflow/dags/pipeline_1.py
[2025-10-24T14:32:50.073+0000] {processor.py:840} INFO - DAG(s) 'dataco_supplychain_pipeline' retrieved from /opt/airflow/dags/pipeline_1.py
[2025-10-24T14:32:50.114+0000] {logging_mixin.py:188} INFO - [2025-10-24T14:32:50.114+0000] {dag.py:3089} INFO - Sync 1 DAGs
[2025-10-24T14:32:50.136+0000] {logging_mixin.py:188} INFO - [2025-10-24T14:32:50.135+0000] {dag.py:3947} INFO - Setting next_dagrun for dataco_supplychain_pipeline to None, run_after=None
[2025-10-24T14:32:50.167+0000] {processor.py:183} INFO - Processing /opt/airflow/dags/pipeline_1.py took 0.757 seconds
[2025-10-24T14:33:20.317+0000] {processor.py:161} INFO - Started process (PID=763) to work on /opt/airflow/dags/pipeline_1.py
[2025-10-24T14:33:20.319+0000] {processor.py:830} INFO - Processing file /opt/airflow/dags/pipeline_1.py for tasks to queue
[2025-10-24T14:33:20.323+0000] {logging_mixin.py:188} INFO - [2025-10-24T14:33:20.322+0000] {dagbag.py:545} INFO - Filling up the DagBag from /opt/airflow/dags/pipeline_1.py
[2025-10-24T14:33:21.297+0000] {processor.py:840} INFO - DAG(s) 'dataco_supplychain_pipeline' retrieved from /opt/airflow/dags/pipeline_1.py
[2025-10-24T14:33:21.365+0000] {logging_mixin.py:188} INFO - [2025-10-24T14:33:21.364+0000] {dag.py:3089} INFO - Sync 1 DAGs
[2025-10-24T14:33:21.392+0000] {logging_mixin.py:188} INFO - [2025-10-24T14:33:21.392+0000] {dag.py:3947} INFO - Setting next_dagrun for dataco_supplychain_pipeline to None, run_after=None
[2025-10-24T14:33:21.463+0000] {processor.py:183} INFO - Processing /opt/airflow/dags/pipeline_1.py took 1.158 seconds
[2025-10-24T14:33:51.745+0000] {processor.py:161} INFO - Started process (PID=775) to work on /opt/airflow/dags/pipeline_1.py
[2025-10-24T14:33:51.747+0000] {processor.py:830} INFO - Processing file /opt/airflow/dags/pipeline_1.py for tasks to queue
[2025-10-24T14:33:51.750+0000] {logging_mixin.py:188} INFO - [2025-10-24T14:33:51.750+0000] {dagbag.py:545} INFO - Filling up the DagBag from /opt/airflow/dags/pipeline_1.py
[2025-10-24T14:33:52.888+0000] {processor.py:840} INFO - DAG(s) 'dataco_supplychain_pipeline' retrieved from /opt/airflow/dags/pipeline_1.py
[2025-10-24T14:33:52.964+0000] {logging_mixin.py:188} INFO - [2025-10-24T14:33:52.964+0000] {dag.py:3089} INFO - Sync 1 DAGs
[2025-10-24T14:33:52.998+0000] {logging_mixin.py:188} INFO - [2025-10-24T14:33:52.998+0000] {dag.py:3947} INFO - Setting next_dagrun for dataco_supplychain_pipeline to None, run_after=None
[2025-10-24T14:33:53.062+0000] {processor.py:183} INFO - Processing /opt/airflow/dags/pipeline_1.py took 1.336 seconds
[2025-10-24T14:34:23.307+0000] {processor.py:161} INFO - Started process (PID=787) to work on /opt/airflow/dags/pipeline_1.py
[2025-10-24T14:34:23.309+0000] {processor.py:830} INFO - Processing file /opt/airflow/dags/pipeline_1.py for tasks to queue
[2025-10-24T14:34:23.312+0000] {logging_mixin.py:188} INFO - [2025-10-24T14:34:23.311+0000] {dagbag.py:545} INFO - Filling up the DagBag from /opt/airflow/dags/pipeline_1.py
[2025-10-24T14:34:23.985+0000] {processor.py:840} INFO - DAG(s) 'dataco_supplychain_pipeline' retrieved from /opt/airflow/dags/pipeline_1.py
[2025-10-24T14:34:24.037+0000] {logging_mixin.py:188} INFO - [2025-10-24T14:34:24.036+0000] {dag.py:3089} INFO - Sync 1 DAGs
[2025-10-24T14:34:24.060+0000] {logging_mixin.py:188} INFO - [2025-10-24T14:34:24.060+0000] {dag.py:3947} INFO - Setting next_dagrun for dataco_supplychain_pipeline to None, run_after=None
[2025-10-24T14:34:24.093+0000] {processor.py:183} INFO - Processing /opt/airflow/dags/pipeline_1.py took 0.794 seconds
[2025-10-24T14:34:54.363+0000] {processor.py:161} INFO - Started process (PID=799) to work on /opt/airflow/dags/pipeline_1.py
[2025-10-24T14:34:54.365+0000] {processor.py:830} INFO - Processing file /opt/airflow/dags/pipeline_1.py for tasks to queue
[2025-10-24T14:34:54.370+0000] {logging_mixin.py:188} INFO - [2025-10-24T14:34:54.369+0000] {dagbag.py:545} INFO - Filling up the DagBag from /opt/airflow/dags/pipeline_1.py
[2025-10-24T14:34:54.955+0000] {processor.py:840} INFO - DAG(s) 'dataco_supplychain_pipeline' retrieved from /opt/airflow/dags/pipeline_1.py
[2025-10-24T14:34:55.013+0000] {logging_mixin.py:188} INFO - [2025-10-24T14:34:55.013+0000] {dag.py:3089} INFO - Sync 1 DAGs
[2025-10-24T14:34:55.040+0000] {logging_mixin.py:188} INFO - [2025-10-24T14:34:55.039+0000] {dag.py:3947} INFO - Setting next_dagrun for dataco_supplychain_pipeline to None, run_after=None
[2025-10-24T14:34:55.088+0000] {processor.py:183} INFO - Processing /opt/airflow/dags/pipeline_1.py took 0.738 seconds
[2025-10-24T14:35:25.404+0000] {processor.py:161} INFO - Started process (PID=811) to work on /opt/airflow/dags/pipeline_1.py
[2025-10-24T14:35:25.406+0000] {processor.py:830} INFO - Processing file /opt/airflow/dags/pipeline_1.py for tasks to queue
[2025-10-24T14:35:25.409+0000] {logging_mixin.py:188} INFO - [2025-10-24T14:35:25.408+0000] {dagbag.py:545} INFO - Filling up the DagBag from /opt/airflow/dags/pipeline_1.py
[2025-10-24T14:35:26.245+0000] {processor.py:840} INFO - DAG(s) 'dataco_supplychain_pipeline' retrieved from /opt/airflow/dags/pipeline_1.py
[2025-10-24T14:35:26.311+0000] {logging_mixin.py:188} INFO - [2025-10-24T14:35:26.311+0000] {dag.py:3089} INFO - Sync 1 DAGs
[2025-10-24T14:35:26.354+0000] {logging_mixin.py:188} INFO - [2025-10-24T14:35:26.353+0000] {dag.py:3947} INFO - Setting next_dagrun for dataco_supplychain_pipeline to None, run_after=None
[2025-10-24T14:35:26.409+0000] {processor.py:183} INFO - Processing /opt/airflow/dags/pipeline_1.py took 1.023 seconds
[2025-10-24T14:35:56.751+0000] {processor.py:161} INFO - Started process (PID=823) to work on /opt/airflow/dags/pipeline_1.py
[2025-10-24T14:35:56.752+0000] {processor.py:830} INFO - Processing file /opt/airflow/dags/pipeline_1.py for tasks to queue
[2025-10-24T14:35:56.755+0000] {logging_mixin.py:188} INFO - [2025-10-24T14:35:56.755+0000] {dagbag.py:545} INFO - Filling up the DagBag from /opt/airflow/dags/pipeline_1.py
[2025-10-24T14:35:57.529+0000] {processor.py:840} INFO - DAG(s) 'dataco_supplychain_pipeline' retrieved from /opt/airflow/dags/pipeline_1.py
[2025-10-24T14:35:57.604+0000] {logging_mixin.py:188} INFO - [2025-10-24T14:35:57.604+0000] {dag.py:3089} INFO - Sync 1 DAGs
[2025-10-24T14:35:57.631+0000] {logging_mixin.py:188} INFO - [2025-10-24T14:35:57.631+0000] {dag.py:3947} INFO - Setting next_dagrun for dataco_supplychain_pipeline to None, run_after=None
[2025-10-24T14:35:57.670+0000] {processor.py:183} INFO - Processing /opt/airflow/dags/pipeline_1.py took 0.928 seconds
[2025-10-24T14:36:27.982+0000] {processor.py:161} INFO - Started process (PID=835) to work on /opt/airflow/dags/pipeline_1.py
[2025-10-24T14:36:27.984+0000] {processor.py:830} INFO - Processing file /opt/airflow/dags/pipeline_1.py for tasks to queue
[2025-10-24T14:36:27.987+0000] {logging_mixin.py:188} INFO - [2025-10-24T14:36:27.986+0000] {dagbag.py:545} INFO - Filling up the DagBag from /opt/airflow/dags/pipeline_1.py
[2025-10-24T14:36:28.645+0000] {processor.py:840} INFO - DAG(s) 'dataco_supplychain_pipeline' retrieved from /opt/airflow/dags/pipeline_1.py
[2025-10-24T14:36:28.698+0000] {logging_mixin.py:188} INFO - [2025-10-24T14:36:28.698+0000] {dag.py:3089} INFO - Sync 1 DAGs
[2025-10-24T14:36:28.734+0000] {logging_mixin.py:188} INFO - [2025-10-24T14:36:28.733+0000] {dag.py:3947} INFO - Setting next_dagrun for dataco_supplychain_pipeline to None, run_after=None
[2025-10-24T14:36:28.777+0000] {processor.py:183} INFO - Processing /opt/airflow/dags/pipeline_1.py took 0.804 seconds
[2025-10-24T14:36:59.095+0000] {processor.py:161} INFO - Started process (PID=847) to work on /opt/airflow/dags/pipeline_1.py
[2025-10-24T14:36:59.096+0000] {processor.py:830} INFO - Processing file /opt/airflow/dags/pipeline_1.py for tasks to queue
[2025-10-24T14:36:59.099+0000] {logging_mixin.py:188} INFO - [2025-10-24T14:36:59.099+0000] {dagbag.py:545} INFO - Filling up the DagBag from /opt/airflow/dags/pipeline_1.py
[2025-10-24T14:36:59.583+0000] {processor.py:840} INFO - DAG(s) 'dataco_supplychain_pipeline' retrieved from /opt/airflow/dags/pipeline_1.py
[2025-10-24T14:36:59.636+0000] {logging_mixin.py:188} INFO - [2025-10-24T14:36:59.636+0000] {dag.py:3089} INFO - Sync 1 DAGs
[2025-10-24T14:36:59.662+0000] {logging_mixin.py:188} INFO - [2025-10-24T14:36:59.662+0000] {dag.py:3947} INFO - Setting next_dagrun for dataco_supplychain_pipeline to None, run_after=None
[2025-10-24T14:36:59.695+0000] {processor.py:183} INFO - Processing /opt/airflow/dags/pipeline_1.py took 0.611 seconds
[2025-10-24T14:37:30.443+0000] {processor.py:161} INFO - Started process (PID=859) to work on /opt/airflow/dags/pipeline_1.py
[2025-10-24T14:37:30.444+0000] {processor.py:830} INFO - Processing file /opt/airflow/dags/pipeline_1.py for tasks to queue
[2025-10-24T14:37:30.447+0000] {logging_mixin.py:188} INFO - [2025-10-24T14:37:30.446+0000] {dagbag.py:545} INFO - Filling up the DagBag from /opt/airflow/dags/pipeline_1.py
[2025-10-24T14:37:31.188+0000] {processor.py:840} INFO - DAG(s) 'dataco_supplychain_pipeline' retrieved from /opt/airflow/dags/pipeline_1.py
[2025-10-24T14:37:31.245+0000] {logging_mixin.py:188} INFO - [2025-10-24T14:37:31.244+0000] {dag.py:3089} INFO - Sync 1 DAGs
[2025-10-24T14:37:31.265+0000] {logging_mixin.py:188} INFO - [2025-10-24T14:37:31.265+0000] {dag.py:3947} INFO - Setting next_dagrun for dataco_supplychain_pipeline to None, run_after=None
[2025-10-24T14:37:31.297+0000] {processor.py:183} INFO - Processing /opt/airflow/dags/pipeline_1.py took 0.865 seconds
[2025-10-24T14:38:01.803+0000] {processor.py:161} INFO - Started process (PID=871) to work on /opt/airflow/dags/pipeline_1.py
[2025-10-24T14:38:01.806+0000] {processor.py:830} INFO - Processing file /opt/airflow/dags/pipeline_1.py for tasks to queue
[2025-10-24T14:38:01.809+0000] {logging_mixin.py:188} INFO - [2025-10-24T14:38:01.808+0000] {dagbag.py:545} INFO - Filling up the DagBag from /opt/airflow/dags/pipeline_1.py
[2025-10-24T14:38:02.992+0000] {processor.py:840} INFO - DAG(s) 'dataco_supplychain_pipeline' retrieved from /opt/airflow/dags/pipeline_1.py
[2025-10-24T14:38:03.068+0000] {logging_mixin.py:188} INFO - [2025-10-24T14:38:03.067+0000] {dag.py:3089} INFO - Sync 1 DAGs
[2025-10-24T14:38:03.118+0000] {logging_mixin.py:188} INFO - [2025-10-24T14:38:03.118+0000] {dag.py:3947} INFO - Setting next_dagrun for dataco_supplychain_pipeline to None, run_after=None
[2025-10-24T14:38:03.204+0000] {processor.py:183} INFO - Processing /opt/airflow/dags/pipeline_1.py took 1.417 seconds
[2025-10-24T14:38:34.147+0000] {processor.py:161} INFO - Started process (PID=883) to work on /opt/airflow/dags/pipeline_1.py
[2025-10-24T14:38:34.149+0000] {processor.py:830} INFO - Processing file /opt/airflow/dags/pipeline_1.py for tasks to queue
[2025-10-24T14:38:34.152+0000] {logging_mixin.py:188} INFO - [2025-10-24T14:38:34.152+0000] {dagbag.py:545} INFO - Filling up the DagBag from /opt/airflow/dags/pipeline_1.py
[2025-10-24T14:38:34.782+0000] {processor.py:840} INFO - DAG(s) 'dataco_supplychain_pipeline' retrieved from /opt/airflow/dags/pipeline_1.py
[2025-10-24T14:38:34.832+0000] {logging_mixin.py:188} INFO - [2025-10-24T14:38:34.832+0000] {dag.py:3089} INFO - Sync 1 DAGs
[2025-10-24T14:38:34.860+0000] {logging_mixin.py:188} INFO - [2025-10-24T14:38:34.860+0000] {dag.py:3947} INFO - Setting next_dagrun for dataco_supplychain_pipeline to None, run_after=None
[2025-10-24T14:38:34.897+0000] {processor.py:183} INFO - Processing /opt/airflow/dags/pipeline_1.py took 0.766 seconds
[2025-10-24T14:39:05.304+0000] {processor.py:161} INFO - Started process (PID=895) to work on /opt/airflow/dags/pipeline_1.py
[2025-10-24T14:39:05.305+0000] {processor.py:830} INFO - Processing file /opt/airflow/dags/pipeline_1.py for tasks to queue
[2025-10-24T14:39:05.308+0000] {logging_mixin.py:188} INFO - [2025-10-24T14:39:05.308+0000] {dagbag.py:545} INFO - Filling up the DagBag from /opt/airflow/dags/pipeline_1.py
[2025-10-24T14:39:06.094+0000] {processor.py:840} INFO - DAG(s) 'dataco_supplychain_pipeline' retrieved from /opt/airflow/dags/pipeline_1.py
[2025-10-24T14:39:06.155+0000] {logging_mixin.py:188} INFO - [2025-10-24T14:39:06.155+0000] {dag.py:3089} INFO - Sync 1 DAGs
[2025-10-24T14:39:06.189+0000] {logging_mixin.py:188} INFO - [2025-10-24T14:39:06.189+0000] {dag.py:3947} INFO - Setting next_dagrun for dataco_supplychain_pipeline to None, run_after=None
[2025-10-24T14:39:06.234+0000] {processor.py:183} INFO - Processing /opt/airflow/dags/pipeline_1.py took 0.943 seconds
[2025-10-24T14:39:36.575+0000] {processor.py:161} INFO - Started process (PID=924) to work on /opt/airflow/dags/pipeline_1.py
[2025-10-24T14:39:36.577+0000] {processor.py:830} INFO - Processing file /opt/airflow/dags/pipeline_1.py for tasks to queue
[2025-10-24T14:39:36.581+0000] {logging_mixin.py:188} INFO - [2025-10-24T14:39:36.581+0000] {dagbag.py:545} INFO - Filling up the DagBag from /opt/airflow/dags/pipeline_1.py
[2025-10-24T14:39:37.175+0000] {processor.py:840} INFO - DAG(s) 'dataco_supplychain_pipeline' retrieved from /opt/airflow/dags/pipeline_1.py
[2025-10-24T14:39:37.255+0000] {logging_mixin.py:188} INFO - [2025-10-24T14:39:37.254+0000] {dag.py:3089} INFO - Sync 1 DAGs
[2025-10-24T14:39:37.288+0000] {logging_mixin.py:188} INFO - [2025-10-24T14:39:37.287+0000] {dag.py:3947} INFO - Setting next_dagrun for dataco_supplychain_pipeline to None, run_after=None
[2025-10-24T14:39:37.347+0000] {processor.py:183} INFO - Processing /opt/airflow/dags/pipeline_1.py took 0.782 seconds
[2025-10-24T14:40:07.469+0000] {processor.py:161} INFO - Started process (PID=936) to work on /opt/airflow/dags/pipeline_1.py
[2025-10-24T14:40:07.470+0000] {processor.py:830} INFO - Processing file /opt/airflow/dags/pipeline_1.py for tasks to queue
[2025-10-24T14:40:07.472+0000] {logging_mixin.py:188} INFO - [2025-10-24T14:40:07.472+0000] {dagbag.py:545} INFO - Filling up the DagBag from /opt/airflow/dags/pipeline_1.py
[2025-10-24T14:40:08.127+0000] {processor.py:840} INFO - DAG(s) 'dataco_supplychain_pipeline' retrieved from /opt/airflow/dags/pipeline_1.py
[2025-10-24T14:40:08.190+0000] {logging_mixin.py:188} INFO - [2025-10-24T14:40:08.189+0000] {dag.py:3089} INFO - Sync 1 DAGs
[2025-10-24T14:40:08.225+0000] {logging_mixin.py:188} INFO - [2025-10-24T14:40:08.225+0000] {dag.py:3947} INFO - Setting next_dagrun for dataco_supplychain_pipeline to None, run_after=None
[2025-10-24T14:40:08.264+0000] {processor.py:183} INFO - Processing /opt/airflow/dags/pipeline_1.py took 0.822 seconds
[2025-10-24T14:40:38.681+0000] {processor.py:161} INFO - Started process (PID=948) to work on /opt/airflow/dags/pipeline_1.py
[2025-10-24T14:40:38.682+0000] {processor.py:830} INFO - Processing file /opt/airflow/dags/pipeline_1.py for tasks to queue
[2025-10-24T14:40:38.685+0000] {logging_mixin.py:188} INFO - [2025-10-24T14:40:38.685+0000] {dagbag.py:545} INFO - Filling up the DagBag from /opt/airflow/dags/pipeline_1.py
[2025-10-24T14:40:39.405+0000] {processor.py:840} INFO - DAG(s) 'dataco_supplychain_pipeline' retrieved from /opt/airflow/dags/pipeline_1.py
[2025-10-24T14:40:39.477+0000] {logging_mixin.py:188} INFO - [2025-10-24T14:40:39.477+0000] {dag.py:3089} INFO - Sync 1 DAGs
[2025-10-24T14:40:39.502+0000] {logging_mixin.py:188} INFO - [2025-10-24T14:40:39.502+0000] {dag.py:3947} INFO - Setting next_dagrun for dataco_supplychain_pipeline to None, run_after=None
[2025-10-24T14:40:39.537+0000] {processor.py:183} INFO - Processing /opt/airflow/dags/pipeline_1.py took 0.867 seconds
[2025-10-24T14:41:10.333+0000] {processor.py:161} INFO - Started process (PID=977) to work on /opt/airflow/dags/pipeline_1.py
[2025-10-24T14:41:10.335+0000] {processor.py:830} INFO - Processing file /opt/airflow/dags/pipeline_1.py for tasks to queue
[2025-10-24T14:41:10.339+0000] {logging_mixin.py:188} INFO - [2025-10-24T14:41:10.339+0000] {dagbag.py:545} INFO - Filling up the DagBag from /opt/airflow/dags/pipeline_1.py
[2025-10-24T14:41:12.097+0000] {processor.py:840} INFO - DAG(s) 'dataco_supplychain_pipeline' retrieved from /opt/airflow/dags/pipeline_1.py
[2025-10-24T14:41:12.411+0000] {logging_mixin.py:188} INFO - [2025-10-24T14:41:12.411+0000] {dag.py:3089} INFO - Sync 1 DAGs
[2025-10-24T14:41:12.442+0000] {logging_mixin.py:188} INFO - [2025-10-24T14:41:12.442+0000] {dag.py:3947} INFO - Setting next_dagrun for dataco_supplychain_pipeline to None, run_after=None
[2025-10-24T14:41:12.494+0000] {processor.py:183} INFO - Processing /opt/airflow/dags/pipeline_1.py took 2.184 seconds
[2025-10-24T14:41:42.644+0000] {processor.py:161} INFO - Started process (PID=989) to work on /opt/airflow/dags/pipeline_1.py
[2025-10-24T14:41:42.647+0000] {processor.py:830} INFO - Processing file /opt/airflow/dags/pipeline_1.py for tasks to queue
[2025-10-24T14:41:42.654+0000] {logging_mixin.py:188} INFO - [2025-10-24T14:41:42.653+0000] {dagbag.py:545} INFO - Filling up the DagBag from /opt/airflow/dags/pipeline_1.py
[2025-10-24T14:41:43.293+0000] {processor.py:840} INFO - DAG(s) 'dataco_supplychain_pipeline' retrieved from /opt/airflow/dags/pipeline_1.py
[2025-10-24T14:41:43.348+0000] {logging_mixin.py:188} INFO - [2025-10-24T14:41:43.348+0000] {dag.py:3089} INFO - Sync 1 DAGs
[2025-10-24T14:41:43.377+0000] {logging_mixin.py:188} INFO - [2025-10-24T14:41:43.377+0000] {dag.py:3947} INFO - Setting next_dagrun for dataco_supplychain_pipeline to None, run_after=None
[2025-10-24T14:41:43.421+0000] {processor.py:183} INFO - Processing /opt/airflow/dags/pipeline_1.py took 0.796 seconds
[2025-10-24T14:42:13.799+0000] {processor.py:161} INFO - Started process (PID=1001) to work on /opt/airflow/dags/pipeline_1.py
[2025-10-24T14:42:13.803+0000] {processor.py:830} INFO - Processing file /opt/airflow/dags/pipeline_1.py for tasks to queue
[2025-10-24T14:42:13.806+0000] {logging_mixin.py:188} INFO - [2025-10-24T14:42:13.805+0000] {dagbag.py:545} INFO - Filling up the DagBag from /opt/airflow/dags/pipeline_1.py
[2025-10-24T14:42:14.801+0000] {processor.py:840} INFO - DAG(s) 'dataco_supplychain_pipeline' retrieved from /opt/airflow/dags/pipeline_1.py
[2025-10-24T14:42:14.889+0000] {logging_mixin.py:188} INFO - [2025-10-24T14:42:14.888+0000] {dag.py:3089} INFO - Sync 1 DAGs
[2025-10-24T14:42:14.924+0000] {logging_mixin.py:188} INFO - [2025-10-24T14:42:14.923+0000] {dag.py:3947} INFO - Setting next_dagrun for dataco_supplychain_pipeline to None, run_after=None
[2025-10-24T14:42:14.978+0000] {processor.py:183} INFO - Processing /opt/airflow/dags/pipeline_1.py took 1.199 seconds
[2025-10-24T14:42:45.127+0000] {processor.py:161} INFO - Started process (PID=1013) to work on /opt/airflow/dags/pipeline_1.py
[2025-10-24T14:42:45.129+0000] {processor.py:830} INFO - Processing file /opt/airflow/dags/pipeline_1.py for tasks to queue
[2025-10-24T14:42:45.133+0000] {logging_mixin.py:188} INFO - [2025-10-24T14:42:45.132+0000] {dagbag.py:545} INFO - Filling up the DagBag from /opt/airflow/dags/pipeline_1.py
[2025-10-24T14:42:45.826+0000] {processor.py:840} INFO - DAG(s) 'dataco_supplychain_pipeline' retrieved from /opt/airflow/dags/pipeline_1.py
[2025-10-24T14:42:45.899+0000] {logging_mixin.py:188} INFO - [2025-10-24T14:42:45.898+0000] {dag.py:3089} INFO - Sync 1 DAGs
[2025-10-24T14:42:45.930+0000] {logging_mixin.py:188} INFO - [2025-10-24T14:42:45.930+0000] {dag.py:3947} INFO - Setting next_dagrun for dataco_supplychain_pipeline to None, run_after=None
[2025-10-24T14:42:45.975+0000] {processor.py:183} INFO - Processing /opt/airflow/dags/pipeline_1.py took 0.864 seconds
[2025-10-24T14:43:16.482+0000] {processor.py:161} INFO - Started process (PID=1025) to work on /opt/airflow/dags/pipeline_1.py
[2025-10-24T14:43:16.484+0000] {processor.py:830} INFO - Processing file /opt/airflow/dags/pipeline_1.py for tasks to queue
[2025-10-24T14:43:16.487+0000] {logging_mixin.py:188} INFO - [2025-10-24T14:43:16.486+0000] {dagbag.py:545} INFO - Filling up the DagBag from /opt/airflow/dags/pipeline_1.py
[2025-10-24T14:43:17.144+0000] {processor.py:840} INFO - DAG(s) 'dataco_supplychain_pipeline' retrieved from /opt/airflow/dags/pipeline_1.py
[2025-10-24T14:43:17.203+0000] {logging_mixin.py:188} INFO - [2025-10-24T14:43:17.202+0000] {dag.py:3089} INFO - Sync 1 DAGs
[2025-10-24T14:43:17.233+0000] {logging_mixin.py:188} INFO - [2025-10-24T14:43:17.233+0000] {dag.py:3947} INFO - Setting next_dagrun for dataco_supplychain_pipeline to None, run_after=None
[2025-10-24T14:43:17.284+0000] {processor.py:183} INFO - Processing /opt/airflow/dags/pipeline_1.py took 0.815 seconds
[2025-10-24T14:43:47.653+0000] {processor.py:161} INFO - Started process (PID=1037) to work on /opt/airflow/dags/pipeline_1.py
[2025-10-24T14:43:47.656+0000] {processor.py:830} INFO - Processing file /opt/airflow/dags/pipeline_1.py for tasks to queue
[2025-10-24T14:43:47.659+0000] {logging_mixin.py:188} INFO - [2025-10-24T14:43:47.658+0000] {dagbag.py:545} INFO - Filling up the DagBag from /opt/airflow/dags/pipeline_1.py
[2025-10-24T14:43:48.669+0000] {processor.py:840} INFO - DAG(s) 'dataco_supplychain_pipeline' retrieved from /opt/airflow/dags/pipeline_1.py
[2025-10-24T14:43:48.754+0000] {logging_mixin.py:188} INFO - [2025-10-24T14:43:48.753+0000] {dag.py:3089} INFO - Sync 1 DAGs
[2025-10-24T14:43:48.801+0000] {logging_mixin.py:188} INFO - [2025-10-24T14:43:48.801+0000] {dag.py:3947} INFO - Setting next_dagrun for dataco_supplychain_pipeline to None, run_after=None
[2025-10-24T14:43:48.859+0000] {processor.py:183} INFO - Processing /opt/airflow/dags/pipeline_1.py took 1.227 seconds
[2025-10-24T14:44:18.985+0000] {processor.py:161} INFO - Started process (PID=1066) to work on /opt/airflow/dags/pipeline_1.py
[2025-10-24T14:44:18.987+0000] {processor.py:830} INFO - Processing file /opt/airflow/dags/pipeline_1.py for tasks to queue
[2025-10-24T14:44:18.990+0000] {logging_mixin.py:188} INFO - [2025-10-24T14:44:18.990+0000] {dagbag.py:545} INFO - Filling up the DagBag from /opt/airflow/dags/pipeline_1.py
[2025-10-24T14:44:19.807+0000] {processor.py:840} INFO - DAG(s) 'dataco_supplychain_pipeline' retrieved from /opt/airflow/dags/pipeline_1.py
[2025-10-24T14:44:19.882+0000] {logging_mixin.py:188} INFO - [2025-10-24T14:44:19.881+0000] {dag.py:3089} INFO - Sync 1 DAGs
[2025-10-24T14:44:19.912+0000] {logging_mixin.py:188} INFO - [2025-10-24T14:44:19.912+0000] {dag.py:3947} INFO - Setting next_dagrun for dataco_supplychain_pipeline to None, run_after=None
[2025-10-24T14:44:19.962+0000] {processor.py:183} INFO - Processing /opt/airflow/dags/pipeline_1.py took 0.993 seconds
[2025-10-24T14:44:50.227+0000] {processor.py:161} INFO - Started process (PID=1078) to work on /opt/airflow/dags/pipeline_1.py
[2025-10-24T14:44:50.228+0000] {processor.py:830} INFO - Processing file /opt/airflow/dags/pipeline_1.py for tasks to queue
[2025-10-24T14:44:50.231+0000] {logging_mixin.py:188} INFO - [2025-10-24T14:44:50.230+0000] {dagbag.py:545} INFO - Filling up the DagBag from /opt/airflow/dags/pipeline_1.py
[2025-10-24T14:44:51.146+0000] {processor.py:840} INFO - DAG(s) 'dataco_supplychain_pipeline' retrieved from /opt/airflow/dags/pipeline_1.py
[2025-10-24T14:44:51.203+0000] {logging_mixin.py:188} INFO - [2025-10-24T14:44:51.202+0000] {dag.py:3089} INFO - Sync 1 DAGs
[2025-10-24T14:44:51.227+0000] {logging_mixin.py:188} INFO - [2025-10-24T14:44:51.227+0000] {dag.py:3947} INFO - Setting next_dagrun for dataco_supplychain_pipeline to None, run_after=None
[2025-10-24T14:44:51.279+0000] {processor.py:183} INFO - Processing /opt/airflow/dags/pipeline_1.py took 1.061 seconds
[2025-10-24T14:45:21.556+0000] {processor.py:161} INFO - Started process (PID=1090) to work on /opt/airflow/dags/pipeline_1.py
[2025-10-24T14:45:21.557+0000] {processor.py:830} INFO - Processing file /opt/airflow/dags/pipeline_1.py for tasks to queue
[2025-10-24T14:45:21.560+0000] {logging_mixin.py:188} INFO - [2025-10-24T14:45:21.560+0000] {dagbag.py:545} INFO - Filling up the DagBag from /opt/airflow/dags/pipeline_1.py
[2025-10-24T14:45:22.159+0000] {processor.py:840} INFO - DAG(s) 'dataco_supplychain_pipeline' retrieved from /opt/airflow/dags/pipeline_1.py
[2025-10-24T14:45:22.242+0000] {logging_mixin.py:188} INFO - [2025-10-24T14:45:22.242+0000] {dag.py:3089} INFO - Sync 1 DAGs
[2025-10-24T14:45:22.267+0000] {logging_mixin.py:188} INFO - [2025-10-24T14:45:22.267+0000] {dag.py:3947} INFO - Setting next_dagrun for dataco_supplychain_pipeline to None, run_after=None
[2025-10-24T14:45:22.305+0000] {processor.py:183} INFO - Processing /opt/airflow/dags/pipeline_1.py took 0.763 seconds
